{"/home/travis/build/oxyc/luaparse/gh-pages/luaparse/luaparse.js":{"path":"/home/travis/build/oxyc/luaparse/gh-pages/luaparse/luaparse.js","s":{"1":1,"2":1,"3":1,"4":1,"5":1,"6":0,"7":0,"8":0,"9":1,"10":1,"11":1,"12":0,"13":0,"14":1,"15":1,"16":1,"17":1,"18":1,"19":1,"20":1,"21":5,"22":72,"23":5,"24":136,"25":91,"26":99,"27":21,"28":27,"29":50,"30":198,"31":55,"32":391,"33":749,"34":250,"35":205,"36":60,"37":75,"38":1683,"39":3051,"40":1615,"41":1615,"42":20,"43":51,"44":220,"45":320,"46":306,"47":306,"48":55,"49":319,"50":174,"51":219,"52":90,"53":95,"54":46,"55":1,"56":10707,"57":4358,"58":4358,"59":4358,"60":10707,"61":8,"62":10707,"63":1,"64":2148,"65":635,"66":108,"67":2040,"68":1,"69":1325,"70":434,"71":103,"72":1222,"73":1,"74":491,"75":491,"76":1246,"77":491,"78":1,"79":1929,"80":1929,"81":3858,"82":3858,"83":26896,"84":26896,"85":1929,"86":1,"87":245,"88":245,"89":217,"90":217,"91":217,"92":217,"93":217,"94":28,"95":28,"96":28,"97":28,"98":28,"99":245,"100":1,"101":103,"102":1,"103":42,"104":42,"105":38,"106":38,"107":6,"108":6,"109":7,"110":7,"111":6,"112":6,"113":11,"114":11,"115":6,"116":6,"117":1,"118":1,"119":1,"120":37,"121":4,"122":1,"123":1,"124":1,"125":16144,"126":16144,"127":77,"128":76,"129":16143,"130":3599,"131":12544,"132":12544,"133":12544,"134":6093,"135":6451,"136":367,"137":1102,"138":277,"139":7,"140":270,"141":82,"142":54,"143":28,"144":188,"145":1122,"146":15,"147":1107,"148":25,"149":6,"150":5,"151":20,"152":6,"153":14,"154":21,"155":3,"156":2,"157":19,"158":6,"159":13,"160":32,"161":11,"162":21,"163":2,"164":19,"165":154,"166":31,"167":11,"168":143,"169":241,"170":41,"171":200,"172":33,"173":10,"174":5,"175":28,"176":10,"177":1,"178":3075,"179":4,"180":1,"181":12722,"182":12722,"183":96,"184":7,"185":96,"186":7,"187":96,"188":96,"189":96,"190":12626,"191":1,"192":16225,"193":19035,"194":19035,"195":6379,"196":12656,"197":12626,"198":1,"199":6093,"200":6093,"201":6093,"202":6093,"203":2888,"204":3205,"205":86,"206":86,"207":3119,"208":36,"209":36,"210":3083,"211":6093,"212":1,"213":4876,"214":4876,"215":1,"216":54,"217":54,"218":1,"219":367,"220":367,"221":1384,"222":1384,"223":350,"224":1034,"225":191,"226":177,"227":843,"228":3,"229":3,"230":350,"231":350,"232":1,"233":41,"234":38,"235":1,"236":37,"237":1,"238":1109,"239":1109,"240":1106,"241":1,"242":38,"243":38,"244":38,"245":1,"246":37,"247":38,"248":37,"249":37,"250":10,"251":10,"252":5,"253":10,"254":10,"255":37,"256":21,"257":21,"258":15,"259":21,"260":21,"261":1,"262":20,"263":20,"264":20,"265":20,"266":36,"267":1,"268":1071,"269":1077,"270":1071,"271":17,"272":17,"273":17,"274":1071,"275":21,"276":21,"277":10,"278":21,"279":1,"280":20,"281":20,"282":1070,"283":1,"284":51,"285":7,"286":44,"287":10,"288":34,"289":10,"290":24,"291":22,"292":2,"293":1,"294":57,"295":57,"296":1,"297":56,"298":1,"299":55,"300":47,"301":55,"302":55,"303":218,"304":218,"305":1,"306":54,"307":54,"308":3,"309":2,"310":1,"311":51,"312":51,"313":51,"314":2,"315":49,"316":1,"317":191,"318":191,"319":5,"320":5,"321":6,"322":6,"323":5,"324":5,"325":5,"326":5,"327":5,"328":5,"329":5,"330":5,"331":5,"332":5,"333":24,"334":24,"335":29,"336":66,"337":29,"338":29,"339":2,"340":27,"341":10,"342":5,"343":5,"344":5,"345":23,"346":13,"347":10,"348":10,"349":3,"350":67,"351":57,"352":16,"353":1,"354":26,"355":1,"356":77,"357":77,"358":77,"359":77,"360":36,"361":35,"362":5,"363":30,"364":76,"365":46,"366":313,"367":20,"368":293,"369":46,"370":28,"371":76,"372":46,"373":46,"374":16,"375":46,"376":31,"377":46,"378":1,"379":46,"380":1,"381":77,"382":77,"383":77,"384":37,"385":77,"386":6,"387":71,"388":71,"389":6,"390":71,"391":71,"392":651,"393":36,"394":651,"395":651,"396":81,"397":81,"398":56,"399":29,"400":81,"401":9,"402":651,"403":67,"404":67,"405":67,"406":4,"407":1,"408":14216,"409":14216,"410":14216,"411":1,"412":9293,"413":1540,"414":1540,"415":7753,"416":1,"417":3271,"418":3201,"419":70,"420":1,"421":19035,"422":1,"423":14599,"424":1,"425":2676,"426":1,"427":481,"428":1,"429":12544,"430":1,"431":15310,"432":1,"433":6093,"434":623,"435":1035,"436":235,"437":153,"438":82,"439":6,"440":76,"441":706,"442":235,"443":260,"444":2999,"445":1,"446":3062,"447":826,"448":2236,"449":121,"450":2115,"451":1,"452":256,"453":250,"454":6,"455":1,"456":4907,"457":1639,"458":3268,"459":1134,"460":2134,"461":722,"462":1412,"463":1,"464":1,"465":2269,"466":2269,"467":2269,"468":2,"469":1,"470":1946,"471":1946,"472":1946,"473":2,"474":1,"475":759,"476":1,"477":759,"478":44,"479":715,"480":1,"481":740,"482":740,"483":1,"484":2134,"485":1222,"486":2134,"487":1,"488":1389,"489":1,"490":1,"491":8030,"492":1,"493":8042,"494":4851,"495":8042,"496":7990,"497":1,"498":4358,"499":2367,"500":2367,"501":4358,"502":4330,"503":1,"504":4358,"505":2367,"506":2367,"507":4358,"508":4330,"509":1,"510":8254,"511":3742,"512":1,"513":3864,"514":1567,"515":1,"516":1927,"517":1927,"518":1927,"519":1541,"520":1927,"521":1690,"522":1304,"523":1690,"524":7,"525":1683,"526":14,"527":1683,"528":1,"529":2751,"530":2751,"531":2546,"532":137,"533":136,"534":2409,"535":2156,"536":2156,"537":2151,"538":2497,"539":1,"540":2546,"541":2546,"542":1412,"543":486,"544":486,"545":104,"546":104,"547":137,"548":137,"549":111,"550":111,"551":104,"552":62,"553":62,"554":164,"555":164,"556":64,"557":64,"558":72,"559":72,"560":205,"561":205,"562":6,"563":6,"564":1135,"565":93,"566":6,"567":1129,"568":520,"569":1129,"570":93,"571":5,"572":1124,"573":1,"574":6,"575":6,"576":5,"577":5,"578":6,"579":5,"580":1,"581":72,"582":1,"583":6,"584":5,"585":1,"586":205,"587":166,"588":205,"589":203,"590":164,"591":203,"592":198,"593":1,"594":62,"595":58,"596":55,"597":45,"598":55,"599":52,"600":42,"601":52,"602":50,"603":1,"604":64,"605":53,"606":64,"607":60,"608":57,"609":55,"610":44,"611":55,"612":1,"613":137,"614":137,"615":77,"616":77,"617":51,"618":77,"619":31,"620":30,"621":76,"622":136,"623":1,"624":104,"625":104,"626":50,"627":50,"628":104,"629":101,"630":99,"631":81,"632":99,"633":99,"634":81,"635":99,"636":99,"637":45,"638":99,"639":24,"640":24,"641":22,"642":21,"643":17,"644":21,"645":21,"646":17,"647":21,"648":21,"649":9,"650":96,"651":27,"652":12,"653":12,"654":27,"655":22,"656":27,"657":27,"658":22,"659":27,"660":96,"661":91,"662":1,"663":164,"664":158,"665":131,"666":131,"667":158,"668":70,"669":68,"670":66,"671":65,"672":64,"673":63,"674":61,"675":60,"676":48,"677":60,"678":88,"679":88,"680":42,"681":41,"682":33,"683":41,"684":87,"685":83,"686":83,"687":94,"688":91,"689":80,"690":79,"691":77,"692":75,"693":60,"694":75,"695":1,"696":486,"697":486,"698":396,"699":396,"700":466,"701":464,"702":394,"703":114,"704":150,"705":147,"706":391,"707":313,"708":365,"709":391,"710":90,"711":84,"712":81,"713":68,"714":68,"715":81,"716":6,"717":1,"718":838,"719":5,"720":1,"721":1124,"722":1124,"723":518,"724":1124,"725":1091,"726":25,"727":1066,"728":810,"729":810,"730":805,"731":29,"732":29,"733":1,"734":28,"735":28,"736":804,"737":801,"738":821,"739":769,"740":749,"741":749,"742":256,"743":250,"744":250,"745":6,"746":1,"747":3100,"748":3100,"749":3100,"750":23,"751":3077,"752":3051,"753":1,"754":250,"755":250,"756":236,"757":131,"758":242,"759":172,"760":172,"761":143,"762":172,"763":172,"764":103,"765":69,"766":61,"767":70,"768":49,"769":49,"770":45,"771":21,"772":211,"773":207,"774":205,"775":164,"776":205,"777":205,"778":1,"779":111,"780":111,"781":60,"782":111,"783":108,"784":91,"785":91,"786":108,"787":34,"788":34,"789":32,"790":106,"791":19,"792":19,"793":17,"794":17,"795":14,"796":104,"797":1,"798":341,"799":341,"800":532,"801":532,"802":25,"803":23,"804":22,"805":21,"806":20,"807":507,"808":143,"809":55,"810":55,"811":55,"812":51,"813":88,"814":88,"815":364,"816":231,"817":231,"818":132,"819":291,"820":191,"821":191,"822":100,"823":331,"824":320,"825":1,"826":2687,"827":2637,"828":1,"829":2025,"830":1976,"831":37,"832":1939,"833":1,"834":1724,"835":1724,"836":1188,"837":34,"838":58,"839":90,"840":2,"841":19,"842":18,"843":36,"844":536,"845":338,"846":5,"847":28,"848":29,"849":7,"850":22,"851":33,"852":35,"853":198,"854":19,"855":1318,"856":1,"857":3062,"858":3062,"859":1275,"860":3062,"861":59,"862":59,"863":59,"864":59,"865":4,"866":55,"867":3058,"868":3003,"869":2972,"870":1216,"871":3020,"872":516,"873":2504,"874":2504,"875":2810,"876":2810,"877":2810,"878":2494,"879":316,"880":62,"881":316,"882":316,"883":314,"884":8,"885":306,"886":91,"887":306,"888":2494,"889":1,"890":2369,"891":2369,"892":1068,"893":2369,"894":1668,"895":1668,"896":1642,"897":1298,"898":701,"899":159,"900":156,"901":154,"902":542,"903":1796,"904":1796,"905":2524,"906":1962,"907":175,"908":175,"909":175,"910":174,"911":174,"912":174,"913":152,"914":152,"915":152,"916":150,"917":150,"918":121,"919":121,"920":121,"921":120,"922":120,"923":120,"924":117,"925":219,"926":219,"927":217,"928":1295,"929":562,"930":70,"931":70,"932":492,"933":492,"934":1,"935":409,"936":312,"937":221,"938":221,"939":221,"940":221,"941":11,"942":221,"943":11,"944":10,"945":220,"946":219,"947":90,"948":90,"949":90,"950":90,"951":97,"952":95,"953":3,"954":1,"955":3147,"956":3147,"957":1313,"958":3147,"959":1615,"960":1615,"961":1615,"962":1615,"963":1532,"964":65,"965":65,"966":65,"967":54,"968":65,"969":1467,"970":251,"971":251,"972":1,"973":1,"974":1929,"975":1,"976":1,"977":1929,"978":30,"979":1929,"980":1929,"981":1929,"982":1929,"983":1929,"984":1929,"985":1929,"986":1929,"987":1929,"988":1929,"989":1929,"990":1,"991":1928,"992":1280,"993":1928,"994":1927,"995":1,"996":1,"997":1,"998":1,"999":1,"1000":1,"1001":1,"1002":1,"1003":1928,"1004":1,"1005":1928,"1006":1,"1007":1,"1008":1928,"1009":1928,"1010":1928,"1011":1927,"1012":1683,"1013":1035,"1014":1683,"1015":1297,"1016":1683,"1017":0,"1018":1683},"b":{"1":[1,1,1,1],"2":[1,1,1,1],"3":[1,1,1,1],"4":[1,1,1],"5":[1,0],"6":[1,1,0,0],"7":[0,1],"8":[1,0,0],"9":[0,0],"10":[0,0],"11":[1,0],"12":[1,1],"13":[1,0],"14":[378,1237],"15":[1064,173],"16":[84,89],"17":[35,54],"18":[37,269],"19":[306,289],"20":[4358,6349],"21":[8,10699],"22":[108,527],"23":[103,331],"24":[1246,0],"25":[26896,0],"26":[217,28],"27":[38,4],"28":[6,7,6,11,6,1,1],"29":[16220,121],"30":[3599,12544],"31":[6093,6451],"32":[93,367,106,730,997,1070,1085,1095,1100,1100,1102,1102,277,1122,25,21,32,154,241,33,3,10,34,68,68,666,1008,1333,1531,2152,2745,2983,2985,3029,3075],"33":[7,270],"34":[82,188],"35":[54,28],"36":[15,1107],"37":[6,19],"38":[5,1],"39":[6,14],"40":[3,18],"41":[2,1],"42":[6,13],"43":[11,21],"44":[2,19],"45":[21,20],"46":[31,123],"47":[154,123],"48":[11,20],"49":[41,200],"50":[241,205],"51":[10,23],"52":[5,5],"53":[1,9],"54":[10,10],"55":[96,12626],"56":[7,89],"57":[96,82],"58":[7,89],"59":[96,14],"60":[6379,12656],"61":[12626,30],"62":[2888,3205],"63":[86,3119],"64":[3205,3139],"65":[36,3083],"66":[350,1034],"67":[191,843],"68":[3,840],"69":[843,842],"70":[1,37],"71":[38,1071],"72":[1109,106],"73":[106,66],"74":[1,37],"75":[10,27],"76":[5,5],"77":[21,16],"78":[37,16],"79":[15,6],"80":[21,1],"81":[10,5],"82":[1,20],"83":[17,1054],"84":[21,1050],"85":[1071,309],"86":[10,11],"87":[21,1],"88":[1,20],"89":[7,44],"90":[10,34],"91":[10,24],"92":[22,2],"93":[1,56],"94":[1,55],"95":[1,217],"96":[3,51],"97":[2,1],"98":[3,2],"99":[2,49],"100":[5,6,5,5,5,5,5,12,24,6,11,17,18,18,18,18,18,28,29,10,23,67,16,21,21,26],"101":[95,66],"102":[2,27],"103":[5,5],"104":[10,5],"105":[13,10],"106":[23,15],"107":[10,3],"108":[13,12],"109":[57,10],"110":[1,15],"111":[16,15],"112":[36,41],"113":[5,30],"114":[46,30],"115":[20,293],"116":[28,18],"117":[46,30],"118":[16,30],"119":[31,15],"120":[1,45],"121":[6,71],"122":[6,65],"123":[36,615],"124":[81,570],"125":[29,27],"126":[9,72],"127":[67,584],"128":[1,3],"129":[1540,7753],"130":[3201,70],"131":[19035,19035,12656,12656],"132":[14599,14454],"133":[2676,1540],"134":[481,451,279,234,116,86],"135":[12544,7273,12544,6799,6451],"136":[15310,9578,15310,9292,6093,6093,677],"137":[623,1035,235,706,235,260],"138":[623,210,106,21],"139":[1035,1017,302,138],"140":[153,82],"141":[235,206],"142":[6,76],"143":[82,76],"144":[706,634,142,82],"145":[235,210,146],"146":[826,2236],"147":[121,2115],"148":[155,200,250],"149":[1639,3268],"150":[1134,2134],"151":[28,53,670,722,1412],"152":[2,2267],"153":[2,1944],"154":[1,758],"155":[44,715],"156":[1222,912],"157":[2134,1325],"158":[4851,3191],"159":[7990,52],"160":[2367,1991],"161":[2367,2174],"162":[2367,2350],"163":[4330,28],"164":[2367,1991],"165":[4330,28],"166":[3742,4512],"167":[1567,2297],"168":[1541,386],"169":[1304,386],"170":[7,1683],"171":[14,1669],"172":[1683,654],"173":[137,2409],"174":[2151,5],"175":[1412,1134],"176":[486,104,137,111,62,164,64,72,205,6],"177":[93,1042],"178":[6,87],"179":[520,609],"180":[93,1036],"181":[1129,1097],"182":[5,88],"183":[5,1],"184":[166,39],"185":[164,39],"186":[45,10],"187":[42,10],"188":[53,11],"189":[44,11],"190":[77,60],"191":[51,26],"192":[50,54],"193":[81,18],"194":[81,18],"195":[45,54],"196":[17,4],"197":[17,4],"198":[9,12],"199":[27,69],"200":[12,15],"201":[22,5],"202":[22,5],"203":[131,27],"204":[70,88],"205":[12,53],"206":[48,12],"207":[33,8],"208":[60,15],"209":[396,90],"210":[114,280],"211":[313,78],"212":[84,6],"213":[68,13],"214":[5,833],"215":[838,837],"216":[518,606],"217":[25,1066],"218":[810,256],"219":[1,28],"220":[250,6],"221":[23,3077],"222":[131,105],"223":[172,70],"224":[143,29],"225":[103,69],"226":[61,8],"227":[49,21],"228":[164,41],"229":[205,140],"230":[60,51],"231":[91,17],"232":[19,87],"233":[14,3],"234":[25,507],"235":[532,290],"236":[143,364],"237":[55,88],"238":[231,132],"239":[191,100],"240":[37,1939],"241":[1188,536],"242":[34,26,58,58,55,90,2,19,18,13,36],"243":[338,198],"244":[5,28,13,29,23,33,35],"245":[7,22],"246":[29,27],"247":[19,179],"248":[198,19],"249":[1275,1787],"250":[59,3003],"251":[4,55],"252":[3003,55],"253":[1216,1756],"254":[516,2504],"255":[1724,1086],"256":[2810,1527],"257":[2494,316],"258":[2810,406],"259":[62,254],"260":[316,282],"261":[8,306],"262":[91,215],"263":[1068,1301],"264":[1668,701],"265":[1298,344],"266":[159,542],"267":[1962,562],"268":[175,152,121,154,219,1295],"269":[70,492],"270":[312,97],"271":[221,90],"272":[11,210],"273":[95,2],"274":[1313,1834],"275":[1615,1532],"276":[65,1467],"277":[1532,93],"278":[54,11],"279":[251,1216],"280":[1,1928],"281":[1929,31],"282":[30,1899],"283":[1929,2],"284":[1,1928],"285":[1929,132,82],"286":[1280,648],"287":[1927,1],"288":[1,1927],"289":[1,1927],"290":[1928,1928],"291":[1928,1353],"292":[1035,648],"293":[1297,386],"294":[0,1683]},"f":{"1":1,"2":1,"3":5,"4":72,"5":5,"6":136,"7":91,"8":99,"9":21,"10":27,"11":50,"12":198,"13":55,"14":391,"15":749,"16":250,"17":205,"18":60,"19":75,"20":1683,"21":3051,"22":1615,"23":20,"24":51,"25":220,"26":320,"27":306,"28":55,"29":319,"30":174,"31":219,"32":90,"33":95,"34":46,"35":10707,"36":2148,"37":1325,"38":491,"39":1246,"40":1929,"41":245,"42":103,"43":42,"44":16144,"45":12722,"46":16225,"47":6093,"48":4876,"49":54,"50":367,"51":41,"52":1109,"53":38,"54":1071,"55":51,"56":57,"57":191,"58":77,"59":77,"60":14216,"61":9293,"62":3271,"63":19035,"64":14599,"65":2676,"66":481,"67":12544,"68":15310,"69":6093,"70":3062,"71":256,"72":4907,"73":2269,"74":1946,"75":759,"76":740,"77":2134,"78":1389,"79":8030,"80":8042,"81":4358,"82":4358,"83":8254,"84":3864,"85":1927,"86":2751,"87":2546,"88":6,"89":72,"90":6,"91":205,"92":62,"93":64,"94":137,"95":104,"96":164,"97":486,"98":838,"99":1124,"100":3100,"101":250,"102":111,"103":341,"104":2687,"105":2025,"106":1724,"107":3062,"108":2369,"109":409,"110":3147,"111":1929,"112":1,"113":1928,"114":1},"fnMap":{"1":{"name":"(anonymous_1)","line":3,"loc":{"start":{"line":3,"column":1},"end":{"line":3,"column":32}}},"2":{"name":"(anonymous_2)","line":53,"loc":{"start":{"line":53,"column":20},"end":{"line":53,"column":39}}},"3":{"name":"(anonymous_3)","line":129,"loc":{"start":{"line":129,"column":22},"end":{"line":129,"column":38}}},"4":{"name":"(anonymous_4)","line":136,"loc":{"start":{"line":136,"column":22},"end":{"line":136,"column":33}}},"5":{"name":"(anonymous_5)","line":142,"loc":{"start":{"line":142,"column":21},"end":{"line":142,"column":37}}},"6":{"name":"(anonymous_6)","line":149,"loc":{"start":{"line":149,"column":23},"end":{"line":149,"column":38}}},"7":{"name":"(anonymous_7)","line":156,"loc":{"start":{"line":156,"column":19},"end":{"line":156,"column":37}}},"8":{"name":"(anonymous_8)","line":162,"loc":{"start":{"line":162,"column":16},"end":{"line":162,"column":42}}},"9":{"name":"(anonymous_9)","line":169,"loc":{"start":{"line":169,"column":20},"end":{"line":169,"column":46}}},"10":{"name":"(anonymous_10)","line":176,"loc":{"start":{"line":176,"column":18},"end":{"line":176,"column":33}}},"11":{"name":"(anonymous_11)","line":183,"loc":{"start":{"line":183,"column":22},"end":{"line":183,"column":48}}},"12":{"name":"(anonymous_12)","line":191,"loc":{"start":{"line":191,"column":19},"end":{"line":191,"column":34}}},"13":{"name":"(anonymous_13)","line":198,"loc":{"start":{"line":198,"column":23},"end":{"line":198,"column":49}}},"14":{"name":"(anonymous_14)","line":206,"loc":{"start":{"line":206,"column":22},"end":{"line":206,"column":48}}},"15":{"name":"(anonymous_15)","line":214,"loc":{"start":{"line":214,"column":27},"end":{"line":214,"column":53}}},"16":{"name":"(anonymous_16)","line":222,"loc":{"start":{"line":222,"column":21},"end":{"line":222,"column":42}}},"17":{"name":"(anonymous_17)","line":229,"loc":{"start":{"line":229,"column":25},"end":{"line":229,"column":73}}},"18":{"name":"(anonymous_18)","line":239,"loc":{"start":{"line":239,"column":27},"end":{"line":239,"column":70}}},"19":{"name":"(anonymous_19)","line":250,"loc":{"start":{"line":250,"column":27},"end":{"line":250,"column":64}}},"20":{"name":"(anonymous_20)","line":259,"loc":{"start":{"line":259,"column":13},"end":{"line":259,"column":28}}},"21":{"name":"(anonymous_21)","line":266,"loc":{"start":{"line":266,"column":18},"end":{"line":266,"column":33}}},"22":{"name":"(anonymous_22)","line":273,"loc":{"start":{"line":273,"column":15},"end":{"line":273,"column":42}}},"23":{"name":"(anonymous_23)","line":287,"loc":{"start":{"line":287,"column":16},"end":{"line":287,"column":37}}},"24":{"name":"(anonymous_24)","line":294,"loc":{"start":{"line":294,"column":22},"end":{"line":294,"column":43}}},"25":{"name":"(anonymous_25)","line":301,"loc":{"start":{"line":301,"column":18},"end":{"line":301,"column":34}}},"26":{"name":"(anonymous_26)","line":309,"loc":{"start":{"line":309,"column":34},"end":{"line":309,"column":51}}},"27":{"name":"(anonymous_27)","line":315,"loc":{"start":{"line":315,"column":24},"end":{"line":315,"column":56}}},"28":{"name":"(anonymous_28)","line":327,"loc":{"start":{"line":327,"column":23},"end":{"line":327,"column":52}}},"29":{"name":"(anonymous_29)","line":334,"loc":{"start":{"line":334,"column":24},"end":{"line":334,"column":60}}},"30":{"name":"(anonymous_30)","line":343,"loc":{"start":{"line":343,"column":23},"end":{"line":343,"column":45}}},"31":{"name":"(anonymous_31)","line":351,"loc":{"start":{"line":351,"column":22},"end":{"line":351,"column":43}}},"32":{"name":"(anonymous_32)","line":359,"loc":{"start":{"line":359,"column":27},"end":{"line":359,"column":48}}},"33":{"name":"(anonymous_33)","line":367,"loc":{"start":{"line":367,"column":28},"end":{"line":367,"column":53}}},"34":{"name":"(anonymous_34)","line":375,"loc":{"start":{"line":375,"column":15},"end":{"line":375,"column":36}}},"35":{"name":"finishNode","line":386,"loc":{"start":{"line":386,"column":2},"end":{"line":386,"column":28}}},"36":{"name":"indexOf","line":403,"loc":{"start":{"line":403,"column":16},"end":{"line":403,"column":49}}},"37":{"name":"indexOfObject","line":413,"loc":{"start":{"line":413,"column":2},"end":{"line":413,"column":51}}},"38":{"name":"sprintf","line":428,"loc":{"start":{"line":428,"column":2},"end":{"line":428,"column":27}}},"39":{"name":"(anonymous_39)","line":430,"loc":{"start":{"line":430,"column":38},"end":{"line":430,"column":62}}},"40":{"name":"extend","line":443,"loc":{"start":{"line":443,"column":2},"end":{"line":443,"column":20}}},"41":{"name":"raise","line":474,"loc":{"start":{"line":474,"column":2},"end":{"line":474,"column":24}}},"42":{"name":"raiseUnexpectedToken","line":501,"loc":{"start":{"line":501,"column":2},"end":{"line":501,"column":45}}},"43":{"name":"unexpected","line":518,"loc":{"start":{"line":518,"column":2},"end":{"line":518,"column":29}}},"44":{"name":"lex","line":567,"loc":{"start":{"line":567,"column":2},"end":{"line":567,"column":17}}},"45":{"name":"consumeEOL","line":664,"loc":{"start":{"line":664,"column":2},"end":{"line":664,"column":24}}},"46":{"name":"skipWhiteSpace","line":680,"loc":{"start":{"line":680,"column":2},"end":{"line":680,"column":28}}},"47":{"name":"scanIdentifierOrKeyword","line":695,"loc":{"start":{"line":695,"column":2},"end":{"line":695,"column":37}}},"48":{"name":"scanPunctuator","line":728,"loc":{"start":{"line":728,"column":2},"end":{"line":728,"column":33}}},"49":{"name":"scanVarargLiteral","line":741,"loc":{"start":{"line":741,"column":2},"end":{"line":741,"column":31}}},"50":{"name":"scanStringLiteral","line":754,"loc":{"start":{"line":754,"column":2},"end":{"line":754,"column":31}}},"51":{"name":"scanLongStringLiteral","line":793,"loc":{"start":{"line":793,"column":2},"end":{"line":793,"column":35}}},"52":{"name":"scanNumericLiteral","line":817,"loc":{"start":{"line":817,"column":2},"end":{"line":817,"column":32}}},"53":{"name":"readHexLiteral","line":843,"loc":{"start":{"line":843,"column":2},"end":{"line":843,"column":28}}},"54":{"name":"readDecLiteral","line":900,"loc":{"start":{"line":900,"column":2},"end":{"line":900,"column":28}}},"55":{"name":"encodeUTF8","line":923,"loc":{"start":{"line":923,"column":2},"end":{"line":923,"column":33}}},"56":{"name":"readUnicodeEscapeSequence","line":949,"loc":{"start":{"line":949,"column":2},"end":{"line":949,"column":39}}},"57":{"name":"readEscapeSequence","line":1006,"loc":{"start":{"line":1006,"column":2},"end":{"line":1006,"column":32}}},"58":{"name":"scanComment","line":1079,"loc":{"start":{"line":1079,"column":2},"end":{"line":1079,"column":25}}},"59":{"name":"readLongString","line":1127,"loc":{"start":{"line":1127,"column":2},"end":{"line":1127,"column":37}}},"60":{"name":"next","line":1184,"loc":{"start":{"line":1184,"column":2},"end":{"line":1184,"column":18}}},"61":{"name":"consume","line":1193,"loc":{"start":{"line":1193,"column":2},"end":{"line":1193,"column":26}}},"62":{"name":"expect","line":1203,"loc":{"start":{"line":1203,"column":2},"end":{"line":1203,"column":25}}},"63":{"name":"isWhiteSpace","line":1210,"loc":{"start":{"line":1210,"column":2},"end":{"line":1210,"column":34}}},"64":{"name":"isLineTerminator","line":1214,"loc":{"start":{"line":1214,"column":2},"end":{"line":1214,"column":38}}},"65":{"name":"isDecDigit","line":1218,"loc":{"start":{"line":1218,"column":2},"end":{"line":1218,"column":32}}},"66":{"name":"isHexDigit","line":1222,"loc":{"start":{"line":1222,"column":2},"end":{"line":1222,"column":32}}},"67":{"name":"isIdentifierStart","line":1229,"loc":{"start":{"line":1229,"column":2},"end":{"line":1229,"column":39}}},"68":{"name":"isIdentifierPart","line":1233,"loc":{"start":{"line":1233,"column":2},"end":{"line":1233,"column":38}}},"69":{"name":"isKeyword","line":1241,"loc":{"start":{"line":1241,"column":2},"end":{"line":1241,"column":25}}},"70":{"name":"isUnary","line":1263,"loc":{"start":{"line":1263,"column":2},"end":{"line":1263,"column":26}}},"71":{"name":"isCallExpression","line":1270,"loc":{"start":{"line":1270,"column":2},"end":{"line":1270,"column":40}}},"72":{"name":"isBlockFollow","line":1282,"loc":{"start":{"line":1282,"column":2},"end":{"line":1282,"column":32}}},"73":{"name":"createScope","line":1306,"loc":{"start":{"line":1306,"column":2},"end":{"line":1306,"column":25}}},"74":{"name":"destroyScope","line":1313,"loc":{"start":{"line":1313,"column":2},"end":{"line":1313,"column":26}}},"75":{"name":"scopeIdentifierName","line":1320,"loc":{"start":{"line":1320,"column":2},"end":{"line":1320,"column":37}}},"76":{"name":"scopeIdentifier","line":1327,"loc":{"start":{"line":1327,"column":2},"end":{"line":1327,"column":33}}},"77":{"name":"attachScope","line":1334,"loc":{"start":{"line":1334,"column":2},"end":{"line":1334,"column":38}}},"78":{"name":"scopeHasName","line":1342,"loc":{"start":{"line":1342,"column":2},"end":{"line":1342,"column":30}}},"79":{"name":"createLocationMarker","line":1356,"loc":{"start":{"line":1356,"column":2},"end":{"line":1356,"column":34}}},"80":{"name":"Marker","line":1360,"loc":{"start":{"line":1360,"column":2},"end":{"line":1360,"column":25}}},"81":{"name":"(anonymous_81)","line":1378,"loc":{"start":{"line":1378,"column":30},"end":{"line":1378,"column":41}}},"82":{"name":"(anonymous_82)","line":1388,"loc":{"start":{"line":1388,"column":27},"end":{"line":1388,"column":43}}},"83":{"name":"markLocation","line":1411,"loc":{"start":{"line":1411,"column":2},"end":{"line":1411,"column":26}}},"84":{"name":"pushLocation","line":1416,"loc":{"start":{"line":1416,"column":2},"end":{"line":1416,"column":32}}},"85":{"name":"parseChunk","line":1427,"loc":{"start":{"line":1427,"column":2},"end":{"line":1427,"column":24}}},"86":{"name":"parseBlock","line":1444,"loc":{"start":{"line":1444,"column":2},"end":{"line":1444,"column":34}}},"87":{"name":"parseStatement","line":1471,"loc":{"start":{"line":1471,"column":2},"end":{"line":1471,"column":28}}},"88":{"name":"parseLabelStatement","line":1509,"loc":{"start":{"line":1509,"column":2},"end":{"line":1509,"column":33}}},"89":{"name":"parseBreakStatement","line":1524,"loc":{"start":{"line":1524,"column":2},"end":{"line":1524,"column":33}}},"90":{"name":"parseGotoStatement","line":1530,"loc":{"start":{"line":1530,"column":2},"end":{"line":1530,"column":32}}},"91":{"name":"parseDoStatement","line":1539,"loc":{"start":{"line":1539,"column":2},"end":{"line":1539,"column":30}}},"92":{"name":"parseWhileStatement","line":1549,"loc":{"start":{"line":1549,"column":2},"end":{"line":1549,"column":33}}},"93":{"name":"parseRepeatStatement","line":1561,"loc":{"start":{"line":1561,"column":2},"end":{"line":1561,"column":34}}},"94":{"name":"parseReturnStatement","line":1572,"loc":{"start":{"line":1572,"column":2},"end":{"line":1572,"column":34}}},"95":{"name":"parseIfStatement","line":1590,"loc":{"start":{"line":1590,"column":2},"end":{"line":1590,"column":30}}},"96":{"name":"parseForStatement","line":1644,"loc":{"start":{"line":1644,"column":2},"end":{"line":1644,"column":31}}},"97":{"name":"parseLocalStatement","line":1711,"loc":{"start":{"line":1711,"column":2},"end":{"line":1711,"column":33}}},"98":{"name":"validateVar","line":1757,"loc":{"start":{"line":1757,"column":2},"end":{"line":1757,"column":29}}},"99":{"name":"parseAssignmentOrCallStatement","line":1772,"loc":{"start":{"line":1772,"column":2},"end":{"line":1772,"column":44}}},"100":{"name":"parseIdentifier","line":1819,"loc":{"start":{"line":1819,"column":2},"end":{"line":1819,"column":29}}},"101":{"name":"parseFunctionDeclaration","line":1837,"loc":{"start":{"line":1837,"column":2},"end":{"line":1837,"column":51}}},"102":{"name":"parseFunctionName","line":1879,"loc":{"start":{"line":1879,"column":2},"end":{"line":1879,"column":31}}},"103":{"name":"parseTableConstructor","line":1912,"loc":{"start":{"line":1912,"column":2},"end":{"line":1912,"column":35}}},"104":{"name":"parseExpression","line":1966,"loc":{"start":{"line":1966,"column":2},"end":{"line":1966,"column":29}}},"105":{"name":"parseExpectedExpression","line":1973,"loc":{"start":{"line":1973,"column":2},"end":{"line":1973,"column":37}}},"106":{"name":"binaryPrecedence","line":1988,"loc":{"start":{"line":1988,"column":2},"end":{"line":1988,"column":38}}},"107":{"name":"parseSubExpression","line":2025,"loc":{"start":{"line":2025,"column":2},"end":{"line":2025,"column":45}}},"108":{"name":"parsePrefixExpression","line":2079,"loc":{"start":{"line":2079,"column":2},"end":{"line":2079,"column":35}}},"109":{"name":"parseCallExpression","line":2146,"loc":{"start":{"line":2146,"column":2},"end":{"line":2146,"column":37}}},"110":{"name":"parsePrimaryExpression","line":2180,"loc":{"start":{"line":2180,"column":2},"end":{"line":2180,"column":36}}},"111":{"name":"parse","line":2229,"loc":{"start":{"line":2229,"column":2},"end":{"line":2229,"column":35}}},"112":{"name":"write","line":2262,"loc":{"start":{"line":2262,"column":2},"end":{"line":2262,"column":25}}},"113":{"name":"end","line":2271,"loc":{"start":{"line":2271,"column":2},"end":{"line":2271,"column":23}}},"114":{"name":"(anonymous_114)","line":2275,"loc":{"start":{"line":2275,"column":75},"end":{"line":2275,"column":91}}}},"statementMap":{"1":{"start":{"line":3,"column":0},"end":{"line":2295,"column":4}},"2":{"start":{"line":7,"column":2},"end":{"line":19,"column":86}},"3":{"start":{"line":22,"column":2},"end":{"line":26,"column":3}},"4":{"start":{"line":25,"column":4},"end":{"line":25,"column":22}},"5":{"start":{"line":31,"column":2},"end":{"line":52,"column":3}},"6":{"start":{"line":35,"column":4},"end":{"line":35,"column":33},"skip":true},"7":{"start":{"line":38,"column":4},"end":{"line":38,"column":66},"skip":true},"8":{"start":{"line":38,"column":38},"end":{"line":38,"column":66},"skip":true},"9":{"start":{"line":42,"column":34},"end":{"line":52,"column":3}},"10":{"start":{"line":45,"column":4},"end":{"line":47,"column":30}},"11":{"start":{"line":45,"column":23},"end":{"line":45,"column":51}},"12":{"start":{"line":47,"column":9},"end":{"line":47,"column":30},"skip":true},"13":{"start":{"line":51,"column":4},"end":{"line":51,"column":31},"skip":true},"14":{"start":{"line":56,"column":2},"end":{"line":56,"column":28}},"15":{"start":{"line":58,"column":2},"end":{"line":58,"column":29}},"16":{"start":{"line":62,"column":2},"end":{"line":89,"column":4}},"17":{"start":{"line":94,"column":2},"end":{"line":96,"column":44}},"18":{"start":{"line":98,"column":2},"end":{"line":102,"column":4}},"19":{"start":{"line":107,"column":2},"end":{"line":121,"column":4}},"20":{"start":{"line":128,"column":2},"end":{"line":382,"column":4}},"21":{"start":{"line":130,"column":6},"end":{"line":133,"column":8}},"22":{"start":{"line":137,"column":6},"end":{"line":139,"column":8}},"23":{"start":{"line":143,"column":6},"end":{"line":146,"column":8}},"24":{"start":{"line":150,"column":6},"end":{"line":153,"column":8}},"25":{"start":{"line":157,"column":6},"end":{"line":160,"column":8}},"26":{"start":{"line":163,"column":6},"end":{"line":167,"column":8}},"27":{"start":{"line":170,"column":6},"end":{"line":174,"column":8}},"28":{"start":{"line":177,"column":6},"end":{"line":180,"column":8}},"29":{"start":{"line":184,"column":6},"end":{"line":188,"column":8}},"30":{"start":{"line":192,"column":6},"end":{"line":195,"column":8}},"31":{"start":{"line":199,"column":6},"end":{"line":203,"column":8}},"32":{"start":{"line":207,"column":6},"end":{"line":211,"column":8}},"33":{"start":{"line":215,"column":6},"end":{"line":219,"column":8}},"34":{"start":{"line":223,"column":6},"end":{"line":226,"column":8}},"35":{"start":{"line":230,"column":6},"end":{"line":236,"column":8}},"36":{"start":{"line":240,"column":6},"end":{"line":247,"column":8}},"37":{"start":{"line":251,"column":6},"end":{"line":256,"column":8}},"38":{"start":{"line":260,"column":6},"end":{"line":263,"column":8}},"39":{"start":{"line":267,"column":6},"end":{"line":270,"column":8}},"40":{"start":{"line":274,"column":6},"end":{"line":278,"column":26}},"41":{"start":{"line":280,"column":6},"end":{"line":284,"column":8}},"42":{"start":{"line":288,"column":6},"end":{"line":292,"column":8}},"43":{"start":{"line":295,"column":6},"end":{"line":299,"column":8}},"44":{"start":{"line":302,"column":6},"end":{"line":305,"column":8}},"45":{"start":{"line":310,"column":6},"end":{"line":313,"column":8}},"46":{"start":{"line":316,"column":6},"end":{"line":318,"column":27}},"47":{"start":{"line":320,"column":6},"end":{"line":325,"column":8}},"48":{"start":{"line":328,"column":6},"end":{"line":332,"column":8}},"49":{"start":{"line":335,"column":6},"end":{"line":340,"column":8}},"50":{"start":{"line":344,"column":6},"end":{"line":348,"column":8}},"51":{"start":{"line":352,"column":6},"end":{"line":356,"column":8}},"52":{"start":{"line":360,"column":6},"end":{"line":364,"column":8}},"53":{"start":{"line":368,"column":6},"end":{"line":372,"column":8}},"54":{"start":{"line":376,"column":6},"end":{"line":380,"column":8}},"55":{"start":{"line":386,"column":2},"end":{"line":395,"column":3}},"56":{"start":{"line":388,"column":4},"end":{"line":392,"column":5}},"57":{"start":{"line":389,"column":6},"end":{"line":389,"column":37}},"58":{"start":{"line":390,"column":6},"end":{"line":390,"column":26}},"59":{"start":{"line":391,"column":6},"end":{"line":391,"column":27}},"60":{"start":{"line":393,"column":4},"end":{"line":393,"column":57}},"61":{"start":{"line":393,"column":30},"end":{"line":393,"column":57}},"62":{"start":{"line":394,"column":4},"end":{"line":394,"column":16}},"63":{"start":{"line":401,"column":2},"end":{"line":408,"column":6}},"64":{"start":{"line":404,"column":6},"end":{"line":406,"column":7}},"65":{"start":{"line":405,"column":8},"end":{"line":405,"column":43}},"66":{"start":{"line":405,"column":34},"end":{"line":405,"column":43}},"67":{"start":{"line":407,"column":6},"end":{"line":407,"column":16}},"68":{"start":{"line":413,"column":2},"end":{"line":418,"column":3}},"69":{"start":{"line":414,"column":4},"end":{"line":416,"column":5}},"70":{"start":{"line":415,"column":6},"end":{"line":415,"column":51}},"71":{"start":{"line":415,"column":42},"end":{"line":415,"column":51}},"72":{"start":{"line":417,"column":4},"end":{"line":417,"column":14}},"73":{"start":{"line":428,"column":2},"end":{"line":434,"column":3}},"74":{"start":{"line":429,"column":4},"end":{"line":429,"column":40}},"75":{"start":{"line":430,"column":4},"end":{"line":432,"column":7}},"76":{"start":{"line":431,"column":6},"end":{"line":431,"column":67}},"77":{"start":{"line":433,"column":4},"end":{"line":433,"column":18}},"78":{"start":{"line":443,"column":2},"end":{"line":457,"column":3}},"79":{"start":{"line":444,"column":4},"end":{"line":446,"column":18}},"80":{"start":{"line":448,"column":4},"end":{"line":455,"column":5}},"81":{"start":{"line":449,"column":6},"end":{"line":449,"column":20}},"82":{"start":{"line":450,"column":6},"end":{"line":454,"column":9}},"83":{"start":{"line":452,"column":8},"end":{"line":454,"column":9}},"84":{"start":{"line":453,"column":10},"end":{"line":453,"column":33}},"85":{"start":{"line":456,"column":4},"end":{"line":456,"column":16}},"86":{"start":{"line":474,"column":2},"end":{"line":492,"column":3}},"87":{"start":{"line":475,"column":4},"end":{"line":476,"column":19}},"88":{"start":{"line":478,"column":4},"end":{"line":490,"column":5}},"89":{"start":{"line":479,"column":6},"end":{"line":479,"column":45}},"90":{"start":{"line":480,"column":6},"end":{"line":480,"column":79}},"91":{"start":{"line":481,"column":6},"end":{"line":481,"column":30}},"92":{"start":{"line":482,"column":6},"end":{"line":482,"column":35}},"93":{"start":{"line":483,"column":6},"end":{"line":483,"column":25}},"94":{"start":{"line":485,"column":6},"end":{"line":485,"column":34}},"95":{"start":{"line":486,"column":6},"end":{"line":486,"column":73}},"96":{"start":{"line":487,"column":6},"end":{"line":487,"column":26}},"97":{"start":{"line":488,"column":6},"end":{"line":488,"column":24}},"98":{"start":{"line":489,"column":6},"end":{"line":489,"column":25}},"99":{"start":{"line":491,"column":4},"end":{"line":491,"column":16}},"100":{"start":{"line":501,"column":2},"end":{"line":503,"column":3}},"101":{"start":{"line":502,"column":4},"end":{"line":502,"column":58}},"102":{"start":{"line":518,"column":2},"end":{"line":535,"column":3}},"103":{"start":{"line":519,"column":4},"end":{"line":519,"column":31}},"104":{"start":{"line":520,"column":4},"end":{"line":533,"column":5}},"105":{"start":{"line":521,"column":6},"end":{"line":521,"column":15}},"106":{"start":{"line":522,"column":6},"end":{"line":531,"column":7}},"107":{"start":{"line":523,"column":30},"end":{"line":523,"column":46}},"108":{"start":{"line":523,"column":52},"end":{"line":523,"column":58}},"109":{"start":{"line":524,"column":30},"end":{"line":524,"column":47}},"110":{"start":{"line":524,"column":52},"end":{"line":524,"column":58}},"111":{"start":{"line":525,"column":30},"end":{"line":525,"column":50}},"112":{"start":{"line":525,"column":52},"end":{"line":525,"column":58}},"113":{"start":{"line":526,"column":30},"end":{"line":526,"column":46}},"114":{"start":{"line":526,"column":52},"end":{"line":526,"column":58}},"115":{"start":{"line":527,"column":30},"end":{"line":527,"column":46}},"116":{"start":{"line":527,"column":52},"end":{"line":527,"column":58}},"117":{"start":{"line":528,"column":30},"end":{"line":528,"column":47}},"118":{"start":{"line":528,"column":52},"end":{"line":528,"column":58}},"119":{"start":{"line":530,"column":10},"end":{"line":530,"column":72}},"120":{"start":{"line":532,"column":6},"end":{"line":532,"column":70}},"121":{"start":{"line":534,"column":4},"end":{"line":534,"column":66}},"122":{"start":{"line":556,"column":2},"end":{"line":563,"column":16}},"123":{"start":{"line":565,"column":2},"end":{"line":565,"column":20}},"124":{"start":{"line":567,"column":2},"end":{"line":658,"column":3}},"125":{"start":{"line":568,"column":4},"end":{"line":568,"column":21}},"126":{"start":{"line":571,"column":4},"end":{"line":575,"column":5}},"127":{"start":{"line":573,"column":6},"end":{"line":573,"column":20}},"128":{"start":{"line":574,"column":6},"end":{"line":574,"column":23}},"129":{"start":{"line":576,"column":4},"end":{"line":582,"column":6}},"130":{"start":{"line":576,"column":25},"end":{"line":582,"column":6}},"131":{"start":{"line":584,"column":4},"end":{"line":585,"column":43}},"132":{"start":{"line":588,"column":4},"end":{"line":588,"column":23}},"133":{"start":{"line":589,"column":4},"end":{"line":589,"column":70}},"134":{"start":{"line":589,"column":37},"end":{"line":589,"column":70}},"135":{"start":{"line":591,"column":4},"end":{"line":655,"column":5}},"136":{"start":{"line":593,"column":8},"end":{"line":593,"column":35}},"137":{"start":{"line":597,"column":8},"end":{"line":597,"column":36}},"138":{"start":{"line":601,"column":8},"end":{"line":601,"column":58}},"139":{"start":{"line":601,"column":30},"end":{"line":601,"column":58}},"140":{"start":{"line":602,"column":8},"end":{"line":605,"column":9}},"141":{"start":{"line":603,"column":10},"end":{"line":603,"column":77}},"142":{"start":{"line":603,"column":50},"end":{"line":603,"column":77}},"143":{"start":{"line":604,"column":10},"end":{"line":604,"column":38}},"144":{"start":{"line":606,"column":8},"end":{"line":606,"column":35}},"145":{"start":{"line":609,"column":8},"end":{"line":609,"column":53}},"146":{"start":{"line":609,"column":25},"end":{"line":609,"column":53}},"147":{"start":{"line":610,"column":8},"end":{"line":610,"column":35}},"148":{"start":{"line":613,"column":8},"end":{"line":614,"column":55}},"149":{"start":{"line":614,"column":10},"end":{"line":614,"column":55}},"150":{"start":{"line":614,"column":27},"end":{"line":614,"column":55}},"151":{"start":{"line":615,"column":8},"end":{"line":615,"column":53}},"152":{"start":{"line":615,"column":25},"end":{"line":615,"column":53}},"153":{"start":{"line":616,"column":8},"end":{"line":616,"column":35}},"154":{"start":{"line":619,"column":8},"end":{"line":620,"column":55}},"155":{"start":{"line":620,"column":10},"end":{"line":620,"column":55}},"156":{"start":{"line":620,"column":27},"end":{"line":620,"column":55}},"157":{"start":{"line":621,"column":8},"end":{"line":621,"column":53}},"158":{"start":{"line":621,"column":25},"end":{"line":621,"column":53}},"159":{"start":{"line":622,"column":8},"end":{"line":622,"column":35}},"160":{"start":{"line":625,"column":8},"end":{"line":625,"column":53}},"161":{"start":{"line":625,"column":25},"end":{"line":625,"column":53}},"162":{"start":{"line":626,"column":8},"end":{"line":627,"column":16}},"163":{"start":{"line":627,"column":10},"end":{"line":627,"column":16}},"164":{"start":{"line":628,"column":8},"end":{"line":628,"column":35}},"165":{"start":{"line":631,"column":8},"end":{"line":632,"column":55}},"166":{"start":{"line":632,"column":10},"end":{"line":632,"column":55}},"167":{"start":{"line":632,"column":27},"end":{"line":632,"column":55}},"168":{"start":{"line":633,"column":8},"end":{"line":633,"column":35}},"169":{"start":{"line":637,"column":8},"end":{"line":637,"column":71}},"170":{"start":{"line":637,"column":40},"end":{"line":637,"column":71}},"171":{"start":{"line":638,"column":8},"end":{"line":638,"column":35}},"172":{"start":{"line":642,"column":8},"end":{"line":643,"column":55}},"173":{"start":{"line":643,"column":10},"end":{"line":643,"column":55}},"174":{"start":{"line":643,"column":27},"end":{"line":643,"column":55}},"175":{"start":{"line":644,"column":8},"end":{"line":644,"column":35}},"176":{"start":{"line":647,"column":8},"end":{"line":648,"column":16}},"177":{"start":{"line":648,"column":10},"end":{"line":648,"column":16}},"178":{"start":{"line":654,"column":8},"end":{"line":654,"column":51}},"179":{"start":{"line":657,"column":4},"end":{"line":657,"column":43}},"180":{"start":{"line":664,"column":2},"end":{"line":678,"column":3}},"181":{"start":{"line":665,"column":4},"end":{"line":666,"column":51}},"182":{"start":{"line":668,"column":4},"end":{"line":676,"column":5}},"183":{"start":{"line":670,"column":6},"end":{"line":670,"column":58}},"184":{"start":{"line":670,"column":50},"end":{"line":670,"column":58}},"185":{"start":{"line":671,"column":6},"end":{"line":671,"column":58}},"186":{"start":{"line":671,"column":50},"end":{"line":671,"column":58}},"187":{"start":{"line":672,"column":6},"end":{"line":672,"column":13}},"188":{"start":{"line":673,"column":6},"end":{"line":673,"column":26}},"189":{"start":{"line":675,"column":6},"end":{"line":675,"column":18}},"190":{"start":{"line":677,"column":4},"end":{"line":677,"column":17}},"191":{"start":{"line":680,"column":2},"end":{"line":689,"column":3}},"192":{"start":{"line":681,"column":4},"end":{"line":688,"column":5}},"193":{"start":{"line":682,"column":6},"end":{"line":682,"column":45}},"194":{"start":{"line":683,"column":6},"end":{"line":687,"column":7}},"195":{"start":{"line":684,"column":8},"end":{"line":684,"column":16}},"196":{"start":{"line":685,"column":13},"end":{"line":687,"column":7}},"197":{"start":{"line":686,"column":8},"end":{"line":686,"column":14}},"198":{"start":{"line":695,"column":2},"end":{"line":723,"column":3}},"199":{"start":{"line":696,"column":4},"end":{"line":696,"column":20}},"200":{"start":{"line":700,"column":4},"end":{"line":700,"column":56}},"201":{"start":{"line":701,"column":4},"end":{"line":701,"column":43}},"202":{"start":{"line":704,"column":4},"end":{"line":714,"column":5}},"203":{"start":{"line":705,"column":6},"end":{"line":705,"column":21}},"204":{"start":{"line":706,"column":11},"end":{"line":714,"column":5}},"205":{"start":{"line":707,"column":6},"end":{"line":707,"column":28}},"206":{"start":{"line":708,"column":6},"end":{"line":708,"column":33}},"207":{"start":{"line":709,"column":11},"end":{"line":714,"column":5}},"208":{"start":{"line":710,"column":6},"end":{"line":710,"column":24}},"209":{"start":{"line":711,"column":6},"end":{"line":711,"column":19}},"210":{"start":{"line":713,"column":6},"end":{"line":713,"column":24}},"211":{"start":{"line":716,"column":4},"end":{"line":722,"column":6}},"212":{"start":{"line":728,"column":2},"end":{"line":737,"column":3}},"213":{"start":{"line":729,"column":4},"end":{"line":729,"column":26}},"214":{"start":{"line":730,"column":4},"end":{"line":736,"column":6}},"215":{"start":{"line":741,"column":2},"end":{"line":750,"column":3}},"216":{"start":{"line":742,"column":4},"end":{"line":742,"column":15}},"217":{"start":{"line":743,"column":4},"end":{"line":749,"column":6}},"218":{"start":{"line":754,"column":2},"end":{"line":787,"column":3}},"219":{"start":{"line":755,"column":4},"end":{"line":760,"column":17}},"220":{"start":{"line":762,"column":4},"end":{"line":775,"column":5}},"221":{"start":{"line":763,"column":6},"end":{"line":763,"column":43}},"222":{"start":{"line":764,"column":6},"end":{"line":764,"column":40}},"223":{"start":{"line":764,"column":34},"end":{"line":764,"column":40}},"224":{"start":{"line":765,"column":6},"end":{"line":774,"column":7}},"225":{"start":{"line":766,"column":8},"end":{"line":766,"column":77}},"226":{"start":{"line":767,"column":8},"end":{"line":767,"column":28}},"227":{"start":{"line":771,"column":11},"end":{"line":774,"column":7}},"228":{"start":{"line":772,"column":8},"end":{"line":772,"column":54}},"229":{"start":{"line":773,"column":8},"end":{"line":773,"column":83}},"230":{"start":{"line":776,"column":4},"end":{"line":776,"column":50}},"231":{"start":{"line":778,"column":4},"end":{"line":786,"column":6}},"232":{"start":{"line":793,"column":2},"end":{"line":809,"column":3}},"233":{"start":{"line":794,"column":4},"end":{"line":796,"column":39}},"234":{"start":{"line":798,"column":4},"end":{"line":798,"column":74}},"235":{"start":{"line":798,"column":26},"end":{"line":798,"column":74}},"236":{"start":{"line":800,"column":4},"end":{"line":808,"column":6}},"237":{"start":{"line":817,"column":2},"end":{"line":831,"column":3}},"238":{"start":{"line":818,"column":4},"end":{"line":819,"column":39}},"239":{"start":{"line":821,"column":4},"end":{"line":822,"column":42}},"240":{"start":{"line":824,"column":4},"end":{"line":830,"column":6}},"241":{"start":{"line":843,"column":2},"end":{"line":894,"column":3}},"242":{"start":{"line":844,"column":4},"end":{"line":847,"column":56}},"243":{"start":{"line":849,"column":4},"end":{"line":849,"column":28}},"244":{"start":{"line":852,"column":4},"end":{"line":853,"column":72}},"245":{"start":{"line":853,"column":6},"end":{"line":853,"column":72}},"246":{"start":{"line":855,"column":4},"end":{"line":855,"column":56}},"247":{"start":{"line":855,"column":48},"end":{"line":855,"column":56}},"248":{"start":{"line":857,"column":4},"end":{"line":857,"column":57}},"249":{"start":{"line":860,"column":4},"end":{"line":870,"column":5}},"250":{"start":{"line":861,"column":6},"end":{"line":861,"column":30}},"251":{"start":{"line":863,"column":6},"end":{"line":863,"column":58}},"252":{"start":{"line":863,"column":50},"end":{"line":863,"column":58}},"253":{"start":{"line":864,"column":6},"end":{"line":864,"column":51}},"254":{"start":{"line":868,"column":6},"end":{"line":869,"column":71}},"255":{"start":{"line":873,"column":4},"end":{"line":891,"column":5}},"256":{"start":{"line":874,"column":6},"end":{"line":874,"column":14}},"257":{"start":{"line":877,"column":6},"end":{"line":878,"column":62}},"258":{"start":{"line":878,"column":8},"end":{"line":878,"column":62}},"259":{"start":{"line":880,"column":6},"end":{"line":880,"column":28}},"260":{"start":{"line":883,"column":6},"end":{"line":884,"column":74}},"261":{"start":{"line":884,"column":8},"end":{"line":884,"column":74}},"262":{"start":{"line":886,"column":6},"end":{"line":886,"column":58}},"263":{"start":{"line":886,"column":50},"end":{"line":886,"column":58}},"264":{"start":{"line":887,"column":6},"end":{"line":887,"column":57}},"265":{"start":{"line":890,"column":6},"end":{"line":890,"column":64}},"266":{"start":{"line":893,"column":4},"end":{"line":893,"column":47}},"267":{"start":{"line":900,"column":2},"end":{"line":921,"column":3}},"268":{"start":{"line":901,"column":4},"end":{"line":901,"column":56}},"269":{"start":{"line":901,"column":48},"end":{"line":901,"column":56}},"270":{"start":{"line":903,"column":4},"end":{"line":907,"column":5}},"271":{"start":{"line":904,"column":6},"end":{"line":904,"column":14}},"272":{"start":{"line":906,"column":6},"end":{"line":906,"column":58}},"273":{"start":{"line":906,"column":50},"end":{"line":906,"column":58}},"274":{"start":{"line":909,"column":4},"end":{"line":918,"column":5}},"275":{"start":{"line":910,"column":6},"end":{"line":910,"column":14}},"276":{"start":{"line":912,"column":6},"end":{"line":912,"column":66}},"277":{"start":{"line":912,"column":58},"end":{"line":912,"column":66}},"278":{"start":{"line":914,"column":6},"end":{"line":915,"column":74}},"279":{"start":{"line":915,"column":8},"end":{"line":915,"column":74}},"280":{"start":{"line":917,"column":6},"end":{"line":917,"column":58}},"281":{"start":{"line":917,"column":50},"end":{"line":917,"column":58}},"282":{"start":{"line":920,"column":4},"end":{"line":920,"column":54}},"283":{"start":{"line":923,"column":2},"end":{"line":947,"column":3}},"284":{"start":{"line":924,"column":4},"end":{"line":946,"column":5}},"285":{"start":{"line":925,"column":6},"end":{"line":925,"column":44}},"286":{"start":{"line":926,"column":11},"end":{"line":946,"column":5}},"287":{"start":{"line":927,"column":6},"end":{"line":930,"column":8}},"288":{"start":{"line":931,"column":11},"end":{"line":946,"column":5}},"289":{"start":{"line":932,"column":6},"end":{"line":936,"column":8}},"290":{"start":{"line":937,"column":11},"end":{"line":946,"column":5}},"291":{"start":{"line":938,"column":6},"end":{"line":943,"column":8}},"292":{"start":{"line":945,"column":6},"end":{"line":945,"column":18}},"293":{"start":{"line":949,"column":2},"end":{"line":1003,"column":3}},"294":{"start":{"line":950,"column":4},"end":{"line":950,"column":32}},"295":{"start":{"line":952,"column":4},"end":{"line":953,"column":85}},"296":{"start":{"line":953,"column":6},"end":{"line":953,"column":85}},"297":{"start":{"line":954,"column":4},"end":{"line":955,"column":91}},"298":{"start":{"line":955,"column":6},"end":{"line":955,"column":91}},"299":{"start":{"line":957,"column":4},"end":{"line":957,"column":53}},"300":{"start":{"line":957,"column":45},"end":{"line":957,"column":53}},"301":{"start":{"line":958,"column":4},"end":{"line":958,"column":25}},"302":{"start":{"line":960,"column":4},"end":{"line":964,"column":5}},"303":{"start":{"line":961,"column":6},"end":{"line":961,"column":14}},"304":{"start":{"line":962,"column":6},"end":{"line":963,"column":86}},"305":{"start":{"line":963,"column":8},"end":{"line":963,"column":86}},"306":{"start":{"line":966,"column":4},"end":{"line":966,"column":34}},"307":{"start":{"line":967,"column":4},"end":{"line":972,"column":5}},"308":{"start":{"line":968,"column":6},"end":{"line":971,"column":93}},"309":{"start":{"line":969,"column":8},"end":{"line":969,"column":89}},"310":{"start":{"line":971,"column":8},"end":{"line":971,"column":93}},"311":{"start":{"line":974,"column":4},"end":{"line":974,"column":67}},"312":{"start":{"line":998,"column":4},"end":{"line":998,"column":38}},"313":{"start":{"line":999,"column":4},"end":{"line":1001,"column":5}},"314":{"start":{"line":1000,"column":6},"end":{"line":1000,"column":84}},"315":{"start":{"line":1002,"column":4},"end":{"line":1002,"column":21}},"316":{"start":{"line":1006,"column":2},"end":{"line":1071,"column":3}},"317":{"start":{"line":1007,"column":4},"end":{"line":1007,"column":30}},"318":{"start":{"line":1008,"column":4},"end":{"line":1070,"column":5}},"319":{"start":{"line":1010,"column":16},"end":{"line":1010,"column":24}},"320":{"start":{"line":1010,"column":25},"end":{"line":1010,"column":39}},"321":{"start":{"line":1011,"column":16},"end":{"line":1011,"column":24}},"322":{"start":{"line":1011,"column":25},"end":{"line":1011,"column":37}},"323":{"start":{"line":1012,"column":16},"end":{"line":1012,"column":24}},"324":{"start":{"line":1012,"column":25},"end":{"line":1012,"column":37}},"325":{"start":{"line":1013,"column":16},"end":{"line":1013,"column":24}},"326":{"start":{"line":1013,"column":25},"end":{"line":1013,"column":37}},"327":{"start":{"line":1014,"column":16},"end":{"line":1014,"column":24}},"328":{"start":{"line":1014,"column":25},"end":{"line":1014,"column":39}},"329":{"start":{"line":1015,"column":16},"end":{"line":1015,"column":24}},"330":{"start":{"line":1015,"column":25},"end":{"line":1015,"column":37}},"331":{"start":{"line":1016,"column":16},"end":{"line":1016,"column":24}},"332":{"start":{"line":1016,"column":25},"end":{"line":1016,"column":37}},"333":{"start":{"line":1023,"column":8},"end":{"line":1023,"column":21}},"334":{"start":{"line":1024,"column":8},"end":{"line":1024,"column":20}},"335":{"start":{"line":1029,"column":8},"end":{"line":1029,"column":89}},"336":{"start":{"line":1029,"column":81},"end":{"line":1029,"column":89}},"337":{"start":{"line":1031,"column":8},"end":{"line":1031,"column":66}},"338":{"start":{"line":1032,"column":8},"end":{"line":1034,"column":9}},"339":{"start":{"line":1033,"column":10},"end":{"line":1033,"column":62}},"340":{"start":{"line":1035,"column":8},"end":{"line":1035,"column":40}},"341":{"start":{"line":1038,"column":8},"end":{"line":1042,"column":9}},"342":{"start":{"line":1039,"column":10},"end":{"line":1039,"column":18}},"343":{"start":{"line":1040,"column":10},"end":{"line":1040,"column":27}},"344":{"start":{"line":1041,"column":10},"end":{"line":1041,"column":20}},"345":{"start":{"line":1046,"column":8},"end":{"line":1054,"column":9}},"346":{"start":{"line":1048,"column":10},"end":{"line":1052,"column":11}},"347":{"start":{"line":1050,"column":12},"end":{"line":1050,"column":23}},"348":{"start":{"line":1051,"column":12},"end":{"line":1051,"column":92}},"349":{"start":{"line":1053,"column":10},"end":{"line":1053,"column":99}},"350":{"start":{"line":1058,"column":8},"end":{"line":1060,"column":9}},"351":{"start":{"line":1059,"column":10},"end":{"line":1059,"column":45}},"352":{"start":{"line":1064,"column":8},"end":{"line":1065,"column":88}},"353":{"start":{"line":1065,"column":10},"end":{"line":1065,"column":88}},"354":{"start":{"line":1069,"column":8},"end":{"line":1069,"column":37}},"355":{"start":{"line":1079,"column":2},"end":{"line":1122,"column":3}},"356":{"start":{"line":1080,"column":4},"end":{"line":1080,"column":23}},"357":{"start":{"line":1081,"column":4},"end":{"line":1081,"column":15}},"358":{"start":{"line":1083,"column":4},"end":{"line":1088,"column":27}},"359":{"start":{"line":1090,"column":4},"end":{"line":1095,"column":5}},"360":{"start":{"line":1091,"column":6},"end":{"line":1091,"column":37}},"361":{"start":{"line":1093,"column":6},"end":{"line":1094,"column":25}},"362":{"start":{"line":1093,"column":29},"end":{"line":1093,"column":49}},"363":{"start":{"line":1094,"column":11},"end":{"line":1094,"column":25}},"364":{"start":{"line":1097,"column":4},"end":{"line":1103,"column":5}},"365":{"start":{"line":1098,"column":6},"end":{"line":1101,"column":7}},"366":{"start":{"line":1099,"column":8},"end":{"line":1099,"column":61}},"367":{"start":{"line":1099,"column":55},"end":{"line":1099,"column":61}},"368":{"start":{"line":1100,"column":8},"end":{"line":1100,"column":16}},"369":{"start":{"line":1102,"column":6},"end":{"line":1102,"column":71}},"370":{"start":{"line":1102,"column":28},"end":{"line":1102,"column":71}},"371":{"start":{"line":1105,"column":4},"end":{"line":1121,"column":5}},"372":{"start":{"line":1106,"column":6},"end":{"line":1106,"column":70}},"373":{"start":{"line":1110,"column":6},"end":{"line":1115,"column":7}},"374":{"start":{"line":1111,"column":8},"end":{"line":1114,"column":10}},"375":{"start":{"line":1116,"column":6},"end":{"line":1118,"column":7}},"376":{"start":{"line":1117,"column":8},"end":{"line":1117,"column":41}},"377":{"start":{"line":1119,"column":6},"end":{"line":1119,"column":59}},"378":{"start":{"line":1119,"column":32},"end":{"line":1119,"column":59}},"379":{"start":{"line":1120,"column":6},"end":{"line":1120,"column":26}},"380":{"start":{"line":1127,"column":2},"end":{"line":1175,"column":3}},"381":{"start":{"line":1128,"column":4},"end":{"line":1131,"column":49}},"382":{"start":{"line":1133,"column":4},"end":{"line":1133,"column":12}},"383":{"start":{"line":1136,"column":4},"end":{"line":1136,"column":56}},"384":{"start":{"line":1136,"column":48},"end":{"line":1136,"column":56}},"385":{"start":{"line":1138,"column":4},"end":{"line":1138,"column":58}},"386":{"start":{"line":1138,"column":45},"end":{"line":1138,"column":58}},"387":{"start":{"line":1140,"column":4},"end":{"line":1140,"column":23}},"388":{"start":{"line":1143,"column":4},"end":{"line":1143,"column":64}},"389":{"start":{"line":1143,"column":51},"end":{"line":1143,"column":64}},"390":{"start":{"line":1145,"column":4},"end":{"line":1145,"column":24}},"391":{"start":{"line":1146,"column":4},"end":{"line":1169,"column":5}},"392":{"start":{"line":1149,"column":6},"end":{"line":1149,"column":66}},"393":{"start":{"line":1149,"column":53},"end":{"line":1149,"column":66}},"394":{"start":{"line":1151,"column":6},"end":{"line":1151,"column":40}},"395":{"start":{"line":1155,"column":6},"end":{"line":1161,"column":7}},"396":{"start":{"line":1156,"column":8},"end":{"line":1156,"column":26}},"397":{"start":{"line":1157,"column":8},"end":{"line":1159,"column":9}},"398":{"start":{"line":1158,"column":10},"end":{"line":1158,"column":66}},"399":{"start":{"line":1158,"column":47},"end":{"line":1158,"column":66}},"400":{"start":{"line":1160,"column":8},"end":{"line":1160,"column":68}},"401":{"start":{"line":1160,"column":49},"end":{"line":1160,"column":68}},"402":{"start":{"line":1164,"column":6},"end":{"line":1168,"column":7}},"403":{"start":{"line":1165,"column":8},"end":{"line":1165,"column":55}},"404":{"start":{"line":1166,"column":8},"end":{"line":1166,"column":27}},"405":{"start":{"line":1167,"column":8},"end":{"line":1167,"column":23}},"406":{"start":{"line":1171,"column":4},"end":{"line":1174,"column":30}},"407":{"start":{"line":1184,"column":2},"end":{"line":1188,"column":3}},"408":{"start":{"line":1185,"column":4},"end":{"line":1185,"column":26}},"409":{"start":{"line":1186,"column":4},"end":{"line":1186,"column":22}},"410":{"start":{"line":1187,"column":4},"end":{"line":1187,"column":22}},"411":{"start":{"line":1193,"column":2},"end":{"line":1199,"column":3}},"412":{"start":{"line":1194,"column":4},"end":{"line":1197,"column":5}},"413":{"start":{"line":1195,"column":6},"end":{"line":1195,"column":13}},"414":{"start":{"line":1196,"column":6},"end":{"line":1196,"column":18}},"415":{"start":{"line":1198,"column":4},"end":{"line":1198,"column":17}},"416":{"start":{"line":1203,"column":2},"end":{"line":1206,"column":3}},"417":{"start":{"line":1204,"column":4},"end":{"line":1205,"column":59}},"418":{"start":{"line":1204,"column":31},"end":{"line":1204,"column":38}},"419":{"start":{"line":1205,"column":9},"end":{"line":1205,"column":59}},"420":{"start":{"line":1210,"column":2},"end":{"line":1212,"column":3}},"421":{"start":{"line":1211,"column":4},"end":{"line":1211,"column":85}},"422":{"start":{"line":1214,"column":2},"end":{"line":1216,"column":3}},"423":{"start":{"line":1215,"column":4},"end":{"line":1215,"column":46}},"424":{"start":{"line":1218,"column":2},"end":{"line":1220,"column":3}},"425":{"start":{"line":1219,"column":4},"end":{"line":1219,"column":44}},"426":{"start":{"line":1222,"column":2},"end":{"line":1224,"column":3}},"427":{"start":{"line":1223,"column":4},"end":{"line":1223,"column":123}},"428":{"start":{"line":1229,"column":2},"end":{"line":1231,"column":3}},"429":{"start":{"line":1230,"column":4},"end":{"line":1230,"column":104}},"430":{"start":{"line":1233,"column":2},"end":{"line":1235,"column":3}},"431":{"start":{"line":1234,"column":4},"end":{"line":1234,"column":142}},"432":{"start":{"line":1241,"column":2},"end":{"line":1261,"column":3}},"433":{"start":{"line":1242,"column":4},"end":{"line":1259,"column":5}},"434":{"start":{"line":1244,"column":8},"end":{"line":1244,"column":72}},"435":{"start":{"line":1246,"column":8},"end":{"line":1246,"column":76}},"436":{"start":{"line":1248,"column":8},"end":{"line":1249,"column":22}},"437":{"start":{"line":1249,"column":10},"end":{"line":1249,"column":22}},"438":{"start":{"line":1250,"column":8},"end":{"line":1251,"column":33}},"439":{"start":{"line":1251,"column":10},"end":{"line":1251,"column":33}},"440":{"start":{"line":1252,"column":8},"end":{"line":1252,"column":21}},"441":{"start":{"line":1254,"column":8},"end":{"line":1254,"column":84}},"442":{"start":{"line":1256,"column":8},"end":{"line":1256,"column":69}},"443":{"start":{"line":1258,"column":8},"end":{"line":1258,"column":33}},"444":{"start":{"line":1260,"column":4},"end":{"line":1260,"column":17}},"445":{"start":{"line":1263,"column":2},"end":{"line":1267,"column":3}},"446":{"start":{"line":1264,"column":4},"end":{"line":1264,"column":74}},"447":{"start":{"line":1264,"column":35},"end":{"line":1264,"column":74}},"448":{"start":{"line":1265,"column":4},"end":{"line":1265,"column":61}},"449":{"start":{"line":1265,"column":32},"end":{"line":1265,"column":61}},"450":{"start":{"line":1266,"column":4},"end":{"line":1266,"column":17}},"451":{"start":{"line":1270,"column":2},"end":{"line":1278,"column":3}},"452":{"start":{"line":1271,"column":4},"end":{"line":1276,"column":5}},"453":{"start":{"line":1275,"column":8},"end":{"line":1275,"column":20}},"454":{"start":{"line":1277,"column":4},"end":{"line":1277,"column":17}},"455":{"start":{"line":1282,"column":2},"end":{"line":1292,"column":3}},"456":{"start":{"line":1283,"column":4},"end":{"line":1283,"column":40}},"457":{"start":{"line":1283,"column":28},"end":{"line":1283,"column":40}},"458":{"start":{"line":1284,"column":4},"end":{"line":1284,"column":45}},"459":{"start":{"line":1284,"column":32},"end":{"line":1284,"column":45}},"460":{"start":{"line":1285,"column":4},"end":{"line":1291,"column":5}},"461":{"start":{"line":1288,"column":8},"end":{"line":1288,"column":20}},"462":{"start":{"line":1290,"column":8},"end":{"line":1290,"column":21}},"463":{"start":{"line":1299,"column":2},"end":{"line":1303,"column":14}},"464":{"start":{"line":1306,"column":2},"end":{"line":1310,"column":3}},"465":{"start":{"line":1307,"column":4},"end":{"line":1307,"column":56}},"466":{"start":{"line":1308,"column":4},"end":{"line":1308,"column":23}},"467":{"start":{"line":1309,"column":4},"end":{"line":1309,"column":55}},"468":{"start":{"line":1309,"column":31},"end":{"line":1309,"column":55}},"469":{"start":{"line":1313,"column":2},"end":{"line":1317,"column":3}},"470":{"start":{"line":1314,"column":4},"end":{"line":1314,"column":29}},"471":{"start":{"line":1315,"column":4},"end":{"line":1315,"column":17}},"472":{"start":{"line":1316,"column":4},"end":{"line":1316,"column":57}},"473":{"start":{"line":1316,"column":32},"end":{"line":1316,"column":57}},"474":{"start":{"line":1320,"column":2},"end":{"line":1324,"column":3}},"475":{"start":{"line":1321,"column":4},"end":{"line":1321,"column":69}},"476":{"start":{"line":1321,"column":36},"end":{"line":1321,"column":69}},"477":{"start":{"line":1322,"column":4},"end":{"line":1322,"column":57}},"478":{"start":{"line":1322,"column":50},"end":{"line":1322,"column":57}},"479":{"start":{"line":1323,"column":4},"end":{"line":1323,"column":34}},"480":{"start":{"line":1327,"column":2},"end":{"line":1330,"column":3}},"481":{"start":{"line":1328,"column":4},"end":{"line":1328,"column":35}},"482":{"start":{"line":1329,"column":4},"end":{"line":1329,"column":28}},"483":{"start":{"line":1334,"column":2},"end":{"line":1339,"column":3}},"484":{"start":{"line":1335,"column":4},"end":{"line":1336,"column":25}},"485":{"start":{"line":1336,"column":6},"end":{"line":1336,"column":25}},"486":{"start":{"line":1338,"column":4},"end":{"line":1338,"column":27}},"487":{"start":{"line":1342,"column":2},"end":{"line":1344,"column":3}},"488":{"start":{"line":1343,"column":4},"end":{"line":1343,"column":54}},"489":{"start":{"line":1353,"column":2},"end":{"line":1354,"column":21}},"490":{"start":{"line":1356,"column":2},"end":{"line":1358,"column":3}},"491":{"start":{"line":1357,"column":4},"end":{"line":1357,"column":29}},"492":{"start":{"line":1360,"column":2},"end":{"line":1374,"column":3}},"493":{"start":{"line":1361,"column":4},"end":{"line":1372,"column":5}},"494":{"start":{"line":1362,"column":6},"end":{"line":1371,"column":8}},"495":{"start":{"line":1373,"column":4},"end":{"line":1373,"column":57}},"496":{"start":{"line":1373,"column":24},"end":{"line":1373,"column":57}},"497":{"start":{"line":1378,"column":2},"end":{"line":1386,"column":4}},"498":{"start":{"line":1379,"column":4},"end":{"line":1382,"column":5}},"499":{"start":{"line":1380,"column":6},"end":{"line":1380,"column":71}},"500":{"start":{"line":1381,"column":6},"end":{"line":1381,"column":110}},"501":{"start":{"line":1383,"column":4},"end":{"line":1385,"column":5}},"502":{"start":{"line":1384,"column":6},"end":{"line":1384,"column":45}},"503":{"start":{"line":1388,"column":2},"end":{"line":1408,"column":4}},"504":{"start":{"line":1389,"column":4},"end":{"line":1401,"column":5}},"505":{"start":{"line":1390,"column":6},"end":{"line":1390,"column":25}},"506":{"start":{"line":1391,"column":6},"end":{"line":1400,"column":8}},"507":{"start":{"line":1402,"column":4},"end":{"line":1407,"column":5}},"508":{"start":{"line":1403,"column":6},"end":{"line":1406,"column":8}},"509":{"start":{"line":1411,"column":2},"end":{"line":1413,"column":3}},"510":{"start":{"line":1412,"column":4},"end":{"line":1412,"column":63}},"511":{"start":{"line":1412,"column":24},"end":{"line":1412,"column":63}},"512":{"start":{"line":1416,"column":2},"end":{"line":1418,"column":3}},"513":{"start":{"line":1417,"column":4},"end":{"line":1417,"column":47}},"514":{"start":{"line":1417,"column":24},"end":{"line":1417,"column":47}},"515":{"start":{"line":1427,"column":2},"end":{"line":1437,"column":3}},"516":{"start":{"line":1428,"column":4},"end":{"line":1428,"column":11}},"517":{"start":{"line":1429,"column":4},"end":{"line":1429,"column":19}},"518":{"start":{"line":1430,"column":4},"end":{"line":1430,"column":37}},"519":{"start":{"line":1430,"column":23},"end":{"line":1430,"column":37}},"520":{"start":{"line":1431,"column":4},"end":{"line":1431,"column":28}},"521":{"start":{"line":1432,"column":4},"end":{"line":1432,"column":38}},"522":{"start":{"line":1432,"column":23},"end":{"line":1432,"column":38}},"523":{"start":{"line":1433,"column":4},"end":{"line":1433,"column":46}},"524":{"start":{"line":1433,"column":28},"end":{"line":1433,"column":46}},"525":{"start":{"line":1435,"column":4},"end":{"line":1435,"column":62}},"526":{"start":{"line":1435,"column":40},"end":{"line":1435,"column":62}},"527":{"start":{"line":1436,"column":4},"end":{"line":1436,"column":39}},"528":{"start":{"line":1444,"column":2},"end":{"line":1463,"column":3}},"529":{"start":{"line":1445,"column":4},"end":{"line":1446,"column":18}},"530":{"start":{"line":1448,"column":4},"end":{"line":1459,"column":5}},"531":{"start":{"line":1450,"column":6},"end":{"line":1453,"column":7}},"532":{"start":{"line":1451,"column":8},"end":{"line":1451,"column":37}},"533":{"start":{"line":1452,"column":8},"end":{"line":1452,"column":14}},"534":{"start":{"line":1454,"column":6},"end":{"line":1454,"column":35}},"535":{"start":{"line":1455,"column":6},"end":{"line":1455,"column":19}},"536":{"start":{"line":1458,"column":6},"end":{"line":1458,"column":43}},"537":{"start":{"line":1458,"column":21},"end":{"line":1458,"column":43}},"538":{"start":{"line":1462,"column":4},"end":{"line":1462,"column":17}},"539":{"start":{"line":1471,"column":2},"end":{"line":1503,"column":3}},"540":{"start":{"line":1472,"column":4},"end":{"line":1472,"column":19}},"541":{"start":{"line":1473,"column":4},"end":{"line":1488,"column":5}},"542":{"start":{"line":1474,"column":6},"end":{"line":1487,"column":7}},"543":{"start":{"line":1475,"column":25},"end":{"line":1475,"column":32}},"544":{"start":{"line":1475,"column":33},"end":{"line":1475,"column":62}},"545":{"start":{"line":1476,"column":25},"end":{"line":1476,"column":32}},"546":{"start":{"line":1476,"column":33},"end":{"line":1476,"column":59}},"547":{"start":{"line":1477,"column":25},"end":{"line":1477,"column":32}},"548":{"start":{"line":1477,"column":33},"end":{"line":1477,"column":63}},"549":{"start":{"line":1478,"column":25},"end":{"line":1478,"column":32}},"550":{"start":{"line":1479,"column":10},"end":{"line":1479,"column":41}},"551":{"start":{"line":1480,"column":10},"end":{"line":1480,"column":48}},"552":{"start":{"line":1481,"column":25},"end":{"line":1481,"column":32}},"553":{"start":{"line":1481,"column":33},"end":{"line":1481,"column":62}},"554":{"start":{"line":1482,"column":25},"end":{"line":1482,"column":32}},"555":{"start":{"line":1482,"column":33},"end":{"line":1482,"column":60}},"556":{"start":{"line":1483,"column":25},"end":{"line":1483,"column":32}},"557":{"start":{"line":1483,"column":33},"end":{"line":1483,"column":63}},"558":{"start":{"line":1484,"column":25},"end":{"line":1484,"column":32}},"559":{"start":{"line":1484,"column":33},"end":{"line":1484,"column":62}},"560":{"start":{"line":1485,"column":25},"end":{"line":1485,"column":32}},"561":{"start":{"line":1485,"column":33},"end":{"line":1485,"column":59}},"562":{"start":{"line":1486,"column":25},"end":{"line":1486,"column":32}},"563":{"start":{"line":1486,"column":33},"end":{"line":1486,"column":61}},"564":{"start":{"line":1490,"column":4},"end":{"line":1492,"column":5}},"565":{"start":{"line":1491,"column":6},"end":{"line":1491,"column":54}},"566":{"start":{"line":1491,"column":25},"end":{"line":1491,"column":54}},"567":{"start":{"line":1495,"column":4},"end":{"line":1495,"column":40}},"568":{"start":{"line":1495,"column":24},"end":{"line":1495,"column":40}},"569":{"start":{"line":1498,"column":4},"end":{"line":1500,"column":5}},"570":{"start":{"line":1499,"column":6},"end":{"line":1499,"column":31}},"571":{"start":{"line":1499,"column":24},"end":{"line":1499,"column":31}},"572":{"start":{"line":1502,"column":4},"end":{"line":1502,"column":44}},"573":{"start":{"line":1509,"column":2},"end":{"line":1520,"column":3}},"574":{"start":{"line":1510,"column":4},"end":{"line":1511,"column":34}},"575":{"start":{"line":1513,"column":4},"end":{"line":1516,"column":5}},"576":{"start":{"line":1514,"column":6},"end":{"line":1514,"column":46}},"577":{"start":{"line":1515,"column":6},"end":{"line":1515,"column":31}},"578":{"start":{"line":1518,"column":4},"end":{"line":1518,"column":17}},"579":{"start":{"line":1519,"column":4},"end":{"line":1519,"column":49}},"580":{"start":{"line":1524,"column":2},"end":{"line":1526,"column":3}},"581":{"start":{"line":1525,"column":4},"end":{"line":1525,"column":44}},"582":{"start":{"line":1530,"column":2},"end":{"line":1535,"column":3}},"583":{"start":{"line":1531,"column":4},"end":{"line":1532,"column":34}},"584":{"start":{"line":1534,"column":4},"end":{"line":1534,"column":48}},"585":{"start":{"line":1539,"column":2},"end":{"line":1545,"column":3}},"586":{"start":{"line":1540,"column":4},"end":{"line":1540,"column":37}},"587":{"start":{"line":1540,"column":23},"end":{"line":1540,"column":37}},"588":{"start":{"line":1541,"column":4},"end":{"line":1541,"column":28}},"589":{"start":{"line":1542,"column":4},"end":{"line":1542,"column":38}},"590":{"start":{"line":1542,"column":23},"end":{"line":1542,"column":38}},"591":{"start":{"line":1543,"column":4},"end":{"line":1543,"column":18}},"592":{"start":{"line":1544,"column":4},"end":{"line":1544,"column":45}},"593":{"start":{"line":1549,"column":2},"end":{"line":1557,"column":3}},"594":{"start":{"line":1550,"column":4},"end":{"line":1550,"column":46}},"595":{"start":{"line":1551,"column":4},"end":{"line":1551,"column":17}},"596":{"start":{"line":1552,"column":4},"end":{"line":1552,"column":37}},"597":{"start":{"line":1552,"column":23},"end":{"line":1552,"column":37}},"598":{"start":{"line":1553,"column":4},"end":{"line":1553,"column":28}},"599":{"start":{"line":1554,"column":4},"end":{"line":1554,"column":38}},"600":{"start":{"line":1554,"column":23},"end":{"line":1554,"column":38}},"601":{"start":{"line":1555,"column":4},"end":{"line":1555,"column":18}},"602":{"start":{"line":1556,"column":4},"end":{"line":1556,"column":59}},"603":{"start":{"line":1561,"column":2},"end":{"line":1568,"column":3}},"604":{"start":{"line":1562,"column":4},"end":{"line":1562,"column":37}},"605":{"start":{"line":1562,"column":23},"end":{"line":1562,"column":37}},"606":{"start":{"line":1563,"column":4},"end":{"line":1563,"column":28}},"607":{"start":{"line":1564,"column":4},"end":{"line":1564,"column":20}},"608":{"start":{"line":1565,"column":4},"end":{"line":1565,"column":46}},"609":{"start":{"line":1566,"column":4},"end":{"line":1566,"column":38}},"610":{"start":{"line":1566,"column":23},"end":{"line":1566,"column":38}},"611":{"start":{"line":1567,"column":4},"end":{"line":1567,"column":60}},"612":{"start":{"line":1572,"column":2},"end":{"line":1585,"column":3}},"613":{"start":{"line":1573,"column":4},"end":{"line":1573,"column":25}},"614":{"start":{"line":1575,"column":4},"end":{"line":1583,"column":5}},"615":{"start":{"line":1576,"column":6},"end":{"line":1576,"column":41}},"616":{"start":{"line":1577,"column":6},"end":{"line":1577,"column":59}},"617":{"start":{"line":1577,"column":30},"end":{"line":1577,"column":59}},"618":{"start":{"line":1578,"column":6},"end":{"line":1581,"column":7}},"619":{"start":{"line":1579,"column":8},"end":{"line":1579,"column":47}},"620":{"start":{"line":1580,"column":8},"end":{"line":1580,"column":37}},"621":{"start":{"line":1582,"column":6},"end":{"line":1582,"column":19}},"622":{"start":{"line":1584,"column":4},"end":{"line":1584,"column":56}},"623":{"start":{"line":1590,"column":2},"end":{"line":1635,"column":3}},"624":{"start":{"line":1591,"column":4},"end":{"line":1594,"column":15}},"625":{"start":{"line":1598,"column":4},"end":{"line":1601,"column":5}},"626":{"start":{"line":1599,"column":6},"end":{"line":1599,"column":47}},"627":{"start":{"line":1600,"column":6},"end":{"line":1600,"column":29}},"628":{"start":{"line":1602,"column":4},"end":{"line":1602,"column":42}},"629":{"start":{"line":1603,"column":4},"end":{"line":1603,"column":19}},"630":{"start":{"line":1604,"column":4},"end":{"line":1604,"column":37}},"631":{"start":{"line":1604,"column":23},"end":{"line":1604,"column":37}},"632":{"start":{"line":1605,"column":4},"end":{"line":1605,"column":24}},"633":{"start":{"line":1606,"column":4},"end":{"line":1606,"column":38}},"634":{"start":{"line":1606,"column":23},"end":{"line":1606,"column":38}},"635":{"start":{"line":1607,"column":4},"end":{"line":1607,"column":60}},"636":{"start":{"line":1609,"column":4},"end":{"line":1609,"column":56}},"637":{"start":{"line":1609,"column":24},"end":{"line":1609,"column":56}},"638":{"start":{"line":1610,"column":4},"end":{"line":1619,"column":5}},"639":{"start":{"line":1611,"column":6},"end":{"line":1611,"column":27}},"640":{"start":{"line":1612,"column":6},"end":{"line":1612,"column":44}},"641":{"start":{"line":1613,"column":6},"end":{"line":1613,"column":21}},"642":{"start":{"line":1614,"column":6},"end":{"line":1614,"column":39}},"643":{"start":{"line":1614,"column":25},"end":{"line":1614,"column":39}},"644":{"start":{"line":1615,"column":6},"end":{"line":1615,"column":26}},"645":{"start":{"line":1616,"column":6},"end":{"line":1616,"column":40}},"646":{"start":{"line":1616,"column":25},"end":{"line":1616,"column":40}},"647":{"start":{"line":1617,"column":6},"end":{"line":1617,"column":66}},"648":{"start":{"line":1618,"column":6},"end":{"line":1618,"column":58}},"649":{"start":{"line":1618,"column":26},"end":{"line":1618,"column":58}},"650":{"start":{"line":1621,"column":4},"end":{"line":1631,"column":5}},"651":{"start":{"line":1623,"column":6},"end":{"line":1626,"column":7}},"652":{"start":{"line":1624,"column":8},"end":{"line":1624,"column":43}},"653":{"start":{"line":1625,"column":8},"end":{"line":1625,"column":31}},"654":{"start":{"line":1627,"column":6},"end":{"line":1627,"column":39}},"655":{"start":{"line":1627,"column":25},"end":{"line":1627,"column":39}},"656":{"start":{"line":1628,"column":6},"end":{"line":1628,"column":26}},"657":{"start":{"line":1629,"column":6},"end":{"line":1629,"column":40}},"658":{"start":{"line":1629,"column":25},"end":{"line":1629,"column":40}},"659":{"start":{"line":1630,"column":6},"end":{"line":1630,"column":53}},"660":{"start":{"line":1633,"column":4},"end":{"line":1633,"column":18}},"661":{"start":{"line":1634,"column":4},"end":{"line":1634,"column":48}},"662":{"start":{"line":1644,"column":2},"end":{"line":1699,"column":3}},"663":{"start":{"line":1645,"column":4},"end":{"line":1646,"column":13}},"664":{"start":{"line":1650,"column":4},"end":{"line":1653,"column":5}},"665":{"start":{"line":1651,"column":6},"end":{"line":1651,"column":20}},"666":{"start":{"line":1652,"column":6},"end":{"line":1652,"column":32}},"667":{"start":{"line":1657,"column":4},"end":{"line":1698,"column":5}},"668":{"start":{"line":1659,"column":6},"end":{"line":1659,"column":44}},"669":{"start":{"line":1660,"column":6},"end":{"line":1660,"column":18}},"670":{"start":{"line":1662,"column":6},"end":{"line":1662,"column":42}},"671":{"start":{"line":1664,"column":6},"end":{"line":1664,"column":65}},"672":{"start":{"line":1666,"column":6},"end":{"line":1666,"column":19}},"673":{"start":{"line":1667,"column":6},"end":{"line":1667,"column":26}},"674":{"start":{"line":1668,"column":6},"end":{"line":1668,"column":20}},"675":{"start":{"line":1669,"column":6},"end":{"line":1669,"column":40}},"676":{"start":{"line":1669,"column":25},"end":{"line":1669,"column":40}},"677":{"start":{"line":1671,"column":6},"end":{"line":1671,"column":83}},"678":{"start":{"line":1676,"column":6},"end":{"line":1676,"column":33}},"679":{"start":{"line":1677,"column":6},"end":{"line":1682,"column":7}},"680":{"start":{"line":1678,"column":8},"end":{"line":1678,"column":37}},"681":{"start":{"line":1680,"column":8},"end":{"line":1680,"column":53}},"682":{"start":{"line":1680,"column":27},"end":{"line":1680,"column":53}},"683":{"start":{"line":1681,"column":8},"end":{"line":1681,"column":33}},"684":{"start":{"line":1683,"column":6},"end":{"line":1683,"column":19}},"685":{"start":{"line":1684,"column":6},"end":{"line":1684,"column":25}},"686":{"start":{"line":1687,"column":6},"end":{"line":1690,"column":29}},"687":{"start":{"line":1688,"column":8},"end":{"line":1688,"column":51}},"688":{"start":{"line":1689,"column":8},"end":{"line":1689,"column":35}},"689":{"start":{"line":1692,"column":6},"end":{"line":1692,"column":19}},"690":{"start":{"line":1693,"column":6},"end":{"line":1693,"column":26}},"691":{"start":{"line":1694,"column":6},"end":{"line":1694,"column":20}},"692":{"start":{"line":1695,"column":6},"end":{"line":1695,"column":40}},"693":{"start":{"line":1695,"column":25},"end":{"line":1695,"column":40}},"694":{"start":{"line":1697,"column":6},"end":{"line":1697,"column":77}},"695":{"start":{"line":1711,"column":2},"end":{"line":1755,"column":3}},"696":{"start":{"line":1712,"column":4},"end":{"line":1712,"column":13}},"697":{"start":{"line":1714,"column":4},"end":{"line":1741,"column":5}},"698":{"start":{"line":1715,"column":6},"end":{"line":1716,"column":20}},"699":{"start":{"line":1718,"column":6},"end":{"line":1722,"column":29}},"700":{"start":{"line":1719,"column":8},"end":{"line":1719,"column":33}},"701":{"start":{"line":1721,"column":8},"end":{"line":1721,"column":29}},"702":{"start":{"line":1724,"column":6},"end":{"line":1729,"column":7}},"703":{"start":{"line":1725,"column":8},"end":{"line":1728,"column":31}},"704":{"start":{"line":1726,"column":10},"end":{"line":1726,"column":53}},"705":{"start":{"line":1727,"column":10},"end":{"line":1727,"column":32}},"706":{"start":{"line":1734,"column":6},"end":{"line":1738,"column":7}},"707":{"start":{"line":1735,"column":8},"end":{"line":1737,"column":9}},"708":{"start":{"line":1736,"column":10},"end":{"line":1736,"column":40}},"709":{"start":{"line":1740,"column":6},"end":{"line":1740,"column":61}},"710":{"start":{"line":1742,"column":4},"end":{"line":1754,"column":5}},"711":{"start":{"line":1743,"column":6},"end":{"line":1743,"column":31}},"712":{"start":{"line":1745,"column":6},"end":{"line":1748,"column":7}},"713":{"start":{"line":1746,"column":8},"end":{"line":1746,"column":30}},"714":{"start":{"line":1747,"column":8},"end":{"l
[...]
77,"column":6}},{"start":{"line":1577,"column":6},"end":{"line":1577,"column":6}}]},"192":{"line":1598,"type":"if","locations":[{"start":{"line":1598,"column":4},"end":{"line":1598,"column":4}},{"start":{"line":1598,"column":4},"end":{"line":1598,"column":4}}]},"193":{"line":1604,"type":"if","locations":[{"start":{"line":1604,"column":4},"end":{"line":1604,"column":4}},{"start":{"line":1604,"column":4},"end":{"line":1604,"column":4}}]},"194":{"line":1606,"type":"if","locations":[{"start":{"line":1606,"column":4},"end":{"line":1606,"column":4}},{"start":{"line":1606,"column":4},"end":{"line":1606,"column":4}}]},"195":{"line":1609,"type":"if","locations":[{"start":{"line":1609,"column":4},"end":{"line":1609,"column":4}},{"start":{"line":1609,"column":4},"end":{"line":1609,"column":4}}]},"196":{"line":1614,"type":"if","locations":[{"start":{"line":1614,"column":6},"end":{"line":1614,"column":6}},{"start":{"line":1614,"column":6},"end":{"line":1614,"column":6}}]},"197":{"line":1616,"type":"if","locations":[{"start":{"line":1616,"column":6},"end":{"line":1616,"column":6}},{"start":{"line":1616,"column":6},"end":{"line":1616,"column":6}}]},"198":{"line":1618,"type":"if","locations":[{"start":{"line":1618,"column":6},"end":{"line":1618,"column":6}},{"start":{"line":1618,"column":6},"end":{"line":1618,"column":6}}]},"199":{"line":1621,"type":"if","locations":[{"start":{"line":1621,"column":4},"end":{"line":1621,"column":4}},{"start":{"line":1621,"column":4},"end":{"line":1621,"column":4}}]},"200":{"line":1623,"type":"if","locations":[{"start":{"line":1623,"column":6},"end":{"line":1623,"column":6}},{"start":{"line":1623,"column":6},"end":{"line":1623,"column":6}}]},"201":{"line":1627,"type":"if","locations":[{"start":{"line":1627,"column":6},"end":{"line":1627,"column":6}},{"start":{"line":1627,"column":6},"end":{"line":1627,"column":6}}]},"202":{"line":1629,"type":"if","locations":[{"start":{"line":1629,"column":6},"end":{"line":1629,"column":6}},{"start":{"line":1629,"column":6},"end":{"line":1629,"column":6}}]},"203":{"line":1650,"type":"if","locations":[{"start":{"line":1650,"column":4},"end":{"line":1650,"column":4}},{"start":{"line":1650,"column":4},"end":{"line":1650,"column":4}}]},"204":{"line":1657,"type":"if","locations":[{"start":{"line":1657,"column":4},"end":{"line":1657,"column":4}},{"start":{"line":1657,"column":4},"end":{"line":1657,"column":4}}]},"205":{"line":1664,"type":"cond-expr","locations":[{"start":{"line":1664,"column":32},"end":{"line":1664,"column":57}},{"start":{"line":1664,"column":60},"end":{"line":1664,"column":64}}]},"206":{"line":1669,"type":"if","locations":[{"start":{"line":1669,"column":6},"end":{"line":1669,"column":6}},{"start":{"line":1669,"column":6},"end":{"line":1669,"column":6}}]},"207":{"line":1680,"type":"if","locations":[{"start":{"line":1680,"column":8},"end":{"line":1680,"column":8}},{"start":{"line":1680,"column":8},"end":{"line":1680,"column":8}}]},"208":{"line":1695,"type":"if","locations":[{"start":{"line":1695,"column":6},"end":{"line":1695,"column":6}},{"start":{"line":1695,"column":6},"end":{"line":1695,"column":6}}]},"209":{"line":1714,"type":"if","locations":[{"start":{"line":1714,"column":4},"end":{"line":1714,"column":4}},{"start":{"line":1714,"column":4},"end":{"line":1714,"column":4}}]},"210":{"line":1724,"type":"if","locations":[{"start":{"line":1724,"column":6},"end":{"line":1724,"column":6}},{"start":{"line":1724,"column":6},"end":{"line":1724,"column":6}}]},"211":{"line":1734,"type":"if","locations":[{"start":{"line":1734,"column":6},"end":{"line":1734,"column":6}},{"start":{"line":1734,"column":6},"end":{"line":1734,"column":6}}]},"212":{"line":1742,"type":"if","locations":[{"start":{"line":1742,"column":4},"end":{"line":1742,"column":4}},{"start":{"line":1742,"column":4},"end":{"line":1742,"column":4}}]},"213":{"line":1745,"type":"if","locations":[{"start":{"line":1745,"column":6},"end":{"line":1745,"column":6}},{"start":{"line":1745,"column":6},"end":{"line":1745,"column":6}}]},"214":{"line":1759,"type":"if","locations":[{"start":{"line":1759,"column":4},"end":{"line":1759,"column":4}},{"start":{"line":1759,"column":4},"end":{"line":1759,"column":4}}]},"215":{"line":1759,"type":"binary-expr","locations":[{"start":{"line":1759,"column":8},"end":{"line":1759,"column":21}},{"start":{"line":1759,"column":26},"end":{"line":1759,"column":105}}]},"216":{"line":1778,"type":"if","locations":[{"start":{"line":1778,"column":4},"end":{"line":1778,"column":4}},{"start":{"line":1778,"column":4},"end":{"line":1778,"column":4}}]},"217":{"line":1781,"type":"if","locations":[{"start":{"line":1781,"column":4},"end":{"line":1781,"column":4}},{"start":{"line":1781,"column":4},"end":{"line":1781,"column":4}}]},"218":{"line":1782,"type":"if","locations":[{"start":{"line":1782,"column":4},"end":{"line":1782,"column":4}},{"start":{"line":1782,"column":4},"end":{"line":1782,"column":4}}]},"219":{"line":1790,"type":"if","locations":[{"start":{"line":1790,"column":8},"end":{"line":1790,"column":8}},{"start":{"line":1790,"column":8},"end":{"line":1790,"column":8}}]},"220":{"line":1803,"type":"if","locations":[{"start":{"line":1803,"column":4},"end":{"line":1803,"column":4}},{"start":{"line":1803,"column":4},"end":{"line":1803,"column":4}}]},"221":{"line":1822,"type":"if","locations":[{"start":{"line":1822,"column":4},"end":{"line":1822,"column":4}},{"start":{"line":1822,"column":4},"end":{"line":1822,"column":4}}]},"222":{"line":1842,"type":"if","locations":[{"start":{"line":1842,"column":4},"end":{"line":1842,"column":4}},{"start":{"line":1842,"column":4},"end":{"line":1842,"column":4}}]},"223":{"line":1846,"type":"if","locations":[{"start":{"line":1846,"column":8},"end":{"line":1846,"column":8}},{"start":{"line":1846,"column":8},"end":{"line":1846,"column":8}}]},"224":{"line":1849,"type":"if","locations":[{"start":{"line":1849,"column":10},"end":{"line":1849,"column":10}},{"start":{"line":1849,"column":10},"end":{"line":1849,"column":10}}]},"225":{"line":1853,"type":"if","locations":[{"start":{"line":1853,"column":10},"end":{"line":1853,"column":10}},{"start":{"line":1853,"column":10},"end":{"line":1853,"column":10}}]},"226":{"line":1854,"type":"if","locations":[{"start":{"line":1854,"column":15},"end":{"line":1854,"column":15}},{"start":{"line":1854,"column":15},"end":{"line":1854,"column":15}}]},"227":{"line":1857,"type":"if","locations":[{"start":{"line":1857,"column":13},"end":{"line":1857,"column":13}},{"start":{"line":1857,"column":13},"end":{"line":1857,"column":13}}]},"228":{"line":1869,"type":"if","locations":[{"start":{"line":1869,"column":4},"end":{"line":1869,"column":4}},{"start":{"line":1869,"column":4},"end":{"line":1869,"column":4}}]},"229":{"line":1871,"type":"binary-expr","locations":[{"start":{"line":1871,"column":14},"end":{"line":1871,"column":21}},{"start":{"line":1871,"column":25},"end":{"line":1871,"column":30}}]},"230":{"line":1882,"type":"if","locations":[{"start":{"line":1882,"column":4},"end":{"line":1882,"column":4}},{"start":{"line":1882,"column":4},"end":{"line":1882,"column":4}}]},"231":{"line":1885,"type":"if","locations":[{"start":{"line":1885,"column":4},"end":{"line":1885,"column":4}},{"start":{"line":1885,"column":4},"end":{"line":1885,"column":4}}]},"232":{"line":1896,"type":"if","locations":[{"start":{"line":1896,"column":4},"end":{"line":1896,"column":4}},{"start":{"line":1896,"column":4},"end":{"line":1896,"column":4}}]},"233":{"line":1900,"type":"if","locations":[{"start":{"line":1900,"column":6},"end":{"line":1900,"column":6}},{"start":{"line":1900,"column":6},"end":{"line":1900,"column":6}}]},"234":{"line":1918,"type":"if","locations":[{"start":{"line":1918,"column":6},"end":{"line":1918,"column":6}},{"start":{"line":1918,"column":6},"end":{"line":1918,"column":6}}]},"235":{"line":1918,"type":"binary-expr","locations":[{"start":{"line":1918,"column":10},"end":{"line":1918,"column":35}},{"start":{"line":1918,"column":39},"end":{"line":1918,"column":51}}]},"236":{"line":1924,"type":"if","locations":[{"start":{"line":1924,"column":13},"end":{"line":1924,"column":13}},{"start":{"line":1924,"column":13},"end":{"line":1924,"column":13}}]},"237":{"line":1925,"type":"if","locations":[{"start":{"line":1925,"column":8},"end":{"line":1925,"column":8}},{"start":{"line":1925,"column":8},"end":{"line":1925,"column":8}}]},"238":{"line":1935,"type":"if","locations":[{"start":{"line":1935,"column":8},"end":{"line":1935,"column":8}},{"start":{"line":1935,"column":8},"end":{"line":1935,"column":8}}]},"239":{"line":1941,"type":"if","locations":[{"start":{"line":1941,"column":6},"end":{"line":1941,"column":6}},{"start":{"line":1941,"column":6},"end":{"line":1941,"column":6}}]},"240":{"line":1975,"type":"if","locations":[{"start":{"line":1975,"column":4},"end":{"line":1975,"column":4}},{"start":{"line":1975,"column":4},"end":{"line":1975,"column":4}}]},"241":{"line":1992,"type":"if","locations":[{"start":{"line":1992,"column":4},"end":{"line":1992,"column":4}},{"start":{"line":1992,"column":4},"end":{"line":1992,"column":4}}]},"242":{"line":1993,"type":"switch","locations":[{"start":{"line":1994,"column":8},"end":{"line":1994,"column":27}},{"start":{"line":1995,"column":8},"end":{"line":1995,"column":16}},{"start":{"line":1995,"column":17},"end":{"line":1995,"column":25}},{"start":{"line":1995,"column":26},"end":{"line":1995,"column":45}},{"start":{"line":1996,"column":8},"end":{"line":1996,"column":16}},{"start":{"line":1996,"column":17},"end":{"line":1996,"column":35}},{"start":{"line":1997,"column":8},"end":{"line":1997,"column":26}},{"start":{"line":1998,"column":8},"end":{"line":1998,"column":27}},{"start":{"line":1999,"column":8},"end":{"line":1999,"column":27}},{"start":{"line":2000,"column":8},"end":{"line":2000,"column":16}},{"start":{"line":2000,"column":17},"end":{"line":2000,"column":35}}]},"243":{"line":2002,"type":"if","locations":[{"start":{"line":2002,"column":11},"end":{"line":2002,"column":11}},{"start":{"line":2002,"column":11},"end":{"line":2002,"column":11}}]},"244":{"line":2003,"type":"switch","locations":[{"start":{"line":2004,"column":8},"end":{"line":2004,"column":27}},{"start":{"line":2005,"column":8},"end":{"line":2005,"column":26}},{"start":{"line":2006,"column":8},"end":{"line":2006,"column":16}},{"start":{"line":2006,"column":17},"end":{"line":2008,"column":21}},{"start":{"line":2009,"column":8},"end":{"line":2009,"column":16}},{"start":{"line":2009,"column":17},"end":{"line":2009,"column":36}},{"start":{"line":2010,"column":8},"end":{"line":2010,"column":27}}]},"245":{"line":2007,"type":"if","locations":[{"start":{"line":2007,"column":12},"end":{"line":2007,"column":12}},{"start":{"line":2007,"column":12},"end":{"line":2007,"column":12}}]},"246":{"line":2007,"type":"binary-expr","locations":[{"start":{"line":2007,"column":15},"end":{"line":2007,"column":32}},{"start":{"line":2007,"column":36},"end":{"line":2007,"column":53}}]},"247":{"line":2012,"type":"if","locations":[{"start":{"line":2012,"column":11},"end":{"line":2012,"column":11}},{"start":{"line":2012,"column":11},"end":{"line":2012,"column":11}}]},"248":{"line":2012,"type":"binary-expr","locations":[{"start":{"line":2012,"column":15},"end":{"line":2012,"column":30}},{"start":{"line":2012,"column":34},"end":{"line":2012,"column":52}}]},"249":{"line":2030,"type":"if","locations":[{"start":{"line":2030,"column":4},"end":{"line":2030,"column":4}},{"start":{"line":2030,"column":4},"end":{"line":2030,"column":4}}]},"250":{"line":2033,"type":"if","locations":[{"start":{"line":2033,"column":4},"end":{"line":2033,"column":4}},{"start":{"line":2033,"column":4},"end":{"line":2033,"column":4}}]},"251":{"line":2037,"type":"if","locations":[{"start":{"line":2037,"column":6},"end":{"line":2037,"column":6}},{"start":{"line":2037,"column":6},"end":{"line":2037,"column":6}}]},"252":{"line":2040,"type":"if","locations":[{"start":{"line":2040,"column":4},"end":{"line":2040,"column":4}},{"start":{"line":2040,"column":4},"end":{"line":2040,"column":4}}]},"253":{"line":2045,"type":"if","locations":[{"start":{"line":2045,"column":6},"end":{"line":2045,"column":6}},{"start":{"line":2045,"column":6},"end":{"line":2045,"column":6}}]},"254":{"line":2050,"type":"if","locations":[{"start":{"line":2050,"column":4},"end":{"line":2050,"column":4}},{"start":{"line":2050,"column":4},"end":{"line":2050,"column":4}}]},"255":{"line":2056,"type":"cond-expr","locations":[{"start":{"line":2057,"column":8},"end":{"line":2057,"column":34}},{"start":{"line":2057,"column":37},"end":{"line":2057,"column":38}}]},"256":{"line":2056,"type":"binary-expr","locations":[{"start":{"line":2056,"column":20},"end":{"line":2056,"column":45}},{"start":{"line":2056,"column":49},"end":{"line":2056,"column":71}}]},"257":{"line":2059,"type":"if","locations":[{"start":{"line":2059,"column":6},"end":{"line":2059,"column":6}},{"start":{"line":2059,"column":6},"end":{"line":2059,"column":6}}]},"258":{"line":2059,"type":"binary-expr","locations":[{"start":{"line":2059,"column":10},"end":{"line":2059,"column":26}},{"start":{"line":2059,"column":30},"end":{"line":2059,"column":57}}]},"259":{"line":2061,"type":"if","locations":[{"start":{"line":2061,"column":6},"end":{"line":2061,"column":6}},{"start":{"line":2061,"column":6},"end":{"line":2061,"column":6}}]},"260":{"line":2061,"type":"binary-expr","locations":[{"start":{"line":2061,"column":10},"end":{"line":2061,"column":26}},{"start":{"line":2061,"column":30},"end":{"line":2061,"column":47}}]},"261":{"line":2064,"type":"if","locations":[{"start":{"line":2064,"column":6},"end":{"line":2064,"column":6}},{"start":{"line":2064,"column":6},"end":{"line":2064,"column":6}}]},"262":{"line":2066,"type":"if","locations":[{"start":{"line":2066,"column":6},"end":{"line":2066,"column":6}},{"start":{"line":2066,"column":6},"end":{"line":2066,"column":6}}]},"263":{"line":2082,"type":"if","locations":[{"start":{"line":2082,"column":4},"end":{"line":2082,"column":4}},{"start":{"line":2082,"column":4},"end":{"line":2082,"column":4}}]},"264":{"line":2085,"type":"if","locations":[{"start":{"line":2085,"column":4},"end":{"line":2085,"column":4}},{"start":{"line":2085,"column":4},"end":{"line":2085,"column":4}}]},"265":{"line":2089,"type":"if","locations":[{"start":{"line":2089,"column":6},"end":{"line":2089,"column":6}},{"start":{"line":2089,"column":6},"end":{"line":2089,"column":6}}]},"266":{"line":2090,"type":"if","locations":[{"start":{"line":2090,"column":11},"end":{"line":2090,"column":11}},{"start":{"line":2090,"column":11},"end":{"line":2090,"column":11}}]},"267":{"line":2101,"type":"if","locations":[{"start":{"line":2101,"column":6},"end":{"line":2101,"column":6}},{"start":{"line":2101,"column":6},"end":{"line":2101,"column":6}}]},"268":{"line":2102,"type":"switch","locations":[{"start":{"line":2103,"column":10},"end":{"line":2109,"column":18}},{"start":{"line":2110,"column":10},"end":{"line":2115,"column":18}},{"start":{"line":2116,"column":10},"end":{"line":2125,"column":18}},{"start":{"line":2126,"column":10},"end":{"line":2126,"column":19}},{"start":{"line":2126,"column":20},"end":{"line":2129,"column":18}},{"start":{"line":2130,"column":10},"end":{"line":2131,"column":24}}]},"269":{"line":2133,"type":"if","locations":[{"start":{"line":2133,"column":13},"end":{"line":2133,"column":13}},{"start":{"line":2133,"column":13},"end":{"line":2133,"column":13}}]},"270":{"line":2147,"type":"if","locations":[{"start":{"line":2147,"column":4},"end":{"line":2147,"column":4}},{"start":{"line":2147,"column":4},"end":{"line":2147,"column":4}}]},"271":{"line":2148,"type":"switch","locations":[{"start":{"line":2149,"column":8},"end":{"line":2162,"column":67}},{"start":{"line":2164,"column":8},"end":{"line":2168,"column":66}}]},"272":{"line":2155,"type":"if","locations":[{"start":{"line":2155,"column":10},"end":{"line":2155,"column":10}},{"start":{"line":2155,"column":10},"end":{"line":2155,"column":10}}]},"273":{"line":2170,"type":"if","locations":[{"start":{"line":2170,"column":11},"end":{"line":2170,"column":11}},{"start":{"line":2170,"column":11},"end":{"line":2170,"column":11}}]},"274":{"line":2186,"type":"if","locations":[{"start":{"line":2186,"column":4},"end":{"line":2186,"column":4}},{"start":{"line":2186,"column":4},"end":{"line":2186,"column":4}}]},"275":{"line":2188,"type":"if","locations":[{"start":{"line":2188,"column":4},"end":{"line":2188,"column":4}},{"start":{"line":2188,"column":4},"end":{"line":2188,"column":4}}]},"276":{"line":2193,"type":"if","locations":[{"start":{"line":2193,"column":11},"end":{"line":2193,"column":11}},{"start":{"line":2193,"column":11},"end":{"line":2193,"column":11}}]},"277":{"line":2193,"type":"binary-expr","locations":[{"start":{"line":2193,"column":15},"end":{"line":2193,"column":31}},{"start":{"line":2193,"column":35},"end":{"line":2193,"column":55}}]},"278":{"line":2196,"type":"if","locations":[{"start":{"line":2196,"column":6},"end":{"line":2196,"column":6}},{"start":{"line":2196,"column":6},"end":{"line":2196,"column":6}}]},"279":{"line":2198,"type":"if","locations":[{"start":{"line":2198,"column":11},"end":{"line":2198,"column":11}},{"start":{"line":2198,"column":11},"end":{"line":2198,"column":11}}]},"280":{"line":2230,"type":"if","locations":[{"start":{"line":2230,"column":4},"end":{"line":2230,"column":4}},{"start":{"line":2230,"column":4},"end":{"line":2230,"column":4}}]},"281":{"line":2230,"type":"binary-expr","locations":[{"start":{"line":2230,"column":8},"end":{"line":2230,"column":39}},{"start":{"line":2230,"column":43},"end":{"line":2230,"column":69}}]},"282":{"line":2234,"type":"if","locations":[{"start":{"line":2234,"column":4},"end":{"line":2234,"column":4}},{"start":{"line":2234,"column":4},"end":{"line":2234,"column":4}}]},"283":{"line":2236,"type":"binary-expr","locations":[{"start":{"line":2236,"column":12},"end":{"line":2236,"column":18}},{"start":{"line":2236,"column":22},"end":{"line":2236,"column":24}}]},"284":{"line":2250,"type":"if","locations":[{"start":{"line":2250,"column":4},"end":{"line":2250,"column":4}},{"start":{"line":2250,"column":4},"end":{"line":2250,"column":4}}]},"285":{"line":2250,"type":"binary-expr","locations":[{"start":{"line":2250,"column":11},"end":{"line":2250,"column":39}},{"start":{"line":2250,"column":45},"end":{"line":2250,"column":73}},{"start":{"line":2250,"column":79},"end":{"line":2250,"column":107}}]},"286":{"line":2254,"type":"if","locations":[{"start":{"line":2254,"column":4},"end":{"line":2254,"column":4}},{"start":{"line":2254,"column":4},"end":{"line":2254,"column":4}}]},"287":{"line":2255,"type":"if","locations":[{"start":{"line":2255,"column":4},"end":{"line":2255,"column":4}},{"start":{"line":2255,"column":4},"end":{"line":2255,"column":4}}]},"288":{"line":2272,"type":"if","locations":[{"start":{"line":2272,"column":4},"end":{"line":2272,"column":4}},{"start":{"line":2272,"column":4},"end":{"line":2272,"column":4}}]},"289":{"line":2275,"type":"if","locations":[{"start":{"line":2275,"column":4},"end":{"line":2275,"column":4}},{"start":{"line":2275,"column":4},"end":{"line":2275,"column":4}}]},"290":{"line":2275,"type":"binary-expr","locations":[{"start":{"line":2275,"column":8},"end":{"line":2275,"column":13}},{"start":{"line":2275,"column":17},"end":{"line":2275,"column":44}}]},"291":{"line":2280,"type":"binary-expr","locations":[{"start":{"line":2280,"column":21},"end":{"line":2280,"column":38}},{"start":{"line":2280,"column":42},"end":{"line":2280,"column":56}}]},"292":{"line":2285,"type":"if","locations":[{"start":{"line":2285,"column":4},"end":{"line":2285,"column":4}},{"start":{"line":2285,"column":4},"end":{"line":2285,"column":4}}]},"293":{"line":2286,"type":"if","locations":[{"start":{"line":2286,"column":4},"end":{"line":2286,"column":4}},{"start":{"line":2286,"column":4},"end":{"line":2286,"column":4}}]},"294":{"line":2289,"type":"if","locations":[{"start":{"line":2289,"column":4},"end":{"line":2289,"column":4},"skip":true},{"start":{"line":2289,"column":4},"end":{"line":2289,"column":4}}]}}}}