{"/home/travis/build/oxyc/luaparse/gh-pages/luaparse/luaparse.js":{"path":"/home/travis/build/oxyc/luaparse/gh-pages/luaparse/luaparse.js","s":{"1":1,"2":1,"3":1,"4":1,"5":1,"6":0,"7":0,"8":0,"9":1,"10":1,"11":1,"12":0,"13":0,"14":1,"15":1,"16":1,"17":1,"18":1,"19":1,"20":1,"21":2,"22":16,"23":2,"24":29,"25":20,"26":28,"27":6,"28":8,"29":11,"30":43,"31":12,"32":80,"33":185,"34":50,"35":44,"36":13,"37":16,"38":363,"39":834,"40":459,"41":459,"42":4,"43":11,"44":44,"45":63,"46":126,"47":126,"48":19,"49":79,"50":38,"51":48,"52":18,"53":19,"54":17,"55":1,"56":2690,"57":2327,"58":2327,"59":2327,"60":2323,"61":2327,"62":2295,"63":2690,"64":8,"65":2690,"66":1,"67":675,"68":182,"69":27,"70":648,"71":1,"72":416,"73":123,"74":32,"75":384,"76":1,"77":472,"78":472,"79":1198,"80":472,"81":1,"82":599,"83":599,"84":1198,"85":1198,"86":7093,"87":7093,"88":599,"89":1,"90":236,"91":236,"92":212,"93":212,"94":212,"95":212,"96":212,"97":24,"98":24,"99":24,"100":24,"101":24,"102":236,"103":1,"104":100,"105":1,"106":40,"107":40,"108":40,"109":36,"110":36,"111":6,"112":6,"113":7,"114":7,"115":6,"116":6,"117":11,"118":11,"119":4,"120":4,"121":1,"122":1,"123":1,"124":35,"125":4,"126":1,"127":1,"128":1,"129":4576,"130":4576,"131":18,"132":18,"133":4576,"134":953,"135":3623,"136":3623,"137":3623,"138":1735,"139":1888,"140":87,"141":393,"142":75,"143":3,"144":72,"145":22,"146":14,"147":8,"148":50,"149":353,"150":7,"151":346,"152":8,"153":1,"154":7,"155":1,"156":6,"157":12,"158":2,"159":2,"160":10,"161":1,"162":9,"163":12,"164":3,"165":9,"166":2,"167":7,"168":46,"169":7,"170":5,"171":41,"172":54,"173":6,"174":48,"175":11,"176":2,"177":1,"178":10,"179":6,"180":1,"181":835,"182":4,"183":1,"184":3658,"185":3658,"186":16,"187":1,"188":16,"189":1,"190":16,"191":16,"192":16,"193":3642,"194":1,"195":4595,"196":5516,"197":5516,"198":1864,"199":3652,"200":3642,"201":1,"202":1735,"203":1735,"204":1735,"205":1735,"206":842,"207":893,"208":22,"209":22,"210":871,"211":8,"212":8,"213":863,"214":1735,"215":1,"216":1381,"217":1381,"218":1,"219":14,"220":14,"221":1,"222":87,"223":87,"224":309,"225":309,"226":70,"227":239,"228":41,"229":27,"230":198,"231":3,"232":3,"233":70,"234":70,"235":1,"236":6,"237":6,"238":1,"239":5,"240":1,"241":396,"242":396,"243":393,"244":1,"245":9,"246":9,"247":9,"248":1,"249":8,"250":8,"251":8,"252":8,"253":2,"254":2,"255":1,"256":2,"257":2,"258":8,"259":5,"260":5,"261":3,"262":5,"263":5,"264":1,"265":4,"266":4,"267":4,"268":4,"269":7,"270":1,"271":387,"272":386,"273":387,"274":5,"275":5,"276":5,"277":387,"278":5,"279":5,"280":2,"281":5,"282":1,"283":4,"284":4,"285":386,"286":1,"287":17,"288":17,"289":1,"290":16,"291":1,"292":15,"293":9,"294":15,"295":15,"296":64,"297":64,"298":1,"299":14,"300":14,"301":3,"302":2,"303":1,"304":11,"305":11,"306":1,"307":10,"308":2,"309":8,"310":2,"311":6,"312":4,"313":2,"314":1,"315":41,"316":41,"317":1,"318":1,"319":1,"320":1,"321":1,"322":1,"323":1,"324":1,"325":1,"326":1,"327":1,"328":1,"329":1,"330":1,"331":7,"332":17,"333":7,"334":7,"335":2,"336":5,"337":2,"338":1,"339":1,"340":1,"341":6,"342":4,"343":1,"344":1,"345":3,"346":19,"347":17,"348":3,"349":1,"350":4,"351":1,"352":18,"353":18,"354":18,"355":18,"356":7,"357":7,"358":1,"359":6,"360":18,"361":12,"362":84,"363":5,"364":79,"365":12,"366":11,"367":18,"368":17,"369":17,"370":16,"371":17,"372":16,"373":17,"374":1,"375":17,"376":1,"377":13,"378":13,"379":13,"380":7,"381":13,"382":2,"383":11,"384":11,"385":1,"386":11,"387":11,"388":104,"389":5,"390":104,"391":104,"392":13,"393":13,"394":10,"395":5,"396":13,"397":1,"398":104,"399":11,"400":11,"401":11,"402":11,"403":1,"404":3977,"405":3977,"406":3977,"407":1,"408":2383,"409":431,"410":431,"411":1952,"412":1,"413":896,"414":826,"415":70,"416":1,"417":5516,"418":1,"419":4054,"420":1,"421":908,"422":1,"423":129,"424":1,"425":3623,"426":1,"427":4518,"428":1,"429":1735,"430":177,"431":295,"432":71,"433":48,"434":23,"435":3,"436":20,"437":190,"438":70,"439":99,"440":833,"441":1,"442":881,"443":226,"444":655,"445":58,"446":597,"447":1,"448":56,"449":50,"450":6,"451":1,"452":1331,"453":369,"454":962,"455":390,"456":572,"457":169,"458":403,"459":1,"460":1,"461":814,"462":814,"463":814,"464":2,"465":1,"466":498,"467":498,"468":498,"469":2,"470":1,"471":243,"472":11,"473":232,"474":1,"475":236,"476":236,"477":1,"478":670,"479":384,"480":670,"481":1,"482":432,"483":1,"484":1,"485":4762,"486":1,"487":4769,"488":4762,"489":4769,"490":4710,"491":1,"492":2327,"493":2323,"494":2323,"495":2327,"496":2295,"497":1,"498":2433,"499":2278,"500":1,"501":1006,"502":843,"503":1,"504":599,"505":599,"506":599,"507":551,"508":599,"509":369,"510":321,"511":369,"512":6,"513":363,"514":6,"515":363,"516":1,"517":814,"518":814,"519":793,"520":30,"521":29,"522":763,"523":517,"524":482,"525":567,"526":1,"527":793,"528":793,"529":403,"530":124,"531":124,"532":33,"533":33,"534":30,"535":30,"536":44,"537":44,"538":37,"539":23,"540":23,"541":58,"542":58,"543":21,"544":21,"545":16,"546":16,"547":50,"548":50,"549":3,"550":3,"551":391,"552":59,"553":3,"554":388,"555":351,"556":388,"557":35,"558":353,"559":1,"560":3,"561":3,"562":2,"563":2,"564":3,"565":2,"566":1,"567":16,"568":1,"569":3,"570":2,"571":1,"572":50,"573":49,"574":50,"575":48,"576":47,"577":48,"578":43,"579":1,"580":23,"581":19,"582":16,"583":15,"584":16,"585":13,"586":12,"587":13,"588":11,"589":1,"590":21,"591":20,"592":21,"593":17,"594":14,"595":12,"596":11,"597":12,"598":1,"599":30,"600":30,"601":18,"602":18,"603":7,"604":18,"605":7,"606":6,"607":17,"608":29,"609":1,"610":33,"611":33,"612":32,"613":32,"614":33,"615":30,"616":28,"617":27,"618":28,"619":28,"620":27,"621":28,"622":28,"623":27,"624":28,"625":9,"626":9,"627":7,"628":6,"629":5,"630":6,"631":6,"632":5,"633":6,"634":6,"635":5,"636":25,"637":8,"638":7,"639":7,"640":8,"641":7,"642":8,"643":8,"644":7,"645":8,"646":25,"647":20,"648":1,"649":58,"650":52,"651":50,"652":50,"653":52,"654":23,"655":21,"656":19,"657":18,"658":17,"659":16,"660":14,"661":13,"662":12,"663":13,"664":29,"665":29,"666":11,"667":10,"668":9,"669":10,"670":28,"671":24,"672":24,"673":27,"674":24,"675":21,"676":20,"677":18,"678":16,"679":15,"680":16,"681":1,"682":124,"683":124,"684":85,"685":85,"686":104,"687":102,"688":83,"689":26,"690":34,"691":31,"692":80,"693":79,"694":92,"695":80,"696":39,"697":33,"698":30,"699":29,"700":29,"701":30,"702":6,"703":1,"704":251,"705":5,"706":1,"707":353,"708":353,"709":316,"710":353,"711":323,"712":24,"713":299,"714":243,"715":243,"716":238,"717":9,"718":9,"719":1,"720":8,"721":8,"722":237,"723":234,"724":238,"725":189,"726":185,"727":185,"728":56,"729":50,"730":50,"731":6,"732":1,"733":880,"734":880,"735":880,"736":23,"737":857,"738":834,"739":1,"740":89,"741":89,"742":75,"743":52,"744":91,"745":57,"746":57,"747":56,"748":57,"749":57,"750":31,"751":26,"752":18,"753":34,"754":13,"755":13,"756":9,"757":21,"758":50,"759":46,"760":44,"761":41,"762":44,"763":44,"764":1,"765":44,"766":44,"767":43,"768":44,"769":41,"770":40,"771":40,"772":41,"773":11,"774":11,"775":9,"776":39,"777":8,"778":8,"779":6,"780":6,"781":5,"782":37,"783":1,"784":84,"785":84,"786":120,"787":120,"788":9,"789":7,"790":6,"791":5,"792":4,"793":111,"794":35,"795":15,"796":15,"797":15,"798":11,"799":20,"800":20,"801":76,"802":51,"803":51,"804":24,"805":59,"806":36,"807":36,"808":23,"809":74,"810":63,"811":1,"812":725,"813":678,"814":1,"815":581,"816":535,"817":37,"818":498,"819":1,"820":520,"821":520,"822":372,"823":26,"824":25,"825":38,"826":2,"827":7,"828":6,"829":20,"830":148,"831":91,"832":1,"833":8,"834":7,"835":3,"836":4,"837":13,"838":7,"839":57,"840":7,"841":353,"842":1,"843":881,"844":881,"845":719,"846":881,"847":23,"848":23,"849":23,"850":23,"851":4,"852":19,"853":877,"854":858,"855":827,"856":343,"857":839,"858":155,"859":684,"860":684,"861":810,"862":810,"863":810,"864":677,"865":133,"866":34,"867":133,"868":133,"869":131,"870":5,"871":126,"872":46,"873":126,"874":677,"875":1,"876":705,"877":705,"878":636,"879":705,"880":466,"881":466,"882":443,"883":392,"884":239,"885":59,"886":56,"887":54,"888":180,"889":497,"890":497,"891":655,"892":519,"893":39,"894":39,"895":39,"896":38,"897":38,"898":38,"899":37,"900":37,"901":37,"902":35,"903":35,"904":30,"905":30,"906":30,"907":29,"908":29,"909":29,"910":26,"911":47,"912":47,"913":45,"914":366,"915":136,"916":14,"917":14,"918":122,"919":122,"920":1,"921":90,"922":69,"923":50,"924":50,"925":50,"926":50,"927":3,"928":50,"929":3,"930":2,"931":49,"932":48,"933":18,"934":18,"935":18,"936":18,"937":21,"938":19,"939":3,"940":1,"941":890,"942":890,"943":738,"944":890,"945":459,"946":459,"947":459,"948":459,"949":431,"950":22,"951":22,"952":22,"953":21,"954":22,"955":409,"956":66,"957":66,"958":1,"959":1,"960":599,"961":1,"962":1,"963":599,"964":30,"965":599,"966":599,"967":599,"968":599,"969":599,"970":599,"971":599,"972":599,"973":599,"974":599,"975":599,"976":0,"977":599,"978":598,"979":599,"980":598,"981":1,"982":1,"983":1,"984":1,"985":1,"986":1,"987":1,"988":1,"989":599,"990":1,"991":599,"992":1,"993":1,"994":599,"995":599,"996":599,"997":599,"998":363,"999":362,"1000":363,"1001":315,"1002":363,"1003":0,"1004":363},"b":{"1":[1,1,1,1],"2":[1,1,1,1],"3":[1,1,1,1],"4":[1,1,1],"5":[1,0],"6":[1,1,0,0],"7":[0,1],"8":[1,0,0],"9":[0,0],"10":[0,0],"11":[1,0],"12":[1,1],"13":[1,0],"14":[66,393],"15":[352,41],"16":[20,21],"17":[7,14],"18":[9,117],"19":[126,121],"20":[2327,363],"21":[2323,4],"22":[2295,32],"23":[8,2682],"24":[27,155],"25":[32,91],"26":[1198,0],"27":[7093,0],"28":[212,24],"29":[40,0],"30":[36,4],"31":[6,7,6,11,4,1,1],"32":[4594,30],"33":[953,3623],"34":[1735,1888],"35":[28,87,28,245,345,377,388,390,391,391,393,393,75,353,8,12,12,46,54,11,3,6,18,44,44,202,287,355,401,590,751,799,801,813,835],"36":[3,72],"37":[22,50],"38":[14,8],"39":[7,346],"40":[1,7],"41":[1,6],"42":[2,10],"43":[2,0],"44":[1,9],"45":[3,9],"46":[2,7],"47":[9,8],"48":[7,39],"49":[46,39],"50":[5,2],"51":[6,48],"52":[54,49],"53":[2,9],"54":[1,1],"55":[1,5],"56":[6,6],"57":[16,3642],"58":[1,15],"59":[16,14],"60":[1,15],"61":[16,2],"62":[1864,3652],"63":[3642,10],"64":[842,893],"65":[22,871],"66":[893,875],"67":[8,863],"68":[70,239],"69":[41,198],"70":[3,195],"71":[198,197],"72":[1,5],"73":[9,387],"74":[396,28],"75":[28,17],"76":[1,8],"77":[2,6],"78":[1,1],"79":[5,3],"80":[8,3],"81":[3,2],"82":[5,1],"83":[2,1],"84":[1,4],"85":[5,382],"86":[5,382],"87":[387,108],"88":[2,3],"89":[5,1],"90":[1,4],"91":[1,16],"92":[1,15],"93":[1,63],"94":[3,11],"95":[2,1],"96":[3,2],"97":[1,10],"98":[2,8],"99":[2,6],"100":[4,2],"101":[1,1,1,1,1,1,1,1,2,4,5,5,5,5,5,7,7,2,6,19,3,3,3,4],"102":[24,17],"103":[2,5],"104":[1,1],"105":[2,1],"106":[4,2],"107":[6,2],"108":[1,3],"109":[4,3],"110":[17,2],"111":[1,2],"112":[3,2],"113":[7,11],"114":[1,6],"115":[12,6],"116":[5,79],"117":[11,1],"118":[17,1],"119":[16,1],"120":[16,1],"121":[1,16],"122":[2,11],"123":[1,10],"124":[5,99],"125":[13,91],"126":[5,5],"127":[1,12],"128":[11,93],"129":[431,1952],"130":[826,70],"131":[5516,5516,3652,3652],"132":[4054,4028],"133":[908,518],"134":[129,120,67,55,31,22],"135":[3623,2030,3623,1903,1888],"136":[4518,2864,4518,2798,1735,1735,161],"137":[177,295,71,190,70,99],"138":[177,64,31,5],"139":[295,289,106,48],"140":[48,23],"141":[71,61],"142":[3,20],"143":[23,20],"144":[190,174,44,27],"145":[70,60,39],"146":[226,655],"147":[58,597],"148":[31,40,50],"149":[369,962],"150":[390,572],"151":[9,19,156,169,403],"152":[2,812],"153":[2,496],"154":[11,232],"155":[384,286],"156":[670,416],"157":[4762,7],"158":[4710,59],"159":[2323,4],"160":[2295,32],"161":[2278,155],"162":[843,163],"163":[551,48],"164":[321,48],"165":[6,363],"166":[6,357],"167":[363,322],"168":[30,763],"169":[482,35],"170":[403,390],"171":[124,33,30,44,23,58,21,16,50,3],"172":[59,332],"173":[3,56],"174":[351,37],"175":[35,353],"176":[2,1],"177":[49,1],"178":[47,1],"179":[15,1],"180":[12,1],"181":[20,1],"182":[11,1],"183":[18,12],"184":[7,11],"185":[32,1],"186":[27,1],"187":[27,1],"188":[27,1],"189":[5,1],"190":[5,1],"191":[5,1],"192":[8,17],"193":[7,1],"194":[7,1],"195":[7,1],"196":[50,2],"197":[23,29],"198":[4,14],"199":[12,1],"200":[9,1],"201":[15,1],"202":[85,39],"203":[26,57],"204":[79,1],"205":[33,6],"206":[29,1],"207":[5,246],"208":[251,250],"209":[316,37],"210":[24,299],"211":[243,56],"212":[1,8],"213":[50,6],"214":[23,857],"215":[52,23],"216":[57,34],"217":[56,1],"218":[31,26],"219":[18,8],"220":[13,21],"221":[41,3],"222":[44,30],"223":[43,1],"224":[40,1],"225":[8,31],"226":[5,1],"227":[9,111],"228":[120,66],"229":[35,76],"230":[15,20],"231":[51,24],"232":[36,23],"233":[37,498],"234":[372,148],"235":[26,14,25,25,31,38,2,7,6,9,20],"236":[91,57],"237":[1,8,4,7,11,13,7],"238":[3,4],"239":[7,5],"240":[7,50],"241":[57,7],"242":[719,162],"243":[23,858],"244":[4,19],"245":[858,19],"246":[343,484],"247":[155,684],"248":[520,290],"249":[810,409],"250":[677,133],"251":[810,167],"252":[34,99],"253":[133,107],"254":[5,126],"255":[46,80],"256":[636,69],"257":[466,239],"258":[392,51],"259":[59,180],"260":[519,136],"261":[39,37,30,34,47,366],"262":[14,122],"263":[69,21],"264":[50,18],"265":[3,47],"266":[19,2],"267":[738,152],"268":[459,431],"269":[22,409],"270":[431,46],"271":[21,1],"272":[66,343],"273":[1,598],"274":[599,31],"275":[30,569],"276":[599,2],"277":[0,599],"278":[599,36,23],"279":[598,1],"280":[598,1],"281":[1,598],"282":[1,598],"283":[599,598],"284":[599,42],"285":[362,1],"286":[315,48],"287":[0,363]},"f":{"1":1,"2":1,"3":2,"4":16,"5":2,"6":29,"7":20,"8":28,"9":6,"10":8,"11":11,"12":43,"13":12,"14":80,"15":185,"16":50,"17":44,"18":13,"19":16,"20":363,"21":834,"22":459,"23":4,"24":11,"25":44,"26":63,"27":126,"28":19,"29":79,"30":38,"31":48,"32":18,"33":19,"34":17,"35":2690,"36":675,"37":416,"38":472,"39":1198,"40":599,"41":236,"42":100,"43":40,"44":4576,"45":3658,"46":4595,"47":1735,"48":1381,"49":14,"50":87,"51":6,"52":396,"53":9,"54":387,"55":17,"56":41,"57":18,"58":13,"59":3977,"60":2383,"61":896,"62":5516,"63":4054,"64":908,"65":129,"66":3623,"67":4518,"68":1735,"69":881,"70":56,"71":1331,"72":814,"73":498,"74":243,"75":236,"76":670,"77":432,"78":4762,"79":4769,"80":2327,"81":2433,"82":1006,"83":599,"84":814,"85":793,"86":3,"87":16,"88":3,"89":50,"90":23,"91":21,"92":30,"93":33,"94":58,"95":124,"96":251,"97":353,"98":880,"99":89,"100":44,"101":84,"102":725,"103":581,"104":520,"105":881,"106":705,"107":90,"108":890,"109":599,"110":1,"111":599,"112":1},"fnMap":{"1":{"name":"(anonymous_1)","line":3,"loc":{"start":{"line":3,"column":1},"end":{"line":3,"column":32}}},"2":{"name":"(anonymous_2)","line":47,"loc":{"start":{"line":47,"column":20},"end":{"line":47,"column":39}}},"3":{"name":"(anonymous_3)","line":117,"loc":{"start":{"line":117,"column":22},"end":{"line":117,"column":38}}},"4":{"name":"(anonymous_4)","line":124,"loc":{"start":{"line":124,"column":22},"end":{"line":124,"column":33}}},"5":{"name":"(anonymous_5)","line":130,"loc":{"start":{"line":130,"column":21},"end":{"line":130,"column":37}}},"6":{"name":"(anonymous_6)","line":137,"loc":{"start":{"line":137,"column":23},"end":{"line":137,"column":38}}},"7":{"name":"(anonymous_7)","line":144,"loc":{"start":{"line":144,"column":19},"end":{"line":144,"column":37}}},"8":{"name":"(anonymous_8)","line":150,"loc":{"start":{"line":150,"column":16},"end":{"line":150,"column":42}}},"9":{"name":"(anonymous_9)","line":157,"loc":{"start":{"line":157,"column":20},"end":{"line":157,"column":46}}},"10":{"name":"(anonymous_10)","line":164,"loc":{"start":{"line":164,"column":18},"end":{"line":164,"column":33}}},"11":{"name":"(anonymous_11)","line":171,"loc":{"start":{"line":171,"column":22},"end":{"line":171,"column":48}}},"12":{"name":"(anonymous_12)","line":179,"loc":{"start":{"line":179,"column":19},"end":{"line":179,"column":34}}},"13":{"name":"(anonymous_13)","line":186,"loc":{"start":{"line":186,"column":23},"end":{"line":186,"column":49}}},"14":{"name":"(anonymous_14)","line":194,"loc":{"start":{"line":194,"column":22},"end":{"line":194,"column":48}}},"15":{"name":"(anonymous_15)","line":202,"loc":{"start":{"line":202,"column":27},"end":{"line":202,"column":53}}},"16":{"name":"(anonymous_16)","line":210,"loc":{"start":{"line":210,"column":21},"end":{"line":210,"column":42}}},"17":{"name":"(anonymous_17)","line":217,"loc":{"start":{"line":217,"column":25},"end":{"line":217,"column":73}}},"18":{"name":"(anonymous_18)","line":227,"loc":{"start":{"line":227,"column":27},"end":{"line":227,"column":70}}},"19":{"name":"(anonymous_19)","line":238,"loc":{"start":{"line":238,"column":27},"end":{"line":238,"column":64}}},"20":{"name":"(anonymous_20)","line":247,"loc":{"start":{"line":247,"column":13},"end":{"line":247,"column":28}}},"21":{"name":"(anonymous_21)","line":254,"loc":{"start":{"line":254,"column":18},"end":{"line":254,"column":33}}},"22":{"name":"(anonymous_22)","line":261,"loc":{"start":{"line":261,"column":15},"end":{"line":261,"column":42}}},"23":{"name":"(anonymous_23)","line":275,"loc":{"start":{"line":275,"column":16},"end":{"line":275,"column":37}}},"24":{"name":"(anonymous_24)","line":282,"loc":{"start":{"line":282,"column":22},"end":{"line":282,"column":43}}},"25":{"name":"(anonymous_25)","line":289,"loc":{"start":{"line":289,"column":18},"end":{"line":289,"column":34}}},"26":{"name":"(anonymous_26)","line":297,"loc":{"start":{"line":297,"column":34},"end":{"line":297,"column":51}}},"27":{"name":"(anonymous_27)","line":303,"loc":{"start":{"line":303,"column":24},"end":{"line":303,"column":56}}},"28":{"name":"(anonymous_28)","line":315,"loc":{"start":{"line":315,"column":23},"end":{"line":315,"column":52}}},"29":{"name":"(anonymous_29)","line":322,"loc":{"start":{"line":322,"column":24},"end":{"line":322,"column":60}}},"30":{"name":"(anonymous_30)","line":331,"loc":{"start":{"line":331,"column":23},"end":{"line":331,"column":45}}},"31":{"name":"(anonymous_31)","line":339,"loc":{"start":{"line":339,"column":22},"end":{"line":339,"column":43}}},"32":{"name":"(anonymous_32)","line":347,"loc":{"start":{"line":347,"column":27},"end":{"line":347,"column":48}}},"33":{"name":"(anonymous_33)","line":355,"loc":{"start":{"line":355,"column":28},"end":{"line":355,"column":53}}},"34":{"name":"(anonymous_34)","line":363,"loc":{"start":{"line":363,"column":15},"end":{"line":363,"column":36}}},"35":{"name":"finishNode","line":374,"loc":{"start":{"line":374,"column":2},"end":{"line":374,"column":28}}},"36":{"name":"indexOf","line":392,"loc":{"start":{"line":392,"column":16},"end":{"line":392,"column":49}}},"37":{"name":"indexOfObject","line":402,"loc":{"start":{"line":402,"column":2},"end":{"line":402,"column":51}}},"38":{"name":"sprintf","line":417,"loc":{"start":{"line":417,"column":2},"end":{"line":417,"column":27}}},"39":{"name":"(anonymous_39)","line":419,"loc":{"start":{"line":419,"column":38},"end":{"line":419,"column":62}}},"40":{"name":"extend","line":432,"loc":{"start":{"line":432,"column":2},"end":{"line":432,"column":20}}},"41":{"name":"raise","line":461,"loc":{"start":{"line":461,"column":2},"end":{"line":461,"column":24}}},"42":{"name":"raiseUnexpectedToken","line":488,"loc":{"start":{"line":488,"column":2},"end":{"line":488,"column":45}}},"43":{"name":"unexpected","line":505,"loc":{"start":{"line":505,"column":2},"end":{"line":505,"column":35}}},"44":{"name":"lex","line":554,"loc":{"start":{"line":554,"column":2},"end":{"line":554,"column":17}}},"45":{"name":"consumeEOL","line":650,"loc":{"start":{"line":650,"column":2},"end":{"line":650,"column":24}}},"46":{"name":"skipWhiteSpace","line":666,"loc":{"start":{"line":666,"column":2},"end":{"line":666,"column":28}}},"47":{"name":"scanIdentifierOrKeyword","line":681,"loc":{"start":{"line":681,"column":2},"end":{"line":681,"column":37}}},"48":{"name":"scanPunctuator","line":714,"loc":{"start":{"line":714,"column":2},"end":{"line":714,"column":33}}},"49":{"name":"scanVarargLiteral","line":727,"loc":{"start":{"line":727,"column":2},"end":{"line":727,"column":31}}},"50":{"name":"scanStringLiteral","line":740,"loc":{"start":{"line":740,"column":2},"end":{"line":740,"column":31}}},"51":{"name":"scanLongStringLiteral","line":775,"loc":{"start":{"line":775,"column":2},"end":{"line":775,"column":35}}},"52":{"name":"scanNumericLiteral","line":795,"loc":{"start":{"line":795,"column":2},"end":{"line":795,"column":32}}},"53":{"name":"readHexLiteral","line":821,"loc":{"start":{"line":821,"column":2},"end":{"line":821,"column":28}}},"54":{"name":"readDecLiteral","line":878,"loc":{"start":{"line":878,"column":2},"end":{"line":878,"column":28}}},"55":{"name":"readUnicodeEscapeSequence","line":901,"loc":{"start":{"line":901,"column":2},"end":{"line":901,"column":39}}},"56":{"name":"readEscapeSequence","line":963,"loc":{"start":{"line":963,"column":2},"end":{"line":963,"column":32}}},"57":{"name":"scanComment","line":1028,"loc":{"start":{"line":1028,"column":2},"end":{"line":1028,"column":25}}},"58":{"name":"readLongString","line":1076,"loc":{"start":{"line":1076,"column":2},"end":{"line":1076,"column":28}}},"59":{"name":"next","line":1128,"loc":{"start":{"line":1128,"column":2},"end":{"line":1128,"column":18}}},"60":{"name":"consume","line":1137,"loc":{"start":{"line":1137,"column":2},"end":{"line":1137,"column":26}}},"61":{"name":"expect","line":1147,"loc":{"start":{"line":1147,"column":2},"end":{"line":1147,"column":25}}},"62":{"name":"isWhiteSpace","line":1154,"loc":{"start":{"line":1154,"column":2},"end":{"line":1154,"column":34}}},"63":{"name":"isLineTerminator","line":1158,"loc":{"start":{"line":1158,"column":2},"end":{"line":1158,"column":38}}},"64":{"name":"isDecDigit","line":1162,"loc":{"start":{"line":1162,"column":2},"end":{"line":1162,"column":32}}},"65":{"name":"isHexDigit","line":1166,"loc":{"start":{"line":1166,"column":2},"end":{"line":1166,"column":32}}},"66":{"name":"isIdentifierStart","line":1173,"loc":{"start":{"line":1173,"column":2},"end":{"line":1173,"column":39}}},"67":{"name":"isIdentifierPart","line":1177,"loc":{"start":{"line":1177,"column":2},"end":{"line":1177,"column":38}}},"68":{"name":"isKeyword","line":1185,"loc":{"start":{"line":1185,"column":2},"end":{"line":1185,"column":25}}},"69":{"name":"isUnary","line":1207,"loc":{"start":{"line":1207,"column":2},"end":{"line":1207,"column":26}}},"70":{"name":"isCallExpression","line":1214,"loc":{"start":{"line":1214,"column":2},"end":{"line":1214,"column":40}}},"71":{"name":"isBlockFollow","line":1226,"loc":{"start":{"line":1226,"column":2},"end":{"line":1226,"column":32}}},"72":{"name":"createScope","line":1250,"loc":{"start":{"line":1250,"column":2},"end":{"line":1250,"column":25}}},"73":{"name":"destroyScope","line":1257,"loc":{"start":{"line":1257,"column":2},"end":{"line":1257,"column":26}}},"74":{"name":"scopeIdentifierName","line":1264,"loc":{"start":{"line":1264,"column":2},"end":{"line":1264,"column":37}}},"75":{"name":"scopeIdentifier","line":1270,"loc":{"start":{"line":1270,"column":2},"end":{"line":1270,"column":33}}},"76":{"name":"attachScope","line":1277,"loc":{"start":{"line":1277,"column":2},"end":{"line":1277,"column":38}}},"77":{"name":"scopeHasName","line":1285,"loc":{"start":{"line":1285,"column":2},"end":{"line":1285,"column":30}}},"78":{"name":"createLocationMarker","line":1299,"loc":{"start":{"line":1299,"column":2},"end":{"line":1299,"column":34}}},"79":{"name":"Marker","line":1303,"loc":{"start":{"line":1303,"column":2},"end":{"line":1303,"column":25}}},"80":{"name":"(anonymous_80)","line":1321,"loc":{"start":{"line":1321,"column":30},"end":{"line":1321,"column":41}}},"81":{"name":"markLocation","line":1332,"loc":{"start":{"line":1332,"column":2},"end":{"line":1332,"column":26}}},"82":{"name":"pushLocation","line":1337,"loc":{"start":{"line":1337,"column":2},"end":{"line":1337,"column":32}}},"83":{"name":"parseChunk","line":1348,"loc":{"start":{"line":1348,"column":2},"end":{"line":1348,"column":24}}},"84":{"name":"parseBlock","line":1365,"loc":{"start":{"line":1365,"column":2},"end":{"line":1365,"column":34}}},"85":{"name":"parseStatement","line":1391,"loc":{"start":{"line":1391,"column":2},"end":{"line":1391,"column":28}}},"86":{"name":"parseLabelStatement","line":1427,"loc":{"start":{"line":1427,"column":2},"end":{"line":1427,"column":33}}},"87":{"name":"parseBreakStatement","line":1442,"loc":{"start":{"line":1442,"column":2},"end":{"line":1442,"column":33}}},"88":{"name":"parseGotoStatement","line":1448,"loc":{"start":{"line":1448,"column":2},"end":{"line":1448,"column":32}}},"89":{"name":"parseDoStatement","line":1457,"loc":{"start":{"line":1457,"column":2},"end":{"line":1457,"column":30}}},"90":{"name":"parseWhileStatement","line":1467,"loc":{"start":{"line":1467,"column":2},"end":{"line":1467,"column":33}}},"91":{"name":"parseRepeatStatement","line":1479,"loc":{"start":{"line":1479,"column":2},"end":{"line":1479,"column":34}}},"92":{"name":"parseReturnStatement","line":1490,"loc":{"start":{"line":1490,"column":2},"end":{"line":1490,"column":34}}},"93":{"name":"parseIfStatement","line":1508,"loc":{"start":{"line":1508,"column":2},"end":{"line":1508,"column":30}}},"94":{"name":"parseForStatement","line":1562,"loc":{"start":{"line":1562,"column":2},"end":{"line":1562,"column":31}}},"95":{"name":"parseLocalStatement","line":1629,"loc":{"start":{"line":1629,"column":2},"end":{"line":1629,"column":33}}},"96":{"name":"validateVar","line":1675,"loc":{"start":{"line":1675,"column":2},"end":{"line":1675,"column":29}}},"97":{"name":"parseAssignmentOrCallStatement","line":1690,"loc":{"start":{"line":1690,"column":2},"end":{"line":1690,"column":44}}},"98":{"name":"parseIdentifier","line":1737,"loc":{"start":{"line":1737,"column":2},"end":{"line":1737,"column":29}}},"99":{"name":"parseFunctionDeclaration","line":1755,"loc":{"start":{"line":1755,"column":2},"end":{"line":1755,"column":51}}},"100":{"name":"parseFunctionName","line":1797,"loc":{"start":{"line":1797,"column":2},"end":{"line":1797,"column":31}}},"101":{"name":"parseTableConstructor","line":1830,"loc":{"start":{"line":1830,"column":2},"end":{"line":1830,"column":35}}},"102":{"name":"parseExpression","line":1884,"loc":{"start":{"line":1884,"column":2},"end":{"line":1884,"column":29}}},"103":{"name":"parseExpectedExpression","line":1891,"loc":{"start":{"line":1891,"column":2},"end":{"line":1891,"column":37}}},"104":{"name":"binaryPrecedence","line":1906,"loc":{"start":{"line":1906,"column":2},"end":{"line":1906,"column":38}}},"105":{"name":"parseSubExpression","line":1943,"loc":{"start":{"line":1943,"column":2},"end":{"line":1943,"column":45}}},"106":{"name":"parsePrefixExpression","line":1997,"loc":{"start":{"line":1997,"column":2},"end":{"line":1997,"column":35}}},"107":{"name":"parseCallExpression","line":2064,"loc":{"start":{"line":2064,"column":2},"end":{"line":2064,"column":37}}},"108":{"name":"parsePrimaryExpression","line":2098,"loc":{"start":{"line":2098,"column":2},"end":{"line":2098,"column":36}}},"109":{"name":"parse","line":2147,"loc":{"start":{"line":2147,"column":2},"end":{"line":2147,"column":35}}},"110":{"name":"write","line":2180,"loc":{"start":{"line":2180,"column":2},"end":{"line":2180,"column":25}}},"111":{"name":"end","line":2189,"loc":{"start":{"line":2189,"column":2},"end":{"line":2189,"column":23}}},"112":{"name":"(anonymous_112)","line":2193,"loc":{"start":{"line":2193,"column":75},"end":{"line":2193,"column":91}}}},"statementMap":{"1":{"start":{"line":3,"column":0},"end":{"line":2212,"column":4}},"2":{"start":{"line":8,"column":2},"end":{"line":20,"column":86}},"3":{"start":{"line":22,"column":2},"end":{"line":24,"column":3}},"4":{"start":{"line":23,"column":4},"end":{"line":23,"column":22}},"5":{"start":{"line":28,"column":2},"end":{"line":46,"column":3}},"6":{"start":{"line":30,"column":4},"end":{"line":30,"column":33}},"7":{"start":{"line":33,"column":4},"end":{"line":33,"column":66}},"8":{"start":{"line":33,"column":38},"end":{"line":33,"column":66}},"9":{"start":{"line":37,"column":7},"end":{"line":46,"column":3}},"10":{"start":{"line":39,"column":4},"end":{"line":41,"column":30}},"11":{"start":{"line":39,"column":23},"end":{"line":39,"column":51}},"12":{"start":{"line":41,"column":9},"end":{"line":41,"column":30}},"13":{"start":{"line":45,"column":4},"end":{"line":45,"column":31}},"14":{"start":{"line":50,"column":2},"end":{"line":50,"column":28}},"15":{"start":{"line":52,"column":2},"end":{"line":52,"column":29}},"16":{"start":{"line":56,"column":2},"end":{"line":79,"column":4}},"17":{"start":{"line":84,"column":2},"end":{"line":86,"column":44}},"18":{"start":{"line":88,"column":2},"end":{"line":92,"column":4}},"19":{"start":{"line":97,"column":2},"end":{"line":109,"column":4}},"20":{"start":{"line":116,"column":2},"end":{"line":370,"column":4}},"21":{"start":{"line":118,"column":6},"end":{"line":121,"column":8}},"22":{"start":{"line":125,"column":6},"end":{"line":127,"column":8}},"23":{"start":{"line":131,"column":6},"end":{"line":134,"column":8}},"24":{"start":{"line":138,"column":6},"end":{"line":141,"column":8}},"25":{"start":{"line":145,"column":6},"end":{"line":148,"column":8}},"26":{"start":{"line":151,"column":6},"end":{"line":155,"column":8}},"27":{"start":{"line":158,"column":6},"end":{"line":162,"column":8}},"28":{"start":{"line":165,"column":6},"end":{"line":168,"column":8}},"29":{"start":{"line":172,"column":6},"end":{"line":176,"column":8}},"30":{"start":{"line":180,"column":6},"end":{"line":183,"column":8}},"31":{"start":{"line":187,"column":6},"end":{"line":191,"column":8}},"32":{"start":{"line":195,"column":6},"end":{"line":199,"column":8}},"33":{"start":{"line":203,"column":6},"end":{"line":207,"column":8}},"34":{"start":{"line":211,"column":6},"end":{"line":214,"column":8}},"35":{"start":{"line":218,"column":6},"end":{"line":224,"column":8}},"36":{"start":{"line":228,"column":6},"end":{"line":235,"column":8}},"37":{"start":{"line":239,"column":6},"end":{"line":244,"column":8}},"38":{"start":{"line":248,"column":6},"end":{"line":251,"column":8}},"39":{"start":{"line":255,"column":6},"end":{"line":258,"column":8}},"40":{"start":{"line":262,"column":6},"end":{"line":266,"column":26}},"41":{"start":{"line":268,"column":6},"end":{"line":272,"column":8}},"42":{"start":{"line":276,"column":6},"end":{"line":280,"column":8}},"43":{"start":{"line":283,"column":6},"end":{"line":287,"column":8}},"44":{"start":{"line":290,"column":6},"end":{"line":293,"column":8}},"45":{"start":{"line":298,"column":6},"end":{"line":301,"column":8}},"46":{"start":{"line":304,"column":6},"end":{"line":306,"column":27}},"47":{"start":{"line":308,"column":6},"end":{"line":313,"column":8}},"48":{"start":{"line":316,"column":6},"end":{"line":320,"column":8}},"49":{"start":{"line":323,"column":6},"end":{"line":328,"column":8}},"50":{"start":{"line":332,"column":6},"end":{"line":336,"column":8}},"51":{"start":{"line":340,"column":6},"end":{"line":344,"column":8}},"52":{"start":{"line":348,"column":6},"end":{"line":352,"column":8}},"53":{"start":{"line":356,"column":6},"end":{"line":360,"column":8}},"54":{"start":{"line":364,"column":6},"end":{"line":368,"column":8}},"55":{"start":{"line":374,"column":2},"end":{"line":384,"column":3}},"56":{"start":{"line":376,"column":4},"end":{"line":381,"column":5}},"57":{"start":{"line":377,"column":6},"end":{"line":377,"column":37}},"58":{"start":{"line":378,"column":6},"end":{"line":378,"column":26}},"59":{"start":{"line":379,"column":6},"end":{"line":379,"column":53}},"60":{"start":{"line":379,"column":29},"end":{"line":379,"column":53}},"61":{"start":{"line":380,"column":6},"end":{"line":380,"column":54}},"62":{"start":{"line":380,"column":26},"end":{"line":380,"column":54}},"63":{"start":{"line":382,"column":4},"end":{"line":382,"column":57}},"64":{"start":{"line":382,"column":30},"end":{"line":382,"column":57}},"65":{"start":{"line":383,"column":4},"end":{"line":383,"column":16}},"66":{"start":{"line":390,"column":2},"end":{"line":397,"column":6}},"67":{"start":{"line":393,"column":6},"end":{"line":395,"column":7}},"68":{"start":{"line":394,"column":8},"end":{"line":394,"column":43}},"69":{"start":{"line":394,"column":34},"end":{"line":394,"column":43}},"70":{"start":{"line":396,"column":6},"end":{"line":396,"column":16}},"71":{"start":{"line":402,"column":2},"end":{"line":407,"column":3}},"72":{"start":{"line":403,"column":4},"end":{"line":405,"column":5}},"73":{"start":{"line":404,"column":6},"end":{"line":404,"column":51}},"74":{"start":{"line":404,"column":42},"end":{"line":404,"column":51}},"75":{"start":{"line":406,"column":4},"end":{"line":406,"column":14}},"76":{"start":{"line":417,"column":2},"end":{"line":423,"column":3}},"77":{"start":{"line":418,"column":4},"end":{"line":418,"column":40}},"78":{"start":{"line":419,"column":4},"end":{"line":421,"column":7}},"79":{"start":{"line":420,"column":6},"end":{"line":420,"column":40}},"80":{"start":{"line":422,"column":4},"end":{"line":422,"column":18}},"81":{"start":{"line":432,"column":2},"end":{"line":444,"column":3}},"82":{"start":{"line":433,"column":4},"end":{"line":435,"column":18}},"83":{"start":{"line":437,"column":4},"end":{"line":442,"column":5}},"84":{"start":{"line":438,"column":6},"end":{"line":438,"column":20}},"85":{"start":{"line":439,"column":6},"end":{"line":441,"column":7}},"86":{"start":{"line":439,"column":24},"end":{"line":441,"column":7}},"87":{"start":{"line":440,"column":8},"end":{"line":440,"column":31}},"88":{"start":{"line":443,"column":4},"end":{"line":443,"column":16}},"89":{"start":{"line":461,"column":2},"end":{"line":479,"column":3}},"90":{"start":{"line":462,"column":4},"end":{"line":463,"column":19}},"91":{"start":{"line":465,"column":4},"end":{"line":477,"column":5}},"92":{"start":{"line":466,"column":6},"end":{"line":466,"column":45}},"93":{"start":{"line":467,"column":6},"end":{"line":467,"column":79}},"94":{"start":{"line":468,"column":6},"end":{"line":468,"column":30}},"95":{"start":{"line":469,"column":6},"end":{"line":469,"column":35}},"96":{"start":{"line":470,"column":6},"end":{"line":470,"column":25}},"97":{"start":{"line":472,"column":6},"end":{"line":472,"column":34}},"98":{"start":{"line":473,"column":6},"end":{"line":473,"column":73}},"99":{"start":{"line":474,"column":6},"end":{"line":474,"column":26}},"100":{"start":{"line":475,"column":6},"end":{"line":475,"column":24}},"101":{"start":{"line":476,"column":6},"end":{"line":476,"column":25}},"102":{"start":{"line":478,"column":4},"end":{"line":478,"column":16}},"103":{"start":{"line":488,"column":2},"end":{"line":490,"column":3}},"104":{"start":{"line":489,"column":4},"end":{"line":489,"column":58}},"105":{"start":{"line":505,"column":2},"end":{"line":522,"column":3}},"106":{"start":{"line":506,"column":4},"end":{"line":506,"column":60}},"107":{"start":{"line":506,"column":37},"end":{"line":506,"column":60}},"108":{"start":{"line":507,"column":4},"end":{"line":520,"column":5}},"109":{"start":{"line":508,"column":6},"end":{"line":508,"column":15}},"110":{"start":{"line":509,"column":6},"end":{"line":518,"column":7}},"111":{"start":{"line":510,"column":30},"end":{"line":510,"column":46}},"112":{"start":{"line":510,"column":52},"end":{"line":510,"column":58}},"113":{"start":{"line":511,"column":30},"end":{"line":511,"column":47}},"114":{"start":{"line":511,"column":52},"end":{"line":511,"column":58}},"115":{"start":{"line":512,"column":30},"end":{"line":512,"column":50}},"116":{"start":{"line":512,"column":52},"end":{"line":512,"column":58}},"117":{"start":{"line":513,"column":30},"end":{"line":513,"column":46}},"118":{"start":{"line":513,"column":52},"end":{"line":513,"column":58}},"119":{"start":{"line":514,"column":30},"end":{"line":514,"column":46}},"120":{"start":{"line":514,"column":52},"end":{"line":514,"column":58}},"121":{"start":{"line":515,"column":30},"end":{"line":515,"column":47}},"122":{"start":{"line":515,"column":52},"end":{"line":515,"column":58}},"123":{"start":{"line":517,"column":10},"end":{"line":517,"column":72}},"124":{"start":{"line":519,"column":6},"end":{"line":519,"column":70}},"125":{"start":{"line":521,"column":4},"end":{"line":521,"column":66}},"126":{"start":{"line":543,"column":2},"end":{"line":550,"column":16}},"127":{"start":{"line":552,"column":2},"end":{"line":552,"column":20}},"128":{"start":{"line":554,"column":2},"end":{"line":644,"column":3}},"129":{"start":{"line":555,"column":4},"end":{"line":555,"column":21}},"130":{"start":{"line":558,"column":4},"end":{"line":562,"column":5}},"131":{"start":{"line":560,"column":6},"end":{"line":560,"column":20}},"132":{"start":{"line":561,"column":6},"end":{"line":561,"column":23}},"133":{"start":{"line":563,"column":4},"end":{"line":569,"column":6}},"134":{"start":{"line":563,"column":25},"end":{"line":569,"column":6}},"135":{"start":{"line":571,"column":4},"end":{"line":572,"column":43}},"136":{"start":{"line":575,"column":4},"end":{"line":575,"column":23}},"137":{"start":{"line":576,"column":4},"end":{"line":576,"column":70}},"138":{"start":{"line":576,"column":37},"end":{"line":576,"column":70}},"139":{"start":{"line":578,"column":4},"end":{"line":641,"column":5}},"140":{"start":{"line":580,"column":8},"end":{"line":580,"column":35}},"141":{"start":{"line":584,"column":8},"end":{"line":584,"column":36}},"142":{"start":{"line":588,"column":8},"end":{"line":588,"column":58}},"143":{"start":{"line":588,"column":30},"end":{"line":588,"column":58}},"144":{"start":{"line":589,"column":8},"end":{"line":592,"column":9}},"145":{"start":{"line":590,"column":10},"end":{"line":590,"column":77}},"146":{"start":{"line":590,"column":50},"end":{"line":590,"column":77}},"147":{"start":{"line":591,"column":10},"end":{"line":591,"column":38}},"148":{"start":{"line":593,"column":8},"end":{"line":593,"column":35}},"149":{"start":{"line":596,"column":8},"end":{"line":596,"column":53}},"150":{"start":{"line":596,"column":25},"end":{"line":596,"column":53}},"151":{"start":{"line":597,"column":8},"end":{"line":597,"column":35}},"152":{"start":{"line":600,"column":8},"end":{"line":600,"column":53}},"153":{"start":{"line":600,"column":25},"end":{"line":600,"column":53}},"154":{"start":{"line":601,"column":8},"end":{"line":601,"column":53}},"155":{"start":{"line":601,"column":25},"end":{"line":601,"column":53}},"156":{"start":{"line":602,"column":8},"end":{"line":602,"column":35}},"157":{"start":{"line":605,"column":8},"end":{"line":606,"column":55}},"158":{"start":{"line":606,"column":10},"end":{"line":606,"column":55}},"159":{"start":{"line":606,"column":27},"end":{"line":606,"column":55}},"160":{"start":{"line":607,"column":8},"end":{"line":607,"column":53}},"161":{"start":{"line":607,"column":25},"end":{"line":607,"column":53}},"162":{"start":{"line":608,"column":8},"end":{"line":608,"column":35}},"163":{"start":{"line":611,"column":8},"end":{"line":611,"column":53}},"164":{"start":{"line":611,"column":25},"end":{"line":611,"column":53}},"165":{"start":{"line":612,"column":8},"end":{"line":613,"column":16}},"166":{"start":{"line":613,"column":10},"end":{"line":613,"column":16}},"167":{"start":{"line":614,"column":8},"end":{"line":614,"column":35}},"168":{"start":{"line":617,"column":8},"end":{"line":618,"column":55}},"169":{"start":{"line":618,"column":10},"end":{"line":618,"column":55}},"170":{"start":{"line":618,"column":27},"end":{"line":618,"column":55}},"171":{"start":{"line":619,"column":8},"end":{"line":619,"column":35}},"172":{"start":{"line":623,"column":8},"end":{"line":623,"column":71}},"173":{"start":{"line":623,"column":40},"end":{"line":623,"column":71}},"174":{"start":{"line":624,"column":8},"end":{"line":624,"column":35}},"175":{"start":{"line":628,"column":8},"end":{"line":629,"column":55}},"176":{"start":{"line":629,"column":10},"end":{"line":629,"column":55}},"177":{"start":{"line":629,"column":27},"end":{"line":629,"column":55}},"178":{"start":{"line":630,"column":8},"end":{"line":630,"column":35}},"179":{"start":{"line":633,"column":8},"end":{"line":634,"column":16}},"180":{"start":{"line":634,"column":10},"end":{"line":634,"column":16}},"181":{"start":{"line":640,"column":8},"end":{"line":640,"column":51}},"182":{"start":{"line":643,"column":4},"end":{"line":643,"column":43}},"183":{"start":{"line":650,"column":2},"end":{"line":664,"column":3}},"184":{"start":{"line":651,"column":4},"end":{"line":652,"column":51}},"185":{"start":{"line":654,"column":4},"end":{"line":662,"column":5}},"186":{"start":{"line":656,"column":6},"end":{"line":656,"column":58}},"187":{"start":{"line":656,"column":50},"end":{"line":656,"column":58}},"188":{"start":{"line":657,"column":6},"end":{"line":657,"column":58}},"189":{"start":{"line":657,"column":50},"end":{"line":657,"column":58}},"190":{"start":{"line":658,"column":6},"end":{"line":658,"column":13}},"191":{"start":{"line":659,"column":6},"end":{"line":659,"column":26}},"192":{"start":{"line":661,"column":6},"end":{"line":661,"column":18}},"193":{"start":{"line":663,"column":4},"end":{"line":663,"column":17}},"194":{"start":{"line":666,"column":2},"end":{"line":675,"column":3}},"195":{"start":{"line":667,"column":4},"end":{"line":674,"column":5}},"196":{"start":{"line":668,"column":6},"end":{"line":668,"column":45}},"197":{"start":{"line":669,"column":6},"end":{"line":673,"column":7}},"198":{"start":{"line":670,"column":8},"end":{"line":670,"column":16}},"199":{"start":{"line":671,"column":13},"end":{"line":673,"column":7}},"200":{"start":{"line":672,"column":8},"end":{"line":672,"column":14}},"201":{"start":{"line":681,"column":2},"end":{"line":709,"column":3}},"202":{"start":{"line":682,"column":4},"end":{"line":682,"column":20}},"203":{"start":{"line":686,"column":4},"end":{"line":686,"column":56}},"204":{"start":{"line":687,"column":4},"end":{"line":687,"column":43}},"205":{"start":{"line":690,"column":4},"end":{"line":700,"column":5}},"206":{"start":{"line":691,"column":6},"end":{"line":691,"column":21}},"207":{"start":{"line":692,"column":11},"end":{"line":700,"column":5}},"208":{"start":{"line":693,"column":6},"end":{"line":693,"column":28}},"209":{"start":{"line":694,"column":6},"end":{"line":694,"column":33}},"210":{"start":{"line":695,"column":11},"end":{"line":700,"column":5}},"211":{"start":{"line":696,"column":6},"end":{"line":696,"column":24}},"212":{"start":{"line":697,"column":6},"end":{"line":697,"column":19}},"213":{"start":{"line":699,"column":6},"end":{"line":699,"column":24}},"214":{"start":{"line":702,"column":4},"end":{"line":708,"column":6}},"215":{"start":{"line":714,"column":2},"end":{"line":723,"column":3}},"216":{"start":{"line":715,"column":4},"end":{"line":715,"column":26}},"217":{"start":{"line":716,"column":4},"end":{"line":722,"column":6}},"218":{"start":{"line":727,"column":2},"end":{"line":736,"column":3}},"219":{"start":{"line":728,"column":4},"end":{"line":728,"column":15}},"220":{"start":{"line":729,"column":4},"end":{"line":735,"column":6}},"221":{"start":{"line":740,"column":2},"end":{"line":769,"column":3}},"222":{"start":{"line":741,"column":4},"end":{"line":744,"column":17}},"223":{"start":{"line":746,"column":4},"end":{"line":759,"column":5}},"224":{"start":{"line":747,"column":6},"end":{"line":747,"column":43}},"225":{"start":{"line":748,"column":6},"end":{"line":748,"column":40}},"226":{"start":{"line":748,"column":34},"end":{"line":748,"column":40}},"227":{"start":{"line":749,"column":6},"end":{"line":758,"column":7}},"228":{"start":{"line":750,"column":8},"end":{"line":750,"column":77}},"229":{"start":{"line":751,"column":8},"end":{"line":751,"column":28}},"230":{"start":{"line":755,"column":11},"end":{"line":758,"column":7}},"231":{"start":{"line":756,"column":8},"end":{"line":756,"column":54}},"232":{"start":{"line":757,"column":8},"end":{"line":757,"column":83}},"233":{"start":{"line":760,"column":4},"end":{"line":760,"column":50}},"234":{"start":{"line":762,"column":4},"end":{"line":768,"column":6}},"235":{"start":{"line":775,"column":2},"end":{"line":787,"column":3}},"236":{"start":{"line":776,"column":4},"end":{"line":776,"column":34}},"237":{"start":{"line":778,"column":4},"end":{"line":778,"column":74}},"238":{"start":{"line":778,"column":26},"end":{"line":778,"column":74}},"239":{"start":{"line":780,"column":4},"end":{"line":786,"column":6}},"240":{"start":{"line":795,"column":2},"end":{"line":809,"column":3}},"241":{"start":{"line":796,"column":4},"end":{"line":797,"column":39}},"242":{"start":{"line":799,"column":4},"end":{"line":800,"column":42}},"243":{"start":{"line":802,"column":4},"end":{"line":808,"column":6}},"244":{"start":{"line":821,"column":2},"end":{"line":872,"column":3}},"245":{"start":{"line":822,"column":4},"end":{"line":825,"column":56}},"246":{"start":{"line":827,"column":4},"end":{"line":827,"column":28}},"247":{"start":{"line":830,"column":4},"end":{"line":831,"column":72}},"248":{"start":{"line":831,"column":6},"end":{"line":831,"column":72}},"249":{"start":{"line":833,"column":4},"end":{"line":833,"column":56}},"250":{"start":{"line":833,"column":48},"end":{"line":833,"column":56}},"251":{"start":{"line":835,"column":4},"end":{"line":835,"column":57}},"252":{"start":{"line":838,"column":4},"end":{"line":848,"column":5}},"253":{"start":{"line":839,"column":6},"end":{"line":839,"column":30}},"254":{"start":{"line":841,"column":6},"end":{"line":841,"column":58}},"255":{"start":{"line":841,"column":50},"end":{"line":841,"column":58}},"256":{"start":{"line":842,"column":6},"end":{"line":842,"column":51}},"257":{"start":{"line":846,"column":6},"end":{"line":847,"column":71}},"258":{"start":{"line":851,"column":4},"end":{"line":869,"column":5}},"259":{"start":{"line":852,"column":6},"end":{"line":852,"column":14}},"260":{"start":{"line":855,"column":6},"end":{"line":856,"column":62}},"261":{"start":{"line":856,"column":8},"end":{"line":856,"column":62}},"262":{"start":{"line":858,"column":6},"end":{"line":858,"column":28}},"263":{"start":{"line":861,"column":6},"end":{"line":862,"column":74}},"264":{"start":{"line":862,"column":8},"end":{"line":862,"column":74}},"265":{"start":{"line":864,"column":6},"end":{"line":864,"column":58}},"266":{"start":{"line":864,"column":50},"end":{"line":864,"column":58}},"267":{"start":{"line":865,"column":6},"end":{"line":865,"column":57}},"268":{"start":{"line":868,"column":6},"end":{"line":868,"column":64}},"269":{"start":{"line":871,"column":4},"end":{"line":871,"column":47}},"270":{"start":{"line":878,"column":2},"end":{"line":899,"column":3}},"271":{"start":{"line":879,"column":4},"end":{"line":879,"column":56}},"272":{"start":{"line":879,"column":48},"end":{"line":879,"column":56}},"273":{"start":{"line":881,"column":4},"end":{"line":885,"column":5}},"274":{"start":{"line":882,"column":6},"end":{"line":882,"column":14}},"275":{"start":{"line":884,"column":6},"end":{"line":884,"column":58}},"276":{"start":{"line":884,"column":50},"end":{"line":884,"column":58}},"277":{"start":{"line":887,"column":4},"end":{"line":896,"column":5}},"278":{"start":{"line":888,"column":6},"end":{"line":888,"column":14}},"279":{"start":{"line":890,"column":6},"end":{"line":890,"column":66}},"280":{"start":{"line":890,"column":58},"end":{"line":890,"column":66}},"281":{"start":{"line":892,"column":6},"end":{"line":893,"column":74}},"282":{"start":{"line":893,"column":8},"end":{"line":893,"column":74}},"283":{"start":{"line":895,"column":6},"end":{"line":895,"column":58}},"284":{"start":{"line":895,"column":50},"end":{"line":895,"column":58}},"285":{"start":{"line":898,"column":4},"end":{"line":898,"column":54}},"286":{"start":{"line":901,"column":2},"end":{"line":960,"column":3}},"287":{"start":{"line":902,"column":4},"end":{"line":902,"column":32}},"288":{"start":{"line":904,"column":4},"end":{"line":905,"column":85}},"289":{"start":{"line":905,"column":6},"end":{"line":905,"column":85}},"290":{"start":{"line":906,"column":4},"end":{"line":907,"column":91}},"291":{"start":{"line":907,"column":6},"end":{"line":907,"column":91}},"292":{"start":{"line":909,"column":4},"end":{"line":909,"column":53}},"293":{"start":{"line":909,"column":45},"end":{"line":909,"column":53}},"294":{"start":{"line":910,"column":4},"end":{"line":910,"column":25}},"295":{"start":{"line":912,"column":4},"end":{"line":916,"column":5}},"296":{"start":{"line":913,"column":6},"end":{"line":913,"column":14}},"297":{"start":{"line":914,"column":6},"end":{"line":915,"column":86}},"298":{"start":{"line":915,"column":8},"end":{"line":915,"column":86}},"299":{"start":{"line":918,"column":4},"end":{"line":918,"column":34}},"300":{"start":{"line":919,"column":4},"end":{"line":924,"column":5}},"301":{"start":{"line":920,"column":6},"end":{"line":923,"column":93}},"302":{"start":{"line":921,"column":8},"end":{"line":921,"column":89}},"303":{"start":{"line":923,"column":8},"end":{"line":923,"column":93}},"304":{"start":{"line":926,"column":4},"end":{"line":926,"column":67}},"305":{"start":{"line":937,"column":4},"end":{"line":959,"column":5}},"306":{"start":{"line":938,"column":6},"end":{"line":938,"column":44}},"307":{"start":{"line":939,"column":11},"end":{"line":959,"column":5}},"308":{"start":{"line":940,"column":6},"end":{"line":943,"column":8}},"309":{"start":{"line":944,"column":11},"end":{"line":959,"column":5}},"310":{"start":{"line":945,"column":6},"end":{"line":949,"column":8}},"311":{"start":{"line":950,"column":11},"end":{"line":959,"column":5}},"312":{"start":{"line":951,"column":6},"end":{"line":956,"column":8}},"313":{"start":{"line":958,"column":6},"end":{"line":958,"column":84}},"314":{"start":{"line":963,"column":2},"end":{"line":1020,"column":3}},"315":{"start":{"line":964,"column":4},"end":{"line":964,"column":30}},"316":{"start":{"line":965,"column":4},"end":{"line":1019,"column":5}},"317":{"start":{"line":967,"column":16},"end":{"line":967,"column":24}},"318":{"start":{"line":967,"column":25},"end":{"line":967,"column":39}},"319":{"start":{"line":968,"column":16},"end":{"line":968,"column":24}},"320":{"start":{"line":968,"column":25},"end":{"line":968,"column":37}},"321":{"start":{"line":969,"column":16},"end":{"line":969,"column":24}},"322":{"start":{"line":969,"column":25},"end":{"line":969,"column":37}},"323":{"start":{"line":970,"column":16},"end":{"line":970,"column":24}},"324":{"start":{"line":970,"column":25},"end":{"line":970,"column":37}},"325":{"start":{"line":971,"column":16},"end":{"line":971,"column":24}},"326":{"start":{"line":971,"column":25},"end":{"line":971,"column":39}},"327":{"start":{"line":972,"column":16},"end":{"line":972,"column":24}},"328":{"start":{"line":972,"column":25},"end":{"line":972,"column":37}},"329":{"start":{"line":973,"column":16},"end":{"line":973,"column":24}},"330":{"start":{"line":973,"column":25},"end":{"line":973,"column":37}},"331":{"start":{"line":978,"column":8},"end":{"line":978,"column":89}},"332":{"start":{"line":978,"column":81},"end":{"line":978,"column":89}},"333":{"start":{"line":980,"column":8},"end":{"line":980,"column":66}},"334":{"start":{"line":981,"column":8},"end":{"line":983,"column":9}},"335":{"start":{"line":982,"column":10},"end":{"line":982,"column":62}},"336":{"start":{"line":984,"column":8},"end":{"line":984,"column":40}},"337":{"start":{"line":987,"column":8},"end":{"line":991,"column":9}},"338":{"start":{"line":988,"column":10},"end":{"line":988,"column":18}},"339":{"start":{"line":989,"column":10},"end":{"line":989,"column":27}},"340":{"start":{"line":990,"column":10},"end":{"line":990,"column":20}},"341":{"start":{"line":995,"column":8},"end":{"line":1003,"column":9}},"342":{"start":{"line":997,"column":10},"end":{"line":1001,"column":11}},"343":{"start":{"line":999,"column":12},"end":{"line":999,"column":23}},"344":{"start":{"line":1000,"column":12},"end":{"line":1000,"column":92}},"345":{"start":{"line":1002,"column":10},"end":{"line":1002,"column":99}},"346":{"start":{"line":1007,"column":8},"end":{"line":1009,"column":9}},"347":{"start":{"line":1008,"column":10},"end":{"line":1008,"column":45}},"348":{"start":{"line":1013,"column":8},"end":{"line":1014,"column":88}},"349":{"start":{"line":1014,"column":10},"end":{"line":1014,"column":88}},"350":{"start":{"line":1018,"column":8},"end":{"line":1018,"column":37}},"351":{"start":{"line":1028,"column":2},"end":{"line":1071,"column":3}},"352":{"start":{"line":1029,"column":4},"end":{"line":1029,"column":23}},"353":{"start":{"line":1030,"column":4},"end":{"line":1030,"column":15}},"354":{"start":{"line":1032,"column":4},"end":{"line":1037,"column":27}},"355":{"start":{"line":1039,"column":4},"end":{"line":1044,"column":5}},"356":{"start":{"line":1040,"column":6},"end":{"line":1040,"column":33}},"357":{"start":{"line":1042,"column":6},"end":{"line":1043,"column":25}},"358":{"start":{"line":1042,"column":29},"end":{"line":1042,"column":49}},"359":{"start":{"line":1043,"column":11},"end":{"line":1043,"column":25}},"360":{"start":{"line":1046,"column":4},"end":{"line":1052,"column":5}},"361":{"start":{"line":1047,"column":6},"end":{"line":1050,"column":7}},"362":{"start":{"line":1048,"column":8},"end":{"line":1048,"column":61}},"363":{"start":{"line":1048,"column":55},"end":{"line":1048,"column":61}},"364":{"start":{"line":1049,"column":8},"end":{"line":1049,"column":16}},"365":{"start":{"line":1051,"column":6},"end":{"line":1051,"column":71}},"366":{"start":{"line":1051,"column":28},"end":{"line":1051,"column":71}},"367":{"start":{"line":1054,"column":4},"end":{"line":1070,"column":5}},"368":{"start":{"line":1055,"column":6},"end":{"line":1055,"column":70}},"369":{"start":{"line":1059,"column":6},"end":{"line":1064,"column":7}},"370":{"start":{"line":1060,"column":8},"end":{"line":1063,"column":10}},"371":{"start":{"line":1065,"column":6},"end":{"line":1067,"column":7}},"372":{"start":{"line":1066,"column":8},"end":{"line":1066,"column":41}},"373":{"start":{"line":1068,"column":6},"end":{"line":1068,"column":59}},"374":{"start":{"line":1068,"column":32},"end":{"line":1068,"column":59}},"375":{"start":{"line":1069,"column":6},"end":{"line":1069,"column":26}},"376":{"start":{"line":1076,"column":2},"end":{"line":1119,"column":3}},"377":{"start":{"line":1077,"column":4},"end":{"line":1080,"column":31}},"378":{"start":{"line":1082,"column":4},"end":{"line":1082,"column":12}},"379":{"start":{"line":1085,"column":4},"end":{"line":1085,"column":56}},"380":{"start":{"line":1085,"column":48},"end":{"line":1085,"column":56}},"381":{"start":{"line":1087,"column":4},"end":{"line":1087,"column":58}},"382":{"start":{"line":1087,"column":45},"end":{"line":1087,"column":58}},"383":{"start":{"line":1089,"column":4},"end":{"line":1089,"column":23}},"384":{"start":{"line":1092,"column":4},"end":{"line":1092,"column":64}},"385":{"start":{"line":1092,"column":51},"end":{"line":1092,"column":64}},"386":{"start":{"line":1094,"column":4},"end":{"line":1094,"column":24}},"387":{"start":{"line":1095,"column":4},"end":{"line":1114,"column":5}},"388":{"start":{"line":1098,"column":6},"end":{"line":1098,"column":66}},"389":{"start":{"line":1098,"column":53},"end":{"line":1098,"column":66}},"390":{"start":{"line":1100,"column":6},"end":{"line":1100,"column":40}},"391":{"start":{"line":1104,"column":6},"end":{"line":1110,"column":7}},"392":{"start":{"line":1105,"column":8},"end":{"line":1105,"column":26}},"393":{"start":{"line":1106,"column":8},"end":{"line":1108,"column":9}},"394":{"start":{"line":1107,"column":10},"end":{"line":1107,"column":66}},"395":{"start":{"line":1107,"column":47},"end":{"line":1107,"column":66}},"396":{"start":{"line":1109,"column":8},"end":{"line":1109,"column":68}},"397":{"start":{"line":1109,"column":49},"end":{"line":1109,"column":68}},"398":{"start":{"line":1113,"column":6},"end":{"line":1113,"column":28}},"399":{"start":{"line":1113,"column":22},"end":{"line":1113,"column":28}},"400":{"start":{"line":1115,"column":4},"end":{"line":1115,"column":51}},"401":{"start":{"line":1116,"column":4},"end":{"line":1116,"column":23}},"402":{"start":{"line":1118,"column":4},"end":{"line":1118,"column":19}},"403":{"start":{"line":1128,"column":2},"end":{"line":1132,"column":3}},"404":{"start":{"line":1129,"column":4},"end":{"line":1129,"column":26}},"405":{"start":{"line":1130,"column":4},"end":{"line":1130,"column":22}},"406":{"start":{"line":1131,"column":4},"end":{"line":1131,"column":22}},"407":{"start":{"line":1137,"column":2},"end":{"line":1143,"column":3}},"408":{"start":{"line":1138,"column":4},"end":{"line":1141,"column":5}},"409":{"start":{"line":1139,"column":6},"end":{"line":1139,"column":13}},"410":{"start":{"line":1140,"column":6},"end":{"line":1140,"column":18}},"411":{"start":{"line":1142,"column":4},"end":{"line":1142,"column":17}},"412":{"start":{"line":1147,"column":2},"end":{"line":1150,"column":3}},"413":{"start":{"line":1148,"column":4},"end":{"line":1149,"column":59}},"414":{"start":{"line":1148,"column":31},"end":{"line":1148,"column":38}},"415":{"start":{"line":1149,"column":9},"end":{"line":1149,"column":59}},"416":{"start":{"line":1154,"column":2},"end":{"line":1156,"column":3}},"417":{"start":{"line":1155,"column":4},"end":{"line":1155,"column":85}},"418":{"start":{"line":1158,"column":2},"end":{"line":1160,"column":3}},"419":{"start":{"line":1159,"column":4},"end":{"line":1159,"column":46}},"420":{"start":{"line":1162,"column":2},"end":{"line":1164,"column":3}},"421":{"start":{"line":1163,"column":4},"end":{"line":1163,"column":44}},"422":{"start":{"line":1166,"column":2},"end":{"line":1168,"column":3}},"423":{"start":{"line":1167,"column":4},"end":{"line":1167,"column":123}},"424":{"start":{"line":1173,"column":2},"end":{"line":1175,"column":3}},"425":{"start":{"line":1174,"column":4},"end":{"line":1174,"column":104}},"426":{"start":{"line":1177,"column":2},"end":{"line":1179,"column":3}},"427":{"start":{"line":1178,"column":4},"end":{"line":1178,"column":142}},"428":{"start":{"line":1185,"column":2},"end":{"line":1205,"column":3}},"429":{"start":{"line":1186,"column":4},"end":{"line":1203,"column":5}},"430":{"start":{"line":1188,"column":8},"end":{"line":1188,"column":72}},"431":{"start":{"line":1190,"column":8},"end":{"line":1190,"column":76}},"432":{"start":{"line":1192,"column":8},"end":{"line":1193,"column":22}},"433":{"start":{"line":1193,"column":10},"end":{"line":1193,"column":22}},"434":{"start":{"line":1194,"column":8},"end":{"line":1195,"column":33}},"435":{"start":{"line":1195,"column":10},"end":{"line":1195,"column":33}},"436":{"start":{"line":1196,"column":8},"end":{"line":1196,"column":21}},"437":{"start":{"line":1198,"column":8},"end":{"line":1198,"column":84}},"438":{"start":{"line":1200,"column":8},"end":{"line":1200,"column":69}},"439":{"start":{"line":1202,"column":8},"end":{"line":1202,"column":33}},"440":{"start":{"line":1204,"column":4},"end":{"line":1204,"column":17}},"441":{"start":{"line":1207,"column":2},"end":{"line":1211,"column":3}},"442":{"start":{"line":1208,"column":4},"end":{"line":1208,"column":74}},"443":{"start":{"line":1208,"column":35},"end":{"line":1208,"column":74}},"444":{"start":{"line":1209,"column":4},"end":{"line":1209,"column":61}},"445":{"start":{"line":1209,"column":32},"end":{"line":1209,"column":61}},"446":{"start":{"line":1210,"column":4},"end":{"line":1210,"column":17}},"447":{"start":{"line":1214,"column":2},"end":{"line":1222,"column":3}},"448":{"start":{"line":1215,"column":4},"end":{"line":1220,"column":5}},"449":{"start":{"line":1219,"column":8},"end":{"line":1219,"column":20}},"450":{"start":{"line":1221,"column":4},"end":{"line":1221,"column":17}},"451":{"start":{"line":1226,"column":2},"end":{"line":1236,"column":3}},"452":{"start":{"line":1227,"column":4},"end":{"line":1227,"column":40}},"453":{"start":{"line":1227,"column":28},"end":{"line":1227,"column":40}},"454":{"start":{"line":1228,"column":4},"end":{"line":1228,"column":45}},"455":{"start":{"line":1228,"column":32},"end":{"line":1228,"column":45}},"456":{"start":{"line":1229,"column":4},"end":{"line":1235,"column":5}},"457":{"start":{"line":1232,"column":8},"end":{"line":1232,"column":20}},"458":{"start":{"line":1234,"column":8},"end":{"line":1234,"column":21}},"459":{"start":{"line":1243,"column":2},"end":{"line":1247,"column":14}},"460":{"start":{"line":1250,"column":2},"end":{"line":1254,"column":3}},"461":{"start":{"line":1251,"column":4},"end":{"line":1251,"column":56}},"462":{"start":{"line":1252,"column":4},"end":{"line":1252,"column":23}},"463":{"start":{"line":1253,"column":4},"end":{"line":1253,"column":55}},"464":{"start":{"line":1253,"column":31},"end":{"line":1253,"column":55}},"465":{"start":{"line":1257,"column":2},"end":{"line":1261,"column":3}},"466":{"start":{"line":1258,"column":4},"end":{"line":1258,"column":29}},"467":{"start":{"line":1259,"column":4},"end":{"line":1259,"column":17}},"468":{"start":{"line":1260,"column":4},"end":{"line":1260,"column":57}},"469":{"start":{"line":1260,"column":32},"end":{"line":1260,"column":57}},"470":{"start":{"line":1264,"column":2},"end":{"line":1267,"column":3}},"471":{"start":{"line":1265,"column":4},"end":{"line":1265,"column":57}},"472":{"start":{"line":1265,"column":50},"end":{"line":1265,"column":57}},"473":{"start":{"line":1266,"column":4},"end":{"line":1266,"column":34}},"474":{"start":{"line":1270,"column":2},"end":{"line":1273,"column":3}},"475":{"start":{"line":1271,"column":4},"end":{"line":1271,"column":35}},"476":{"start":{"line":1272,"column":4},"end":{"line":1272,"column":28}},"477":{"start":{"line":1277,"column":2},"end":{"line":1282,"column":3}},"478":{"start":{"line":1278,"column":4},"end":{"line":1279,"column":25}},"479":{"start":{"line":1279,"column":6},"end":{"line":1279,"column":25}},"480":{"start":{"line":1281,"column":4},"end":{"line":1281,"column":27}},"481":{"start":{"line":1285,"column":2},"end":{"line":1287,"column":3}},"482":{"start":{"line":1286,"column":4},"end":{"line":1286,"column":54}},"483":{"start":{"line":1296,"column":2},"end":{"line":1297,"column":21}},"484":{"start":{"line":1299,"column":2},"end":{"line":1301,"column":3}},"485":{"start":{"line":1300,"column":4},"end":{"line":1300,"column":29}},"486":{"start":{"line":1303,"column":2},"end":{"line":1317,"column":3}},"487":{"start":{"line":1304,"column":4},"end":{"line":1315,"column":5}},"488":{"start":{"line":1305,"column":6},"end":{"line":1314,"column":8}},"489":{"start":{"line":1316,"column":4},"end":{"line":1316,"column":57}},"490":{"start":{"line":1316,"column":24},"end":{"line":1316,"column":57}},"491":{"start":{"line":1321,"column":2},"end":{"line":1329,"column":4}},"492":{"start":{"line":1322,"column":4},"end":{"line":1325,"column":5}},"493":{"start":{"line":1323,"column":6},"end":{"line":1323,"column":45}},"494":{"start":{"line":1324,"column":6},"end":{"line":1324,"column":77}},"495":{"start":{"line":1326,"column":4},"end":{"line":1328,"column":5}},"496":{"start":{"line":1327,"column":6},"end":{"line":1327,"column":45}},"497":{"start":{"line":1332,"column":2},"end":{"line":1334,"column":3}},"498":{"start":{"line":1333,"column":4},"end":{"line":1333,"column":63}},"499":{"start":{"line":1333,"column":24},"end":{"line":1333,"column":63}},"500":{"start":{"line":1337,"column":2},"end":{"line":1339,"column":3}},"501":{"start":{"line":1338,"column":4},"end":{"line":1338,"column":47}},"502":{"start":{"line":1338,"column":24},"end":{"line":1338,"column":47}},"503":{"start":{"line":1348,"column":2},"end":{"line":1358,"column":3}},"504":{"start":{"line":1349,"column":4},"end":{"line":1349,"column":11}},"505":{"start":{"line":1350,"column":4},"end":{"line":1350,"column":19}},"506":{"start":{"line":1351,"column":4},"end":{"line":1351,"column":37}},"507":{"start":{"line":1351,"column":23},"end":{"line":1351,"column":37}},"508":{"start":{"line":1352,"column":4},"end":{"line":1352,"column":28}},"509":{"start":{"line":1353,"column":4},"end":{"line":1353,"column":38}},"510":{"start":{"line":1353,"column":23},"end":{"line":1353,"column":38}},"511":{"start":{"line":1354,"column":4},"end":{"line":1354,"column":46}},"512":{"start":{"line":1354,"column":28},"end":{"line":1354,"column":46}},"513":{"start":{"line":1356,"column":4},"end":{"line":1356,"column":62}},"514":{"start":{"line":1356,"column":40},"end":{"line":1356,"column":62}},"515":{"start":{"line":1357,"column":4},"end":{"line":1357,"column":39}},"516":{"start":{"line":1365,"column":2},"end":{"line":1383,"column":3}},"517":{"start":{"line":1366,"column":4},"end":{"line":1367,"column":18}},"518":{"start":{"line":1369,"column":4},"end":{"line":1379,"column":5}},"519":{"start":{"line":1371,"column":6},"end":{"line":1374,"column":7}},"520":{"start":{"line":1372,"column":8},"end":{"line":1372,"column":37}},"521":{"start":{"line":1373,"column":8},"end":{"line":1373,"column":14}},"522":{"start":{"line":1375,"column":6},"end":{"line":1375,"column":35}},"523":{"start":{"line":1378,"column":6},"end":{"line":1378,"column":43}},"524":{"start":{"line":1378,"column":21},"end":{"line":1378,"column":43}},"525":{"start":{"line":1382,"column":4},"end":{"line":1382,"column":17}},"526":{"start":{"line":1391,"column":2},"end":{"line":1421,"column":3}},"527":{"start":{"line":1392,"column":4},"end":{"line":1392,"column":19}},"528":{"start":{"line":1393,"column":4},"end":{"line":1408,"column":5}},"529":{"start":{"line":1394,"column":6},"end":{"line":1407,"column":7}},"530":{"start":{"line":1395,"column":25},"end":{"line":1395,"column":32}},"531":{"start":{"line":1395,"column":33},"end":{"line":1395,"column":62}},"532":{"start":{"line":1396,"column":25},"end":{"line":1396,"column":32}},"533":{"start":{"line":1396,"column":33},"end":{"line":1396,"column":59}},"534":{"start":{"line":1397,"column":25},"end":{"line":1397,"column":32}},"535":{"start":{"line":1397,"column":33},"end":{"line":1397,"column":63}},"536":{"start":{"line":1398,"column":25},"end":{"line":1398,"column":32}},"537":{"start":{"line":1399,"column":10},"end":{"line":1399,"column":41}},"538":{"start":{"line":1400,"column":10},"end":{"line":1400,"column":48}},"539":{"start":{"line":1401,"column":25},"end":{"line":1401,"column":32}},"540":{"start":{"line":1401,"column":33},"end":{"line":1401,"column":62}},"541":{"start":{"line":1402,"column":25},"end":{"line":1402,"column":32}},"542":{"start":{"line":1402,"column":33},"end":{"line":1402,"column":60}},"543":{"start":{"line":1403,"column":25},"end":{"line":1403,"column":32}},"544":{"start":{"line":1403,"column":33},"end":{"line":1403,"column":63}},"545":{"start":{"line":1404,"column":25},"end":{"line":1404,"column":32}},"546":{"start":{"line":1404,"column":33},"end":{"line":1404,"column":62}},"547":{"start":{"line":1405,"column":25},"end":{"line":1405,"column":32}},"548":{"start":{"line":1405,"column":33},"end":{"line":1405,"column":59}},"549":{"start":{"line":1406,"column":25},"end":{"line":1406,"column":32}},"550":{"start":{"line":1406,"column":33},"end":{"line":1406,"column":61}},"551":{"start":{"line":1410,"column":4},"end":{"line":1412,"column":5}},"552":{"start":{"line":1411,"column":6},"end":{"line":1411,"column":54}},"553":{"start":{"line":1411,"column":25},"end":{"line":1411,"column":54}},"554":{"start":{"line":1415,"column":4},"end":{"line":1415,"column":40}},"555":{"start":{"line":1415,"column":24},"end":{"line":1415,"column":40}},"556":{"start":{"line":1418,"column":4},"end":{"line":1418,"column":29}},"557":{"start":{"line":1418,"column":22},"end":{"line":1418,"column":29}},"558":{"start":{"line":1420,"column":4},"end":{"line":1420,"column":44}},"559":{"start":{"line":1427,"column":2},"end":{"line":1438,"column":3}},"560":{"start":{"line":1428,"column":4},"end":{"line":1429,"column":34}},"561":{"start":{"line":1431,"column":4},"end":{"line":1434,"column":5}},"562":{"start":{"line":1432,"column":6},"end":{"line":1432,"column":46}},"563":{"start":{"line":1433,"column":6},"end":{"line":1433,"column":31}},"564":{"start":{"line":1436,"column":4},"end":{"line":1436,"column":17}},"565":{"start":{"line":1437,"column":4},"end":{"line":1437,"column":49}},"566":{"start":{"line":1442,"column":2},"end":{"line":1444,"column":3}},"567":{"start":{"line":1443,"column":4},"end":{"line":1443,"column":44}},"568":{"start":{"line":1448,"column":2},"end":{"line":1453,"column":3}},"569":{"start":{"line":1449,"column":4},"end":{"line":1450,"column":34}},"570":{"start":{"line":1452,"column":4},"end":{"line":1452,"column":48}},"571":{"start":{"line":1457,"column":2},"end":{"line":1463,"column":3}},"572":{"start":{"line":1458,"column":4},"end":{"line":1458,"column":37}},"573":{"start":{"line":1458,"column":23},"end":{"line":1458,"column":37}},"574":{"start":{"line":1459,"column":4},"end":{"line":1459,"column":28}},"575":{"start":{"line":1460,"column":4},"end":{"line":1460,"column":38}},"576":{"start":{"line":1460,"column":23},"end":{"line":1460,"column":38}},"577":{"start":{"line":1461,"column":4},"end":{"line":1461,"column":18}},"578":{"start":{"line":1462,"column":4},"end":{"line":1462,"column":45}},"579":{"start":{"line":1467,"column":2},"end":{"line":1475,"column":3}},"580":{"start":{"line":1468,"column":4},"end":{"line":1468,"column":46}},"581":{"start":{"line":1469,"column":4},"end":{"line":1469,"column":17}},"582":{"start":{"line":1470,"column":4},"end":{"line":1470,"column":37}},"583":{"start":{"line":1470,"column":23},"end":{"line":1470,"column":37}},"584":{"start":{"line":1471,"column":4},"end":{"line":1471,"column":28}},"585":{"start":{"line":1472,"column":4},"end":{"line":1472,"column":38}},"586":{"start":{"line":1472,"column":23},"end":{"line":1472,"column":38}},"587":{"start":{"line":1473,"column":4},"end":{"line":1473,"column":18}},"588":{"start":{"line":1474,"column":4},"end":{"line":1474,"column":59}},"589":{"start":{"line":1479,"column":2},"end":{"line":1486,"column":3}},"590":{"start":{"line":1480,"column":4},"end":{"line":1480,"column":37}},"591":{"start":{"line":1480,"column":23},"end":{"line":1480,"column":37}},"592":{"start":{"line":1481,"column":4},"end":{"line":1481,"column":28}},"593":{"start":{"line":1482,"column":4},"end":{"line":1482,"column":20}},"594":{"start":{"line":1483,"column":4},"end":{"line":1483,"column":46}},"595":{"start":{"line":1484,"column":4},"end":{"line":1484,"column":38}},"596":{"start":{"line":1484,"column":23},"end":{"line":1484,"column":38}},"597":{"start":{"line":1485,"column":4},"end":{"line":1485,"column":60}},"598":{"start":{"line":1490,"column":2},"end":{"line":1503,"column":3}},"599":{"start":{"line":1491,"column":4},"end":{"line":1491,"column":25}},"600":{"start":{"line":1493,"column":4},"end":{"line":1501,"column":5}},"601":{"start":{"line":1494,"column":6},"end":{"line":1494,"column":41}},"602":{"start":{"line":1495,"column":6},"end":{"line":1495,"column":59}},"603":{"start":{"line":1495,"column":30},"end":{"line":1495,"column":59}},"604":{"start":{"line":1496,"column":6},"end":{"line":1499,"column":7}},"605":{"start":{"line":1497,"column":8},"end":{"line":1497,"column":47}},"606":{"start":{"line":1498,"column":8},"end":{"line":1498,"column":37}},"607":{"start":{"line":1500,"column":6},"end":{"line":1500,"column":19}},"608":{"start":{"line":1502,"column":4},"end":{"line":1502,"column":56}},"609":{"start":{"line":1508,"column":2},"end":{"line":1553,"column":3}},"610":{"start":{"line":1509,"column":4},"end":{"line":1512,"column":15}},"611":{"start":{"line":1516,"column":4},"end":{"line":1519,"column":5}},"612":{"start":{"line":1517,"column":6},"end":{"line":1517,"column":47}},"613":{"start":{"line":1518,"column":6},"end":{"line":1518,"column":29}},"614":{"start":{"line":1520,"column":4},"end":{"line":1520,"column":42}},"615":{"start":{"line":1521,"column":4},"end":{"line":1521,"column":19}},"616":{"start":{"line":1522,"column":4},"end":{"line":1522,"column":37}},"617":{"start":{"line":1522,"column":23},"end":{"line":1522,"column":37}},"618":{"start":{"line":1523,"column":4},"end":{"line":1523,"column":24}},"619":{"start":{"line":1524,"column":4},"end":{"line":1524,"column":38}},"620":{"start":{"line":1524,"column":23},"end":{"line":1524,"column":38}},"621":{"start":{"line":1525,"column":4},"end":{"line":1525,"column":60}},"622":{"start":{"line":1527,"column":4},"end":{"line":1527,"column":56}},"623":{"start":{"line":1527,"column":24},"end":{"line":1527,"column":56}},"624":{"start":{"line":1528,"column":4},"end":{"line":1537,"column":5}},"625":{"start":{"line":1529,"column":6},"end":{"line":1529,"column":27}},"626":{"start":{"line":1530,"column":6},"end":{"line":1530,"column":44}},"627":{"start":{"line":1531,"column":6},"end":{"line":1531,"column":21}},"628":{"start":{"line":1532,"column":6},"end":{"line":1532,"column":39}},"629":{"start":{"line":1532,"column":25},"end":{"line":1532,"column":39}},"630":{"start":{"line":1533,"column":6},"end":{"line":1533,"column":26}},"631":{"start":{"line":1534,"column":6},"end":{"line":1534,"column":40}},"632":{"start":{"line":1534,"column":25},"end":{"line":1534,"column":40}},"633":{"start":{"line":1535,"column":6},"end":{"line":1535,"column":66}},"634":{"start":{"line":1536,"column":6},"end":{"line":1536,"column":58}},"635":{"start":{"line":1536,"column":26},"end":{"line":1536,"column":58}},"636":{"start":{"line":1539,"column":4},"end":{"line":1549,"column":5}},"637":{"start":{"line":1541,"column":6},"end":{"line":1544,"column":7}},"638":{"start":{"line":1542,"column":8},"end":{"line":1542,"column":43}},"639":{"start":{"line":1543,"column":8},"end":{"line":1543,"column":31}},"640":{"start":{"line":1545,"column":6},"end":{"line":1545,"column":39}},"641":{"start":{"line":1545,"column":25},"end":{"line":1545,"column":39}},"642":{"start":{"line":1546,"column":6},"end":{"line":1546,"column":26}},"643":{"start":{"line":1547,"column":6},"end":{"line":1547,"column":40}},"644":{"start":{"line":1547,"column":25},"end":{"line":1547,"column":40}},"645":{"start":{"line":1548,"column":6},"end":{"line":1548,"column":53}},"646":{"start":{"line":1551,"column":4},"end":{"line":1551,"column":18}},"647":{"start":{"line":1552,"column":4},"end":{"line":1552,"column":48}},"648":{"start":{"line":1562,"column":2},"end":{"line":1617,"column":3}},"649":{"start":{"line":1563,"column":4},"end":{"line":1564,"column":13}},"650":{"start":{"line":1568,"column":4},"end":{"line":1571,"column":5}},"651":{"start":{"line":1569,"column":6},"end":{"line":1569,"column":20}},"652":{"start":{"line":1570,"column":6},"end":{"line":1570,"column":32}},"653":{"start":{"line":1575,"column":4},"end":{"line":1616,"column":5}},"654":{"start":{"line":1577,"column":6},"end":{"line":1577,"column":44}},"655":{"start":{"line":1578,"column":6},"end":{"line":1578,"column":18}},"656":{"start":{"line":1580,"column":6},"end":{"line":1580,"column":42}},"657":{"start":{"line":1582,"column":6},"end":{"line":1582,"column":65}},"658":{"start":{"line":1584,"column":6},"end":{"line":1584,"column":19}},"659":{"start":{"line":1585,"column":6},"end":{"line":1585,"column":26}},"660":{"start":{"line":1586,"column":6},"end":{"line":1586,"column":20}},"661":{"start":{"line":1587,"column":6},"end":{"line":1587,"column":40}},"662":{"start":{"line":1587,"column":25},"end":{"line":1587,"column":40}},"663":{"start":{"line":1589,"column":6},"end":{"line":1589,"column":83}},"664":{"start":{"line":1594,"column":6},"end":{"line":1594,"column":33}},"665":{"start":{"line":1595,"column":6},"end":{"line":1600,"column":7}},"666":{"start":{"line":1596,"column":8},"end":{"line":1596,"column":37}},"667":{"start":{"line":1598,"column":8},"end":{"line":1598,"column":53}},"668":{"start":{"line":1598,"column":27},"end":{"line":1598,"column":53}},"669":{"start":{"line":1599,"column":8},"end":{"line":1599,"column":33}},"670":{"start":{"line":1601,"column":6},"end":{"line":1601,"column":19}},"671":{"start":{"line":1602,"column":6},"end":{"line":1602,"column":25}},"672":{"start":{"line":1605,"column":6},"end":{"line":1608,"column":29}},"673":{"start":{"line":1606,"column":8},"end":{"line":1606,"column":51}},"674":{"start":{"line":1607,"column":8},"end":{"line":1607,"column":35}},"675":{"start":{"line":1610,"column":6},"end":{"line":1610,"column":19}},"676":{"start":{"line":1611,"column":6},"end":{"line":1611,"column":26}},"677":{"start":{"line":1612,"column":6},"end":{"line":1612,"column":20}},"678":{"start":{"line":1613,"column":6},"end":{"line":1613,"column":40}},"679":{"start":{"line":1613,"column":25},"end":{"line":1613,"column":40}},"680":{"start":{"line":1615,"column":6},"end":{"line":1615,"column":77}},"681":{"start":{"line":1629,"column":2},"end":{"line":1673,"column":3}},"682":{"start":{"line":1630,"column":4},"end":{"line":1630,"column":13}},"683":{"start":{"line":1632,"column":4},"end":{"line":1659,"column":5}},"684":{"start":{"line":1633,"column":6},"end":{"line":1634,"column":20}},"685":{"start":{"line":1636,"column":6},"end":{"line":1640,"column":29}},"686":{"start":{"line":1637,"column":8},"end":{"line":1637,"column":33}},"687":{"start":{"line":1639,"column":8},"end":{"line":1639,"column":29}},"688":{"start":{"line":1642,"column":6},"end":{"line":1647,"column":7}},"689":{"start":{"line":1643,"column":8},"end":{"line":1646,"column":31}},"690":{"start":{"line":1644,"column":10},"end":{"line":1644,"column":53}},"691":{"start":{"line":1645,"column":10},"end":{"line":1645,"column":32}},"692":{"start":{"line":1652,"column":6},"end":{"line":1656,"column":7}},"693":{"start":{"line":1653,"column":8},"end":{"line":1655,"column":9}},"694":{"start":{"line":1654,"column":10},"end":{"line":1654,"column":40}},"695":{"start":{"line":1658,"column":6},"end":{"line":1658,"column":61}},"696":{"start":{"line":1660,"column":4},"end":{"line":1672,"column":5}},"697":{"start":{"line":1661,"column":6},"end":{"line":1661,"column":31}},"698":{"start":{"line":1663,"column":6},"end":{"line":1666,"column":7}},"699":{"start":{"line":1664,"column":8},"end":{"line":1664,"column":30}},"700":{"start":{"line":1665,"column":8},"end":{"line":1665,"column":22}},"701":{"start":{"line":1669,"column":6},"end":{"line":1669,"column":50}},"702":{"start":{"line":1671,"column":6},"end":{"line":1671,"column":44}},"703":{"start":{"line":1675,"column":2},"end":{"line":1680,"column":3}},"704":{"start":{"line":1677,"column":4},"end":{"line":1679,"column":5}},"705":{"start":{"line":1678,"column":6},"end":{"line":1678,"column":51}},"706":{"start":{"line":1690,"column":2},"end":{"line":1729,"column":3}},"707":{"start":{"line":1693,"column":4},"end":{"line":1694,"column":27}},"708":{"start":{"line":1696,"column":4},"end":{"line":1696,"column":56}},"709":{"start":{"line":1696,"column":24},"end":{"line":1696,"column":56}},"710":{"start":{"line":1697,"column":4},"end":{"line":1697,"column":41}},"711":{"start":{"line":1699,"column":4},"end":{"line":1699,"column":53}},"712":{"start":{"line":1699,"column":28},"end":{"line":1699,"column":53}},"713":{"start":{"line":1700,"column":4},"end":{"line":1720,"column":5}},"714":{"start":{"line":1701,"column":6},"end":{"line":1703,"column":14}},"715":{"start":{"line":1705,"column":6},"end":{"line":1705,"column":30}},"716":{"start":{"line":1706,"column":6},"end":{"line":1711,"column":7}},"717":{"start":{"line":1707,"column":8},"end":{"line":1707,"column":38}},"718":{"start":{"line":1708,"column":8},"end":{"line":1708,"column":69}},"719":{"start":{"line":1708,"column":25},"end":{"line":1708,"column":69}},"720":{"start":{"line":1709,"column":8},"end":{"line":1709,"column":25}},"721":{"start":{"line":1710,"column":8},"end":{"line":1710,"column":28}},"722":{"start":{"line":1712,"column":6},"end":{"line":1712,"column":18}},"723":{"start":{"line":1713,"column":6},"end":{"line":1716,"column":29}},"724":{"start":{"line":1714,"column":8},"end":{"line":1714,"column":40}},"725":{"start":{"line":1715,"column":8},"end":{"line":1715,"column":23}},"726":{"start":{"line":1718,"column":6},"end":{"line":1718,"column":27}},"727":{"start":{"line":1719,"column":6},"end":{"line":1719,"column":66}},"728":{"start":{"line":1721,"column":4},"end":{"line":1724,"column":5}},"729":{"start":{"line":1722,"column":6},"end":{"line":1722,"column":27}},"730":{"start":{"line":1723,"column":6},"end":{"line":1723,"column":55}},"731":{"start":{"line":1728,"column":4},"end":{"line":1728,"column":32}},"732":{"start":{"line":1737,"column":2},"end":{"line":1743,"column":3}},"733":{"start":{"line":1738,"column":4},"end":{"line":1738,"column":19}},"734":{"start":{"line":1739,"column":4},"end":{"line":1739,"column":33}},"735":{"start":{"line":1740,"column":4},"end":{"line":1740,"
[...]
":{"line":1495,"column":6}},{"start":{"line":1495,"column":6},"end":{"line":1495,"column":6}}]},"185":{"line":1516,"type":"if","locations":[{"start":{"line":1516,"column":4},"end":{"line":1516,"column":4}},{"start":{"line":1516,"column":4},"end":{"line":1516,"column":4}}]},"186":{"line":1522,"type":"if","locations":[{"start":{"line":1522,"column":4},"end":{"line":1522,"column":4}},{"start":{"line":1522,"column":4},"end":{"line":1522,"column":4}}]},"187":{"line":1524,"type":"if","locations":[{"start":{"line":1524,"column":4},"end":{"line":1524,"column":4}},{"start":{"line":1524,"column":4},"end":{"line":1524,"column":4}}]},"188":{"line":1527,"type":"if","locations":[{"start":{"line":1527,"column":4},"end":{"line":1527,"column":4}},{"start":{"line":1527,"column":4},"end":{"line":1527,"column":4}}]},"189":{"line":1532,"type":"if","locations":[{"start":{"line":1532,"column":6},"end":{"line":1532,"column":6}},{"start":{"line":1532,"column":6},"end":{"line":1532,"column":6}}]},"190":{"line":1534,"type":"if","locations":[{"start":{"line":1534,"column":6},"end":{"line":1534,"column":6}},{"start":{"line":1534,"column":6},"end":{"line":1534,"column":6}}]},"191":{"line":1536,"type":"if","locations":[{"start":{"line":1536,"column":6},"end":{"line":1536,"column":6}},{"start":{"line":1536,"column":6},"end":{"line":1536,"column":6}}]},"192":{"line":1539,"type":"if","locations":[{"start":{"line":1539,"column":4},"end":{"line":1539,"column":4}},{"start":{"line":1539,"column":4},"end":{"line":1539,"column":4}}]},"193":{"line":1541,"type":"if","locations":[{"start":{"line":1541,"column":6},"end":{"line":1541,"column":6}},{"start":{"line":1541,"column":6},"end":{"line":1541,"column":6}}]},"194":{"line":1545,"type":"if","locations":[{"start":{"line":1545,"column":6},"end":{"line":1545,"column":6}},{"start":{"line":1545,"column":6},"end":{"line":1545,"column":6}}]},"195":{"line":1547,"type":"if","locations":[{"start":{"line":1547,"column":6},"end":{"line":1547,"column":6}},{"start":{"line":1547,"column":6},"end":{"line":1547,"column":6}}]},"196":{"line":1568,"type":"if","locations":[{"start":{"line":1568,"column":4},"end":{"line":1568,"column":4}},{"start":{"line":1568,"column":4},"end":{"line":1568,"column":4}}]},"197":{"line":1575,"type":"if","locations":[{"start":{"line":1575,"column":4},"end":{"line":1575,"column":4}},{"start":{"line":1575,"column":4},"end":{"line":1575,"column":4}}]},"198":{"line":1582,"type":"cond-expr","locations":[{"start":{"line":1582,"column":32},"end":{"line":1582,"column":57}},{"start":{"line":1582,"column":60},"end":{"line":1582,"column":64}}]},"199":{"line":1587,"type":"if","locations":[{"start":{"line":1587,"column":6},"end":{"line":1587,"column":6}},{"start":{"line":1587,"column":6},"end":{"line":1587,"column":6}}]},"200":{"line":1598,"type":"if","locations":[{"start":{"line":1598,"column":8},"end":{"line":1598,"column":8}},{"start":{"line":1598,"column":8},"end":{"line":1598,"column":8}}]},"201":{"line":1613,"type":"if","locations":[{"start":{"line":1613,"column":6},"end":{"line":1613,"column":6}},{"start":{"line":1613,"column":6},"end":{"line":1613,"column":6}}]},"202":{"line":1632,"type":"if","locations":[{"start":{"line":1632,"column":4},"end":{"line":1632,"column":4}},{"start":{"line":1632,"column":4},"end":{"line":1632,"column":4}}]},"203":{"line":1642,"type":"if","locations":[{"start":{"line":1642,"column":6},"end":{"line":1642,"column":6}},{"start":{"line":1642,"column":6},"end":{"line":1642,"column":6}}]},"204":{"line":1652,"type":"if","locations":[{"start":{"line":1652,"column":6},"end":{"line":1652,"column":6}},{"start":{"line":1652,"column":6},"end":{"line":1652,"column":6}}]},"205":{"line":1660,"type":"if","locations":[{"start":{"line":1660,"column":4},"end":{"line":1660,"column":4}},{"start":{"line":1660,"column":4},"end":{"line":1660,"column":4}}]},"206":{"line":1663,"type":"if","locations":[{"start":{"line":1663,"column":6},"end":{"line":1663,"column":6}},{"start":{"line":1663,"column":6},"end":{"line":1663,"column":6}}]},"207":{"line":1677,"type":"if","locations":[{"start":{"line":1677,"column":4},"end":{"line":1677,"column":4}},{"start":{"line":1677,"column":4},"end":{"line":1677,"column":4}}]},"208":{"line":1677,"type":"binary-expr","locations":[{"start":{"line":1677,"column":8},"end":{"line":1677,"column":21}},{"start":{"line":1677,"column":26},"end":{"line":1677,"column":105}}]},"209":{"line":1696,"type":"if","locations":[{"start":{"line":1696,"column":4},"end":{"line":1696,"column":4}},{"start":{"line":1696,"column":4},"end":{"line":1696,"column":4}}]},"210":{"line":1699,"type":"if","locations":[{"start":{"line":1699,"column":4},"end":{"line":1699,"column":4}},{"start":{"line":1699,"column":4},"end":{"line":1699,"column":4}}]},"211":{"line":1700,"type":"if","locations":[{"start":{"line":1700,"column":4},"end":{"line":1700,"column":4}},{"start":{"line":1700,"column":4},"end":{"line":1700,"column":4}}]},"212":{"line":1708,"type":"if","locations":[{"start":{"line":1708,"column":8},"end":{"line":1708,"column":8}},{"start":{"line":1708,"column":8},"end":{"line":1708,"column":8}}]},"213":{"line":1721,"type":"if","locations":[{"start":{"line":1721,"column":4},"end":{"line":1721,"column":4}},{"start":{"line":1721,"column":4},"end":{"line":1721,"column":4}}]},"214":{"line":1740,"type":"if","locations":[{"start":{"line":1740,"column":4},"end":{"line":1740,"column":4}},{"start":{"line":1740,"column":4},"end":{"line":1740,"column":4}}]},"215":{"line":1760,"type":"if","locations":[{"start":{"line":1760,"column":4},"end":{"line":1760,"column":4}},{"start":{"line":1760,"column":4},"end":{"line":1760,"column":4}}]},"216":{"line":1764,"type":"if","locations":[{"start":{"line":1764,"column":8},"end":{"line":1764,"column":8}},{"start":{"line":1764,"column":8},"end":{"line":1764,"column":8}}]},"217":{"line":1767,"type":"if","locations":[{"start":{"line":1767,"column":10},"end":{"line":1767,"column":10}},{"start":{"line":1767,"column":10},"end":{"line":1767,"column":10}}]},"218":{"line":1771,"type":"if","locations":[{"start":{"line":1771,"column":10},"end":{"line":1771,"column":10}},{"start":{"line":1771,"column":10},"end":{"line":1771,"column":10}}]},"219":{"line":1772,"type":"if","locations":[{"start":{"line":1772,"column":15},"end":{"line":1772,"column":15}},{"start":{"line":1772,"column":15},"end":{"line":1772,"column":15}}]},"220":{"line":1775,"type":"if","locations":[{"start":{"line":1775,"column":13},"end":{"line":1775,"column":13}},{"start":{"line":1775,"column":13},"end":{"line":1775,"column":13}}]},"221":{"line":1787,"type":"if","locations":[{"start":{"line":1787,"column":4},"end":{"line":1787,"column":4}},{"start":{"line":1787,"column":4},"end":{"line":1787,"column":4}}]},"222":{"line":1789,"type":"binary-expr","locations":[{"start":{"line":1789,"column":14},"end":{"line":1789,"column":21}},{"start":{"line":1789,"column":25},"end":{"line":1789,"column":30}}]},"223":{"line":1800,"type":"if","locations":[{"start":{"line":1800,"column":4},"end":{"line":1800,"column":4}},{"start":{"line":1800,"column":4},"end":{"line":1800,"column":4}}]},"224":{"line":1803,"type":"if","locations":[{"start":{"line":1803,"column":4},"end":{"line":1803,"column":4}},{"start":{"line":1803,"column":4},"end":{"line":1803,"column":4}}]},"225":{"line":1814,"type":"if","locations":[{"start":{"line":1814,"column":4},"end":{"line":1814,"column":4}},{"start":{"line":1814,"column":4},"end":{"line":1814,"column":4}}]},"226":{"line":1818,"type":"if","locations":[{"start":{"line":1818,"column":6},"end":{"line":1818,"column":6}},{"start":{"line":1818,"column":6},"end":{"line":1818,"column":6}}]},"227":{"line":1836,"type":"if","locations":[{"start":{"line":1836,"column":6},"end":{"line":1836,"column":6}},{"start":{"line":1836,"column":6},"end":{"line":1836,"column":6}}]},"228":{"line":1836,"type":"binary-expr","locations":[{"start":{"line":1836,"column":10},"end":{"line":1836,"column":35}},{"start":{"line":1836,"column":39},"end":{"line":1836,"column":51}}]},"229":{"line":1842,"type":"if","locations":[{"start":{"line":1842,"column":13},"end":{"line":1842,"column":13}},{"start":{"line":1842,"column":13},"end":{"line":1842,"column":13}}]},"230":{"line":1843,"type":"if","locations":[{"start":{"line":1843,"column":8},"end":{"line":1843,"column":8}},{"start":{"line":1843,"column":8},"end":{"line":1843,"column":8}}]},"231":{"line":1853,"type":"if","locations":[{"start":{"line":1853,"column":8},"end":{"line":1853,"column":8}},{"start":{"line":1853,"column":8},"end":{"line":1853,"column":8}}]},"232":{"line":1859,"type":"if","locations":[{"start":{"line":1859,"column":6},"end":{"line":1859,"column":6}},{"start":{"line":1859,"column":6},"end":{"line":1859,"column":6}}]},"233":{"line":1893,"type":"if","locations":[{"start":{"line":1893,"column":4},"end":{"line":1893,"column":4}},{"start":{"line":1893,"column":4},"end":{"line":1893,"column":4}}]},"234":{"line":1910,"type":"if","locations":[{"start":{"line":1910,"column":4},"end":{"line":1910,"column":4}},{"start":{"line":1910,"column":4},"end":{"line":1910,"column":4}}]},"235":{"line":1911,"type":"switch","locations":[{"start":{"line":1912,"column":8},"end":{"line":1912,"column":27}},{"start":{"line":1913,"column":8},"end":{"line":1913,"column":16}},{"start":{"line":1913,"column":17},"end":{"line":1913,"column":25}},{"start":{"line":1913,"column":26},"end":{"line":1913,"column":45}},{"start":{"line":1914,"column":8},"end":{"line":1914,"column":16}},{"start":{"line":1914,"column":17},"end":{"line":1914,"column":35}},{"start":{"line":1915,"column":8},"end":{"line":1915,"column":26}},{"start":{"line":1916,"column":8},"end":{"line":1916,"column":27}},{"start":{"line":1917,"column":8},"end":{"line":1917,"column":27}},{"start":{"line":1918,"column":8},"end":{"line":1918,"column":16}},{"start":{"line":1918,"column":17},"end":{"line":1918,"column":35}}]},"236":{"line":1920,"type":"if","locations":[{"start":{"line":1920,"column":11},"end":{"line":1920,"column":11}},{"start":{"line":1920,"column":11},"end":{"line":1920,"column":11}}]},"237":{"line":1921,"type":"switch","locations":[{"start":{"line":1922,"column":8},"end":{"line":1922,"column":27}},{"start":{"line":1923,"column":8},"end":{"line":1923,"column":26}},{"start":{"line":1924,"column":8},"end":{"line":1924,"column":16}},{"start":{"line":1924,"column":17},"end":{"line":1926,"column":21}},{"start":{"line":1927,"column":8},"end":{"line":1927,"column":16}},{"start":{"line":1927,"column":17},"end":{"line":1927,"column":36}},{"start":{"line":1928,"column":8},"end":{"line":1928,"column":27}}]},"238":{"line":1925,"type":"if","locations":[{"start":{"line":1925,"column":12},"end":{"line":1925,"column":12}},{"start":{"line":1925,"column":12},"end":{"line":1925,"column":12}}]},"239":{"line":1925,"type":"binary-expr","locations":[{"start":{"line":1925,"column":15},"end":{"line":1925,"column":32}},{"start":{"line":1925,"column":36},"end":{"line":1925,"column":53}}]},"240":{"line":1930,"type":"if","locations":[{"start":{"line":1930,"column":11},"end":{"line":1930,"column":11}},{"start":{"line":1930,"column":11},"end":{"line":1930,"column":11}}]},"241":{"line":1930,"type":"binary-expr","locations":[{"start":{"line":1930,"column":15},"end":{"line":1930,"column":30}},{"start":{"line":1930,"column":34},"end":{"line":1930,"column":52}}]},"242":{"line":1948,"type":"if","locations":[{"start":{"line":1948,"column":4},"end":{"line":1948,"column":4}},{"start":{"line":1948,"column":4},"end":{"line":1948,"column":4}}]},"243":{"line":1951,"type":"if","locations":[{"start":{"line":1951,"column":4},"end":{"line":1951,"column":4}},{"start":{"line":1951,"column":4},"end":{"line":1951,"column":4}}]},"244":{"line":1955,"type":"if","locations":[{"start":{"line":1955,"column":6},"end":{"line":1955,"column":6}},{"start":{"line":1955,"column":6},"end":{"line":1955,"column":6}}]},"245":{"line":1958,"type":"if","locations":[{"start":{"line":1958,"column":4},"end":{"line":1958,"column":4}},{"start":{"line":1958,"column":4},"end":{"line":1958,"column":4}}]},"246":{"line":1963,"type":"if","locations":[{"start":{"line":1963,"column":6},"end":{"line":1963,"column":6}},{"start":{"line":1963,"column":6},"end":{"line":1963,"column":6}}]},"247":{"line":1968,"type":"if","locations":[{"start":{"line":1968,"column":4},"end":{"line":1968,"column":4}},{"start":{"line":1968,"column":4},"end":{"line":1968,"column":4}}]},"248":{"line":1974,"type":"cond-expr","locations":[{"start":{"line":1975,"column":8},"end":{"line":1975,"column":34}},{"start":{"line":1975,"column":37},"end":{"line":1975,"column":38}}]},"249":{"line":1974,"type":"binary-expr","locations":[{"start":{"line":1974,"column":20},"end":{"line":1974,"column":45}},{"start":{"line":1974,"column":49},"end":{"line":1974,"column":71}}]},"250":{"line":1977,"type":"if","locations":[{"start":{"line":1977,"column":6},"end":{"line":1977,"column":6}},{"start":{"line":1977,"column":6},"end":{"line":1977,"column":6}}]},"251":{"line":1977,"type":"binary-expr","locations":[{"start":{"line":1977,"column":10},"end":{"line":1977,"column":26}},{"start":{"line":1977,"column":30},"end":{"line":1977,"column":57}}]},"252":{"line":1979,"type":"if","locations":[{"start":{"line":1979,"column":6},"end":{"line":1979,"column":6}},{"start":{"line":1979,"column":6},"end":{"line":1979,"column":6}}]},"253":{"line":1979,"type":"binary-expr","locations":[{"start":{"line":1979,"column":10},"end":{"line":1979,"column":26}},{"start":{"line":1979,"column":30},"end":{"line":1979,"column":47}}]},"254":{"line":1982,"type":"if","locations":[{"start":{"line":1982,"column":6},"end":{"line":1982,"column":6}},{"start":{"line":1982,"column":6},"end":{"line":1982,"column":6}}]},"255":{"line":1984,"type":"if","locations":[{"start":{"line":1984,"column":6},"end":{"line":1984,"column":6}},{"start":{"line":1984,"column":6},"end":{"line":1984,"column":6}}]},"256":{"line":2000,"type":"if","locations":[{"start":{"line":2000,"column":4},"end":{"line":2000,"column":4}},{"start":{"line":2000,"column":4},"end":{"line":2000,"column":4}}]},"257":{"line":2003,"type":"if","locations":[{"start":{"line":2003,"column":4},"end":{"line":2003,"column":4}},{"start":{"line":2003,"column":4},"end":{"line":2003,"column":4}}]},"258":{"line":2007,"type":"if","locations":[{"start":{"line":2007,"column":6},"end":{"line":2007,"column":6}},{"start":{"line":2007,"column":6},"end":{"line":2007,"column":6}}]},"259":{"line":2008,"type":"if","locations":[{"start":{"line":2008,"column":11},"end":{"line":2008,"column":11}},{"start":{"line":2008,"column":11},"end":{"line":2008,"column":11}}]},"260":{"line":2019,"type":"if","locations":[{"start":{"line":2019,"column":6},"end":{"line":2019,"column":6}},{"start":{"line":2019,"column":6},"end":{"line":2019,"column":6}}]},"261":{"line":2020,"type":"switch","locations":[{"start":{"line":2021,"column":10},"end":{"line":2027,"column":18}},{"start":{"line":2028,"column":10},"end":{"line":2033,"column":18}},{"start":{"line":2034,"column":10},"end":{"line":2043,"column":18}},{"start":{"line":2044,"column":10},"end":{"line":2044,"column":19}},{"start":{"line":2044,"column":20},"end":{"line":2047,"column":18}},{"start":{"line":2048,"column":10},"end":{"line":2049,"column":24}}]},"262":{"line":2051,"type":"if","locations":[{"start":{"line":2051,"column":13},"end":{"line":2051,"column":13}},{"start":{"line":2051,"column":13},"end":{"line":2051,"column":13}}]},"263":{"line":2065,"type":"if","locations":[{"start":{"line":2065,"column":4},"end":{"line":2065,"column":4}},{"start":{"line":2065,"column":4},"end":{"line":2065,"column":4}}]},"264":{"line":2066,"type":"switch","locations":[{"start":{"line":2067,"column":8},"end":{"line":2080,"column":67}},{"start":{"line":2082,"column":8},"end":{"line":2086,"column":66}}]},"265":{"line":2073,"type":"if","locations":[{"start":{"line":2073,"column":10},"end":{"line":2073,"column":10}},{"start":{"line":2073,"column":10},"end":{"line":2073,"column":10}}]},"266":{"line":2088,"type":"if","locations":[{"start":{"line":2088,"column":11},"end":{"line":2088,"column":11}},{"start":{"line":2088,"column":11},"end":{"line":2088,"column":11}}]},"267":{"line":2104,"type":"if","locations":[{"start":{"line":2104,"column":4},"end":{"line":2104,"column":4}},{"start":{"line":2104,"column":4},"end":{"line":2104,"column":4}}]},"268":{"line":2106,"type":"if","locations":[{"start":{"line":2106,"column":4},"end":{"line":2106,"column":4}},{"start":{"line":2106,"column":4},"end":{"line":2106,"column":4}}]},"269":{"line":2111,"type":"if","locations":[{"start":{"line":2111,"column":11},"end":{"line":2111,"column":11}},{"start":{"line":2111,"column":11},"end":{"line":2111,"column":11}}]},"270":{"line":2111,"type":"binary-expr","locations":[{"start":{"line":2111,"column":15},"end":{"line":2111,"column":31}},{"start":{"line":2111,"column":35},"end":{"line":2111,"column":55}}]},"271":{"line":2114,"type":"if","locations":[{"start":{"line":2114,"column":6},"end":{"line":2114,"column":6}},{"start":{"line":2114,"column":6},"end":{"line":2114,"column":6}}]},"272":{"line":2116,"type":"if","locations":[{"start":{"line":2116,"column":11},"end":{"line":2116,"column":11}},{"start":{"line":2116,"column":11},"end":{"line":2116,"column":11}}]},"273":{"line":2148,"type":"if","locations":[{"start":{"line":2148,"column":4},"end":{"line":2148,"column":4}},{"start":{"line":2148,"column":4},"end":{"line":2148,"column":4}}]},"274":{"line":2148,"type":"binary-expr","locations":[{"start":{"line":2148,"column":8},"end":{"line":2148,"column":39}},{"start":{"line":2148,"column":43},"end":{"line":2148,"column":69}}]},"275":{"line":2152,"type":"if","locations":[{"start":{"line":2152,"column":4},"end":{"line":2152,"column":4}},{"start":{"line":2152,"column":4},"end":{"line":2152,"column":4}}]},"276":{"line":2154,"type":"binary-expr","locations":[{"start":{"line":2154,"column":12},"end":{"line":2154,"column":18}},{"start":{"line":2154,"column":22},"end":{"line":2154,"column":24}}]},"277":{"line":2168,"type":"if","locations":[{"start":{"line":2168,"column":4},"end":{"line":2168,"column":4}},{"start":{"line":2168,"column":4},"end":{"line":2168,"column":4}}]},"278":{"line":2168,"type":"binary-expr","locations":[{"start":{"line":2168,"column":11},"end":{"line":2168,"column":39}},{"start":{"line":2168,"column":45},"end":{"line":2168,"column":73}},{"start":{"line":2168,"column":79},"end":{"line":2168,"column":107}}]},"279":{"line":2172,"type":"if","locations":[{"start":{"line":2172,"column":4},"end":{"line":2172,"column":4}},{"start":{"line":2172,"column":4},"end":{"line":2172,"column":4}}]},"280":{"line":2173,"type":"if","locations":[{"start":{"line":2173,"column":4},"end":{"line":2173,"column":4}},{"start":{"line":2173,"column":4},"end":{"line":2173,"column":4}}]},"281":{"line":2190,"type":"if","locations":[{"start":{"line":2190,"column":4},"end":{"line":2190,"column":4}},{"start":{"line":2190,"column":4},"end":{"line":2190,"column":4}}]},"282":{"line":2193,"type":"if","locations":[{"start":{"line":2193,"column":4},"end":{"line":2193,"column":4}},{"start":{"line":2193,"column":4},"end":{"line":2193,"column":4}}]},"283":{"line":2193,"type":"binary-expr","locations":[{"start":{"line":2193,"column":8},"end":{"line":2193,"column":13}},{"start":{"line":2193,"column":17},"end":{"line":2193,"column":44}}]},"284":{"line":2198,"type":"binary-expr","locations":[{"start":{"line":2198,"column":21},"end":{"line":2198,"column":38}},{"start":{"line":2198,"column":42},"end":{"line":2198,"column":56}}]},"285":{"line":2203,"type":"if","locations":[{"start":{"line":2203,"column":4},"end":{"line":2203,"column":4}},{"start":{"line":2203,"column":4},"end":{"line":2203,"column":4}}]},"286":{"line":2204,"type":"if","locations":[{"start":{"line":2204,"column":4},"end":{"line":2204,"column":4}},{"start":{"line":2204,"column":4},"end":{"line":2204,"column":4}}]},"287":{"line":2206,"type":"if","locations":[{"start":{"line":2206,"column":4},"end":{"line":2206,"column":4}},{"start":{"line":2206,"column":4},"end":{"line":2206,"column":4}}]}}}}